<?xml version="1.0" encoding="UTF-8"?>
<!DOCTYPE coverage SYSTEM "http://cobertura.sourceforge.net/xml/coverage-04.dtd">
<coverage line-rate="0.99064171122995" branch-rate="0" lines-covered="741" lines-valid="748" branches-covered="0" branches-valid="0" complexity="425" version="0.4" timestamp="1790160293">
  <sources>
    <source>/app/src/sql</source>
  </sources>
  <packages>
    <package name="Mydb.php" line-rate="1" branch-rate="0" complexity="97">
      <classes>
        <class name="sql\Mydb" filename="Mydb.php" line-rate="1" branch-rate="0" complexity="97">
          <methods>
            <method name="__construct" signature="sql\MydbCredentialsInterface $credentials, Psr\Log\LoggerInterface $logger, ?sql\MydbOptionsInterface $options, ?sql\MydbMysqliInterface $mysqli, ?sql\MydbEnvironmentInterface $environment, ?sql\MydbQueryBuilderInterface $queryBuilder, ?sql\MydbListenerInterface $eventListener" line-rate="1" branch-rate="0" complexity="1">
              <lines>
                <line number="79" hits="101"/>
                <line number="80" hits="101"/>
                <line number="81" hits="101"/>
                <line number="82" hits="101"/>
                <line number="83" hits="101"/>
              </lines>
            </method>
            <method name="__destruct" signature="" line-rate="1" branch-rate="0" complexity="1">
              <lines>
                <line number="95" hits="101"/>
                <line number="96" hits="101"/>
              </lines>
            </method>
            <method name="open" signature="int $retry" line-rate="1" branch-rate="0" complexity="1">
              <lines>
                <line number="108" hits="34"/>
              </lines>
            </method>
            <method name="query" signature="string $query" line-rate="1" branch-rate="0" complexity="6">
              <lines>
                <line number="124" hits="48"/>
                <line number="125" hits="2"/>
                <line number="128" hits="46"/>
                <line number="132" hits="46"/>
                <line number="134" hits="43"/>
                <line number="135" hits="3"/>
                <line number="138" hits="40"/>
                <line number="139" hits="39"/>
                <line number="140" hits="39"/>
                <line number="141" hits="1"/>
                <line number="142" hits="1"/>
                <line number="143" hits="1"/>
                <line number="144" hits="1"/>
                <line number="147" hits="38"/>
                <line number="150" hits="1"/>
              </lines>
            </method>
            <method name="command" signature="string $query" line-rate="1" branch-rate="0" complexity="3">
              <lines>
                <line number="160" hits="19"/>
                <line number="161" hits="2"/>
                <line number="165" hits="17"/>
                <line number="167" hits="17"/>
                <line number="168" hits="4"/>
                <line number="171" hits="13"/>
                <line number="173" hits="13"/>
              </lines>
            </method>
            <method name="getEnumValues" signature="string $table, string $column" line-rate="1" branch-rate="0" complexity="6">
              <lines>
                <line number="184" hits="3"/>
                <line number="186" hits="3"/>
                <line number="187" hits="3"/>
                <line number="188" hits="2"/>
                <line number="189" hits="1"/>
                <line number="191" hits="3"/>
                <line number="192" hits="3"/>
                <line number="193" hits="3"/>
                <line number="194" hits="3"/>
                <line number="195" hits="2"/>
                <line number="197" hits="2"/>
                <line number="201" hits="3"/>
                <line number="202" hits="1"/>
                <line number="205" hits="2"/>
                <line number="216" hits="2"/>
                <line number="218" hits="2"/>
                <line number="219" hits="2"/>
                <line number="220" hits="2"/>
                <line number="221" hits="2"/>
                <line number="222" hits="2"/>
                <line number="223" hits="2"/>
              </lines>
            </method>
            <method name="escape" signature="float|int|string|\Stringable|null $unescaped, string $quote" line-rate="1" branch-rate="0" complexity="2">
              <lines>
                <line number="236" hits="5"/>
                <line number="237" hits="2"/>
                <line number="240" hits="3"/>
              </lines>
            </method>
            <method name="getPrimaryKeys" signature="string $table" line-rate="1" branch-rate="0" complexity="7">
              <lines>
                <line number="251" hits="5"/>
                <line number="253" hits="5"/>
                <line number="254" hits="1"/>
                <line number="257" hits="4"/>
                <line number="258" hits="4"/>
                <line number="259" hits="3"/>
                <line number="260" hits="2"/>
                <line number="264" hits="4"/>
              </lines>
            </method>
            <method name="beginTransaction" signature="" line-rate="1" branch-rate="0" complexity="5">
              <lines>
                <line number="273" hits="19"/>
                <line number="274" hits="1"/>
                <line number="277" hits="18"/>
                <line number="278" hits="3"/>
                <line number="279" hits="2"/>
                <line number="281" hits="1"/>
                <line number="283" hits="15"/>
                <line number="284" hits="14"/>
                <line number="286" hits="1"/>
              </lines>
            </method>
            <method name="rollbackTransaction" signature="" line-rate="1" branch-rate="0" complexity="3">
              <lines>
                <line number="296" hits="15"/>
                <line number="297" hits="1"/>
                <line number="300" hits="14"/>
                <line number="301" hits="13"/>
                <line number="304" hits="1"/>
              </lines>
            </method>
            <method name="commitTransaction" signature="" line-rate="1" branch-rate="0" complexity="3">
              <lines>
                <line number="314" hits="4"/>
                <line number="315" hits="1"/>
                <line number="318" hits="3"/>
                <line number="319" hits="2"/>
                <line number="322" hits="1"/>
              </lines>
            </method>
            <method name="close" signature="" line-rate="1" branch-rate="0" complexity="10">
              <lines>
                <line number="331" hits="101"/>
                <line number="332" hits="71"/>
                <line number="342" hits="54"/>
                <line number="347" hits="49"/>
                <line number="348" hits="2"/>
                <line number="349" hits="47"/>
                <line number="351" hits="49"/>
                <line number="352" hits="2"/>
                <line number="360" hits="52"/>
                <line number="361" hits="1"/>
                <line number="363" hits="4"/>
                <line number="364" hits="3"/>
                <line number="365" hits="1"/>
                <line number="366" hits="1"/>
                <line number="369" hits="50"/>
                <line number="370" hits="31"/>
                <line number="373" hits="19"/>
              </lines>
            </method>
            <method name="replace" signature="string $query" line-rate="1" branch-rate="0" complexity="1">
              <lines>
                <line number="383" hits="3"/>
              </lines>
            </method>
            <method name="insert" signature="string $query" line-rate="1" branch-rate="0" complexity="2">
              <lines>
                <line number="393" hits="6"/>
                <line number="394" hits="5"/>
                <line number="397" hits="1"/>
              </lines>
            </method>
            <method name="select" signature="string $query" line-rate="1" branch-rate="0" complexity="1">
              <lines>
                <line number="407" hits="33"/>
              </lines>
            </method>
            <method name="delete" signature="string $query" line-rate="1" branch-rate="0" complexity="3">
              <lines>
                <line number="416" hits="4"/>
                <line number="417" hits="3"/>
                <line number="418" hits="3"/>
                <line number="419" hits="1"/>
                <line number="422" hits="2"/>
                <line number="425" hits="1"/>
              </lines>
            </method>
            <method name="update" signature="string $query" line-rate="1" branch-rate="0" complexity="3">
              <lines>
                <line number="434" hits="6"/>
                <line number="435" hits="5"/>
                <line number="436" hits="5"/>
                <line number="437" hits="1"/>
                <line number="440" hits="4"/>
                <line number="443" hits="1"/>
              </lines>
            </method>
            <method name="deleteWhere" signature="array $whereFields, string $table, array $whereNotFields" line-rate="1" branch-rate="0" complexity="2">
              <lines>
                <line number="452" hits="2"/>
                <line number="453" hits="2"/>
                <line number="454" hits="1"/>
                <line number="457" hits="1"/>
              </lines>
            </method>
            <method name="updateWhere" signature="array $update, array $whereFields, string $table, array $whereNotFields" line-rate="1" branch-rate="0" complexity="3">
              <lines>
                <line number="467" hits="2"/>
                <line number="469" hits="2"/>
                <line number="470" hits="1"/>
                <line number="473" hits="1"/>
              </lines>
            </method>
            <method name="updateWhereMany" signature="array $columnSetWhere, array $where, string $table" line-rate="1" branch-rate="0" complexity="1">
              <lines>
                <line number="485" hits="2"/>
                <line number="486" hits="2"/>
              </lines>
            </method>
            <method name="insertMany" signature="array $data, array $cols, string $table, bool $ignore, string $onDuplicateSql" line-rate="1" branch-rate="0" complexity="1">
              <lines>
                <line number="503" hits="1"/>
                <line number="504" hits="1"/>
              </lines>
            </method>
            <method name="replaceOne" signature="array $data, string $table" line-rate="1" branch-rate="0" complexity="1">
              <lines>
                <line number="514" hits="1"/>
                <line number="516" hits="1"/>
              </lines>
            </method>
            <method name="insertOne" signature="array $data, string $table" line-rate="1" branch-rate="0" complexity="1">
              <lines>
                <line number="526" hits="1"/>
                <line number="528" hits="1"/>
              </lines>
            </method>
            <method name="sendClientRequest" signature="string $query" line-rate="1" branch-rate="0" complexity="3">
              <lines>
                <line number="538" hits="51"/>
                <line number="539" hits="51"/>
                <line number="541" hits="51"/>
                <line number="542" hits="51"/>
                <line number="543" hits="51"/>
                <line number="544" hits="51"/>
                <line number="545" hits="51"/>
                <line number="547" hits="51"/>
                <line number="548" hits="51"/>
                <line number="549" hits="51"/>
                <line number="550" hits="1"/>
                <line number="553" hits="51"/>
              </lines>
            </method>
            <method name="readServerResponse" signature="string $query" line-rate="1" branch-rate="0" complexity="6">
              <lines>
                <line number="561" hits="48"/>
                <line number="562" hits="48"/>
                <line number="563" hits="3"/>
                <line number="566" hits="45"/>
                <line number="567" hits="45"/>
                <line number="568" hits="3"/>
                <line number="569" hits="3"/>
                <line number="573" hits="45"/>
                <line number="574" hits="45"/>
                <line number="575" hits="3"/>
                <line number="579" hits="1"/>
                <line number="580" hits="1"/>
                <line number="582" hits="2"/>
                <line number="586" hits="42"/>
              </lines>
            </method>
            <method name="onWarning" signature="string $warningMessage, ?string $sql" line-rate="1" branch-rate="0" complexity="1">
              <lines>
                <line number="591" hits="14"/>
              </lines>
            </method>
            <method name="onError" signature="sql\MydbException $exception, ?string $sql" line-rate="1" branch-rate="0" complexity="1">
              <lines>
                <line number="599" hits="15"/>
                <line number="601" hits="15"/>
              </lines>
            </method>
            <method name="connect" signature="int $retry" line-rate="1" branch-rate="0" complexity="19">
              <lines>
                <line number="615" hits="76"/>
                <line number="616" hits="35"/>
                <line number="619" hits="61"/>
                <line number="620" hits="61"/>
                <line number="621" hits="61"/>
                <line number="623" hits="61"/>
                <line number="624" hits="56"/>
                <line number="626" hits="56"/>
                <line number="627" hits="56"/>
                <line number="629" hits="56"/>
                <line number="630" hits="56"/>
                <line number="631" hits="56"/>
                <line number="632" hits="56"/>
                <line number="633" hits="56"/>
                <line number="634" hits="56"/>
                <line number="635" hits="56"/>
                <line number="636" hits="56"/>
                <line number="637" hits="56"/>
                <line number="638" hits="56"/>
                <line number="639" hits="56"/>
                <line number="640" hits="56"/>
                <line number="641" hits="56"/>
                <line number="643" hits="56"/>
                <line number="646" hits="61"/>
                <line number="647" hits="12"/>
                <line number="648" hits="12"/>
                <line number="650" hits="12"/>
                <line number="651" hits="12"/>
                <line number="652" hits="12"/>
                <line number="653" hits="12"/>
                <line number="655" hits="12"/>
                <line number="656" hits="1"/>
                <line number="659" hits="11"/>
                <line number="661" hits="11"/>
                <line number="662" hits="3"/>
                <line number="664" hits="3"/>
                <line number="667" hits="10"/>
                <line number="670" hits="50"/>
                <line number="672" hits="50"/>
                <line number="673" hits="1"/>
                <line number="688" hits="49"/>
                <line number="689" hits="49"/>
                <line number="690" hits="49"/>
                <line number="691" hits="49"/>
                <line number="692" hits="49"/>
                <line number="693" hits="49"/>
                <line number="694" hits="49"/>
                <line number="695" hits="49"/>
                <line number="697" hits="49"/>
                <line number="698" hits="1"/>
                <line number="701" hits="48"/>
                <line number="702" hits="48"/>
                <line number="703" hits="1"/>
                <line number="706" hits="47"/>
                <line number="707" hits="1"/>
                <line number="710" hits="46"/>
              </lines>
            </method>
          </methods>
          <lines>
            <line number="79" hits="101"/>
            <line number="80" hits="101"/>
            <line number="81" hits="101"/>
            <line number="82" hits="101"/>
            <line number="83" hits="101"/>
            <line number="95" hits="101"/>
            <line number="96" hits="101"/>
            <line number="108" hits="34"/>
            <line number="124" hits="48"/>
            <line number="125" hits="2"/>
            <line number="128" hits="46"/>
            <line number="132" hits="46"/>
            <line number="134" hits="43"/>
            <line number="135" hits="3"/>
            <line number="138" hits="40"/>
            <line number="139" hits="39"/>
            <line number="140" hits="39"/>
            <line number="141" hits="1"/>
            <line number="142" hits="1"/>
            <line number="143" hits="1"/>
            <line number="144" hits="1"/>
            <line number="147" hits="38"/>
            <line number="150" hits="1"/>
            <line number="160" hits="19"/>
            <line number="161" hits="2"/>
            <line number="165" hits="17"/>
            <line number="167" hits="17"/>
            <line number="168" hits="4"/>
            <line number="171" hits="13"/>
            <line number="173" hits="13"/>
            <line number="184" hits="3"/>
            <line number="186" hits="3"/>
            <line number="187" hits="3"/>
            <line number="188" hits="2"/>
            <line number="189" hits="1"/>
            <line number="191" hits="3"/>
            <line number="192" hits="3"/>
            <line number="193" hits="3"/>
            <line number="194" hits="3"/>
            <line number="195" hits="2"/>
            <line number="197" hits="2"/>
            <line number="201" hits="3"/>
            <line number="202" hits="1"/>
            <line number="205" hits="2"/>
            <line number="216" hits="2"/>
            <line number="218" hits="2"/>
            <line number="219" hits="2"/>
            <line number="220" hits="2"/>
            <line number="221" hits="2"/>
            <line number="222" hits="2"/>
            <line number="223" hits="2"/>
            <line number="236" hits="5"/>
            <line number="237" hits="2"/>
            <line number="240" hits="3"/>
            <line number="251" hits="5"/>
            <line number="253" hits="5"/>
            <line number="254" hits="1"/>
            <line number="257" hits="4"/>
            <line number="258" hits="4"/>
            <line number="259" hits="3"/>
            <line number="260" hits="2"/>
            <line number="264" hits="4"/>
            <line number="273" hits="19"/>
            <line number="274" hits="1"/>
            <line number="277" hits="18"/>
            <line number="278" hits="3"/>
            <line number="279" hits="2"/>
            <line number="281" hits="1"/>
            <line number="283" hits="15"/>
            <line number="284" hits="14"/>
            <line number="286" hits="1"/>
            <line number="296" hits="15"/>
            <line number="297" hits="1"/>
            <line number="300" hits="14"/>
            <line number="301" hits="13"/>
            <line number="304" hits="1"/>
            <line number="314" hits="4"/>
            <line number="315" hits="1"/>
            <line number="318" hits="3"/>
            <line number="319" hits="2"/>
            <line number="322" hits="1"/>
            <line number="331" hits="101"/>
            <line number="332" hits="71"/>
            <line number="342" hits="54"/>
            <line number="347" hits="49"/>
            <line number="348" hits="2"/>
            <line number="349" hits="47"/>
            <line number="351" hits="49"/>
            <line number="352" hits="2"/>
            <line number="360" hits="52"/>
            <line number="361" hits="1"/>
            <line number="363" hits="4"/>
            <line number="364" hits="3"/>
            <line number="365" hits="1"/>
            <line number="366" hits="1"/>
            <line number="369" hits="50"/>
            <line number="370" hits="31"/>
            <line number="373" hits="19"/>
            <line number="383" hits="3"/>
            <line number="393" hits="6"/>
            <line number="394" hits="5"/>
            <line number="397" hits="1"/>
            <line number="407" hits="33"/>
            <line number="416" hits="4"/>
            <line number="417" hits="3"/>
            <line number="418" hits="3"/>
            <line number="419" hits="1"/>
            <line number="422" hits="2"/>
            <line number="425" hits="1"/>
            <line number="434" hits="6"/>
            <line number="435" hits="5"/>
            <line number="436" hits="5"/>
            <line number="437" hits="1"/>
            <line number="440" hits="4"/>
            <line number="443" hits="1"/>
            <line number="452" hits="2"/>
            <line number="453" hits="2"/>
            <line number="454" hits="1"/>
            <line number="457" hits="1"/>
            <line number="467" hits="2"/>
            <line number="469" hits="2"/>
            <line number="470" hits="1"/>
            <line number="473" hits="1"/>
            <line number="485" hits="2"/>
            <line number="486" hits="2"/>
            <line number="503" hits="1"/>
            <line number="504" hits="1"/>
            <line number="514" hits="1"/>
            <line number="516" hits="1"/>
            <line number="526" hits="1"/>
            <line number="528" hits="1"/>
            <line number="538" hits="51"/>
            <line number="539" hits="51"/>
            <line number="541" hits="51"/>
            <line number="542" hits="51"/>
            <line number="543" hits="51"/>
            <line number="544" hits="51"/>
            <line number="545" hits="51"/>
            <line number="547" hits="51"/>
            <line number="548" hits="51"/>
            <line number="549" hits="51"/>
            <line number="550" hits="1"/>
            <line number="553" hits="51"/>
            <line number="561" hits="48"/>
            <line number="562" hits="48"/>
            <line number="563" hits="3"/>
            <line number="566" hits="45"/>
            <line number="567" hits="45"/>
            <line number="568" hits="3"/>
            <line number="569" hits="3"/>
            <line number="573" hits="45"/>
            <line number="574" hits="45"/>
            <line number="575" hits="3"/>
            <line number="579" hits="1"/>
            <line number="580" hits="1"/>
            <line number="582" hits="2"/>
            <line number="586" hits="42"/>
            <line number="591" hits="14"/>
            <line number="599" hits="15"/>
            <line number="601" hits="15"/>
            <line number="615" hits="76"/>
            <line number="616" hits="35"/>
            <line number="619" hits="61"/>
            <line number="620" hits="61"/>
            <line number="621" hits="61"/>
            <line number="623" hits="61"/>
            <line number="624" hits="56"/>
            <line number="626" hits="56"/>
            <line number="627" hits="56"/>
            <line number="629" hits="56"/>
            <line number="630" hits="56"/>
            <line number="631" hits="56"/>
            <line number="632" hits="56"/>
            <line number="633" hits="56"/>
            <line number="634" hits="56"/>
            <line number="635" hits="56"/>
            <line number="636" hits="56"/>
            <line number="637" hits="56"/>
            <line number="638" hits="56"/>
            <line number="639" hits="56"/>
            <line number="640" hits="56"/>
            <line number="641" hits="56"/>
            <line number="643" hits="56"/>
            <line number="646" hits="61"/>
            <line number="647" hits="12"/>
            <line number="648" hits="12"/>
            <line number="650" hits="12"/>
            <line number="651" hits="12"/>
            <line number="652" hits="12"/>
            <line number="653" hits="12"/>
            <line number="655" hits="12"/>
            <line number="656" hits="1"/>
            <line number="659" hits="11"/>
            <line number="661" hits="11"/>
            <line number="662" hits="3"/>
            <line number="664" hits="3"/>
            <line number="667" hits="10"/>
            <line number="670" hits="50"/>
            <line number="672" hits="50"/>
            <line number="673" hits="1"/>
            <line number="688" hits="49"/>
            <line number="689" hits="49"/>
            <line number="690" hits="49"/>
            <line number="691" hits="49"/>
            <line number="692" hits="49"/>
            <line number="693" hits="49"/>
            <line number="694" hits="49"/>
            <line number="695" hits="49"/>
            <line number="697" hits="49"/>
            <line number="698" hits="1"/>
            <line number="701" hits="48"/>
            <line number="702" hits="48"/>
            <line number="703" hits="1"/>
            <line number="706" hits="47"/>
            <line number="707" hits="1"/>
            <line number="710" hits="46"/>
          </lines>
        </class>
      </classes>
    </package>
    <package name="MydbCredentials.php" line-rate="1" branch-rate="0" complexity="8">
      <classes>
        <class name="sql\MydbCredentials" filename="MydbCredentials.php" line-rate="1" branch-rate="0" complexity="8">
          <methods>
            <method name="__construct" signature="string $host, string $username, string $passwd, string $dbname, ?int $port, ?string $socket, int $flags" line-rate="1" branch-rate="0" complexity="1">
              <lines>
                <line number="53" hits="105"/>
              </lines>
            </method>
            <method name="getHost" signature="" line-rate="1" branch-rate="0" complexity="1">
              <lines>
                <line number="58" hits="58"/>
              </lines>
            </method>
            <method name="getUsername" signature="" line-rate="1" branch-rate="0" complexity="1">
              <lines>
                <line number="64" hits="58"/>
              </lines>
            </method>
            <method name="getPasswd" signature="" line-rate="1" branch-rate="0" complexity="1">
              <lines>
                <line number="70" hits="58"/>
              </lines>
            </method>
            <method name="getDbname" signature="" line-rate="1" branch-rate="0" complexity="1">
              <lines>
                <line number="76" hits="58"/>
              </lines>
            </method>
            <method name="getPort" signature="" line-rate="1" branch-rate="0" complexity="1">
              <lines>
                <line number="82" hits="59"/>
              </lines>
            </method>
            <method name="getSocket" signature="" line-rate="1" branch-rate="0" complexity="1">
              <lines>
                <line number="88" hits="59"/>
              </lines>
            </method>
            <method name="getFlags" signature="" line-rate="1" branch-rate="0" complexity="1">
              <lines>
                <line number="94" hits="59"/>
              </lines>
            </method>
          </methods>
          <lines>
            <line number="53" hits="105"/>
            <line number="58" hits="58"/>
            <line number="64" hits="58"/>
            <line number="70" hits="58"/>
            <line number="76" hits="58"/>
            <line number="82" hits="59"/>
            <line number="88" hits="59"/>
            <line number="94" hits="59"/>
          </lines>
        </class>
      </classes>
    </package>
    <package name="MydbCredentialsInterface.php" line-rate="0" branch-rate="0" complexity="0">
      <classes/>
    </package>
    <package name="MydbEnvironment.php" line-rate="1" branch-rate="0" complexity="18">
      <classes>
        <class name="sql\MydbEnvironment" filename="MydbEnvironment.php" line-rate="1" branch-rate="0" complexity="18">
          <methods>
            <method name="gc_collect_cycles" signature="" line-rate="1" branch-rate="0" complexity="2">
              <lines>
                <line number="76" hits="14"/>
                <line number="82" hits="14"/>
              </lines>
            </method>
            <method name="restore_error_handler" signature="" line-rate="1" branch-rate="0" complexity="1">
              <lines>
                <line number="95" hits="50"/>
              </lines>
            </method>
            <method name="set_error_handler" signature="?callable $callback, int $error_levels" line-rate="1" branch-rate="0" complexity="2">
              <lines>
                <line number="108" hits="50"/>
                <line number="109" hits="50"/>
                <line number="110" hits="50"/>
                <line number="111" hits="50"/>
                <line number="112" hits="50"/>
                <line number="113" hits="50"/>
                <line number="114" hits="50"/>
                <line number="115" hits="3"/>
                <line number="116" hits="3"/>
                <line number="119" hits="2"/>
                <line number="120" hits="50"/>
                <line number="122" hits="50"/>
              </lines>
            </method>
            <method name="setMysqlndNetReadTimeout" signature="string $timeoutSeconds" line-rate="1" branch-rate="0" complexity="1">
              <lines>
                <line number="151" hits="51"/>
              </lines>
            </method>
            <method name="error_reporting" signature="int $level" line-rate="1" branch-rate="0" complexity="1">
              <lines>
                <line number="164" hits="52"/>
              </lines>
            </method>
            <method name="ignore_user_abort" signature="" line-rate="1" branch-rate="0" complexity="1">
              <lines>
                <line number="177" hits="51"/>
              </lines>
            </method>
            <method name="ini_set" signature="string $key, string $value" line-rate="1" branch-rate="0" complexity="2">
              <lines>
                <line number="191" hits="51"/>
                <line number="192" hits="51"/>
                <line number="198" hits="51"/>
              </lines>
            </method>
            <method name="endSignalsTrap" signature="" line-rate="1" branch-rate="0" complexity="5">
              <lines>
                <line number="216" hits="54"/>
                <line number="222" hits="54"/>
                <line number="223" hits="54"/>
                <line number="227" hits="54"/>
                <line number="232" hits="54"/>
                <line number="237" hits="54"/>
                <line number="239" hits="54"/>
                <line number="241" hits="54"/>
                <line number="242" hits="4"/>
                <line number="243" hits="54"/>
              </lines>
            </method>
            <method name="startSignalsTrap" signature="" line-rate="1" branch-rate="0" complexity="3">
              <lines>
                <line number="256" hits="54"/>
                <line number="258" hits="54"/>
                <line number="259" hits="4"/>
                <line number="260" hits="54"/>
                <line number="262" hits="54"/>
                <line number="263" hits="54"/>
                <line number="264" hits="54"/>
                <line number="266" hits="54"/>
              </lines>
            </method>
          </methods>
          <lines>
            <line number="76" hits="14"/>
            <line number="82" hits="14"/>
            <line number="95" hits="50"/>
            <line number="108" hits="50"/>
            <line number="109" hits="50"/>
            <line number="110" hits="50"/>
            <line number="111" hits="50"/>
            <line number="112" hits="50"/>
            <line number="113" hits="50"/>
            <line number="114" hits="50"/>
            <line number="115" hits="3"/>
            <line number="116" hits="3"/>
            <line number="119" hits="2"/>
            <line number="120" hits="50"/>
            <line number="122" hits="50"/>
            <line number="151" hits="51"/>
            <line number="164" hits="52"/>
            <line number="177" hits="51"/>
            <line number="191" hits="51"/>
            <line number="192" hits="51"/>
            <line number="198" hits="51"/>
            <line number="216" hits="54"/>
            <line number="222" hits="54"/>
            <line number="223" hits="54"/>
            <line number="227" hits="54"/>
            <line number="232" hits="54"/>
            <line number="237" hits="54"/>
            <line number="239" hits="54"/>
            <line number="241" hits="54"/>
            <line number="242" hits="4"/>
            <line number="243" hits="54"/>
            <line number="256" hits="54"/>
            <line number="258" hits="54"/>
            <line number="259" hits="4"/>
            <line number="260" hits="54"/>
            <line number="262" hits="54"/>
            <line number="263" hits="54"/>
            <line number="264" hits="54"/>
            <line number="266" hits="54"/>
          </lines>
        </class>
      </classes>
    </package>
    <package name="MydbEnvironmentInterface.php" line-rate="0" branch-rate="0" complexity="0">
      <classes/>
    </package>
    <package name="MydbEvent.php" line-rate="1" branch-rate="0" complexity="5">
      <classes>
        <class name="sql\MydbEvent" filename="MydbEvent.php" line-rate="1" branch-rate="0" complexity="5">
          <methods>
            <method name="notify" signature="" line-rate="1" branch-rate="0" complexity="4">
              <lines>
                <line number="42" hits="69"/>
                <line number="47" hits="69"/>
                <line number="48" hits="68"/>
                <line number="49" hits="1"/>
                <line number="52" hits="1"/>
              </lines>
            </method>
            <method name="getEventName" signature="" line-rate="1" branch-rate="0" complexity="1">
              <lines>
                <line number="60" hits="68"/>
              </lines>
            </method>
          </methods>
          <lines>
            <line number="42" hits="69"/>
            <line number="47" hits="69"/>
            <line number="48" hits="68"/>
            <line number="49" hits="1"/>
            <line number="52" hits="1"/>
            <line number="60" hits="68"/>
          </lines>
        </class>
      </classes>
    </package>
    <package name="MydbEvent/InternalConnectionBegin.php" line-rate="0" branch-rate="0" complexity="0">
      <classes>
        <class name="sql\MydbEvent\InternalConnectionBegin" filename="MydbEvent/InternalConnectionBegin.php" line-rate="0" branch-rate="0" complexity="0">
          <methods/>
          <lines/>
        </class>
      </classes>
    </package>
    <package name="MydbEvent/InternalConnectionEnd.php" line-rate="0" branch-rate="0" complexity="0">
      <classes>
        <class name="sql\MydbEvent\InternalConnectionEnd" filename="MydbEvent/InternalConnectionEnd.php" line-rate="0" branch-rate="0" complexity="0">
          <methods/>
          <lines/>
        </class>
      </classes>
    </package>
    <package name="MydbEvent/InternalEvent.php" line-rate="1" branch-rate="0" complexity="4">
      <classes>
        <class name="sql\MydbEvent\InternalEvent" filename="MydbEvent/InternalEvent.php" line-rate="1" branch-rate="0" complexity="4">
          <methods>
            <method name="__construct" signature="?array $data" line-rate="1" branch-rate="0" complexity="1">
              <lines>
                <line number="35" hits="68"/>
              </lines>
            </method>
            <method name="getEventMetadata" signature="" line-rate="1" branch-rate="0" complexity="1">
              <lines>
                <line number="40" hits="68"/>
              </lines>
            </method>
            <method name="setListeners" signature="array $listeners" line-rate="1" branch-rate="0" complexity="1">
              <lines>
                <line number="48" hits="67"/>
                <line number="50" hits="67"/>
              </lines>
            </method>
            <method name="getListeners" signature="" line-rate="1" branch-rate="0" complexity="1">
              <lines>
                <line number="59" hits="67"/>
              </lines>
            </method>
          </methods>
          <lines>
            <line number="35" hits="68"/>
            <line number="40" hits="68"/>
            <line number="48" hits="67"/>
            <line number="50" hits="67"/>
            <line number="59" hits="67"/>
          </lines>
        </class>
      </classes>
    </package>
    <package name="MydbEvent/InternalQueryBegin.php" line-rate="0" branch-rate="0" complexity="0">
      <classes>
        <class name="sql\MydbEvent\InternalQueryBegin" filename="MydbEvent/InternalQueryBegin.php" line-rate="0" branch-rate="0" complexity="0">
          <methods/>
          <lines/>
        </class>
      </classes>
    </package>
    <package name="MydbEvent/InternalQueryEnd.php" line-rate="0" branch-rate="0" complexity="0">
      <classes>
        <class name="sql\MydbEvent\InternalQueryEnd" filename="MydbEvent/InternalQueryEnd.php" line-rate="0" branch-rate="0" complexity="0">
          <methods/>
          <lines/>
        </class>
      </classes>
    </package>
    <package name="MydbEventInterface.php" line-rate="0" branch-rate="0" complexity="0">
      <classes/>
    </package>
    <package name="MydbEventMetadataInterface.php" line-rate="0" branch-rate="0" complexity="0">
      <classes/>
    </package>
    <package name="MydbException.php" line-rate="0" branch-rate="0" complexity="0">
      <classes>
        <class name="sql\MydbException" filename="MydbException.php" line-rate="0" branch-rate="0" complexity="0">
          <methods/>
          <lines/>
        </class>
      </classes>
    </package>
    <package name="MydbException/ConnectDefaultsException.php" line-rate="0" branch-rate="0" complexity="0">
      <classes>
        <class name="sql\MydbException\ConnectDefaultsException" filename="MydbException/ConnectDefaultsException.php" line-rate="0" branch-rate="0" complexity="0">
          <methods/>
          <lines/>
        </class>
      </classes>
    </package>
    <package name="MydbException/ConnectException.php" line-rate="0" branch-rate="0" complexity="0">
      <classes>
        <class name="sql\MydbException\ConnectException" filename="MydbException/ConnectException.php" line-rate="0" branch-rate="0" complexity="0">
          <methods/>
          <lines/>
        </class>
      </classes>
    </package>
    <package name="MydbException/DeleteException.php" line-rate="0" branch-rate="0" complexity="0">
      <classes>
        <class name="sql\MydbException\DeleteException" filename="MydbException/DeleteException.php" line-rate="0" branch-rate="0" complexity="0">
          <methods/>
          <lines/>
        </class>
      </classes>
    </package>
    <package name="MydbException/DisconnectException.php" line-rate="0" branch-rate="0" complexity="0">
      <classes>
        <class name="sql\MydbException\DisconnectException" filename="MydbException/DisconnectException.php" line-rate="0" branch-rate="0" complexity="0">
          <methods/>
          <lines/>
        </class>
      </classes>
    </package>
    <package name="MydbException/EnvironmentException.php" line-rate="0" branch-rate="0" complexity="0">
      <classes>
        <class name="sql\MydbException\EnvironmentException" filename="MydbException/EnvironmentException.php" line-rate="0" branch-rate="0" complexity="0">
          <methods/>
          <lines/>
        </class>
      </classes>
    </package>
    <package name="MydbException/EventException.php" line-rate="0" branch-rate="0" complexity="0">
      <classes>
        <class name="sql\MydbException\EventException" filename="MydbException/EventException.php" line-rate="0" branch-rate="0" complexity="0">
          <methods/>
          <lines/>
        </class>
      </classes>
    </package>
    <package name="MydbException/InternalException.php" line-rate="0" branch-rate="0" complexity="0">
      <classes>
        <class name="sql\MydbException\InternalException" filename="MydbException/InternalException.php" line-rate="0" branch-rate="0" complexity="0">
          <methods/>
          <lines/>
        </class>
      </classes>
    </package>
    <package name="MydbException/LoggerException.php" line-rate="0" branch-rate="0" complexity="0">
      <classes>
        <class name="sql\MydbException\LoggerException" filename="MydbException/LoggerException.php" line-rate="0" branch-rate="0" complexity="0">
          <methods/>
          <lines/>
        </class>
      </classes>
    </package>
    <package name="MydbException/OptionException.php" line-rate="0" branch-rate="0" complexity="0">
      <classes>
        <class name="sql\MydbException\OptionException" filename="MydbException/OptionException.php" line-rate="0" branch-rate="0" complexity="0">
          <methods/>
          <lines/>
        </class>
      </classes>
    </package>
    <package name="MydbException/QueryBuilderEscapeException.php" line-rate="1" branch-rate="0" complexity="1">
      <classes>
        <class name="sql\MydbException\QueryBuilderEscapeException" filename="MydbException/QueryBuilderEscapeException.php" line-rate="1" branch-rate="0" complexity="1">
          <methods>
            <method name="__construct" signature="string $message, int $code, ?Throwable $previous" line-rate="1" branch-rate="0" complexity="1">
              <lines>
                <line number="32" hits="2"/>
              </lines>
            </method>
          </methods>
          <lines>
            <line number="32" hits="2"/>
          </lines>
        </class>
      </classes>
    </package>
    <package name="MydbException/QueryBuilderException.php" line-rate="0" branch-rate="0" complexity="0">
      <classes>
        <class name="sql\MydbException\QueryBuilderException" filename="MydbException/QueryBuilderException.php" line-rate="0" branch-rate="0" complexity="0">
          <methods/>
          <lines/>
        </class>
      </classes>
    </package>
    <package name="MydbException/RegistryException.php" line-rate="0" branch-rate="0" complexity="0">
      <classes>
        <class name="sql\MydbException\RegistryException" filename="MydbException/RegistryException.php" line-rate="0" branch-rate="0" complexity="0">
          <methods/>
          <lines/>
        </class>
      </classes>
    </package>
    <package name="MydbException/ServerGoneException.php" line-rate="0" branch-rate="0" complexity="0">
      <classes>
        <class name="sql\MydbException\ServerGoneException" filename="MydbException/ServerGoneException.php" line-rate="0" branch-rate="0" complexity="0">
          <methods/>
          <lines/>
        </class>
      </classes>
    </package>
    <package name="MydbException/TerminationSignalException.php" line-rate="0" branch-rate="0" complexity="0">
      <classes>
        <class name="sql\MydbException\TerminationSignalException" filename="MydbException/TerminationSignalException.php" line-rate="0" branch-rate="0" complexity="0">
          <methods/>
          <lines/>
        </class>
      </classes>
    </package>
    <package name="MydbException/TransactionAutocommitException.php" line-rate="0" branch-rate="0" complexity="0">
      <classes>
        <class name="sql\MydbException\TransactionAutocommitException" filename="MydbException/TransactionAutocommitException.php" line-rate="0" branch-rate="0" complexity="0">
          <methods/>
          <lines/>
        </class>
      </classes>
    </package>
    <package name="MydbException/TransactionBeginException.php" line-rate="0" branch-rate="0" complexity="0">
      <classes>
        <class name="sql\MydbException\TransactionBeginException" filename="MydbException/TransactionBeginException.php" line-rate="0" branch-rate="0" complexity="0">
          <methods/>
          <lines/>
        </class>
      </classes>
    </package>
    <package name="MydbException/TransactionBeginReadonlyException.php" line-rate="0" branch-rate="0" complexity="0">
      <classes>
        <class name="sql\MydbException\TransactionBeginReadonlyException" filename="MydbException/TransactionBeginReadonlyException.php" line-rate="0" branch-rate="0" complexity="0">
          <methods/>
          <lines/>
        </class>
      </classes>
    </package>
    <package name="MydbException/TransactionBeginReadwriteException.php" line-rate="0" branch-rate="0" complexity="0">
      <classes>
        <class name="sql\MydbException\TransactionBeginReadwriteException" filename="MydbException/TransactionBeginReadwriteException.php" line-rate="0" branch-rate="0" complexity="0">
          <methods/>
          <lines/>
        </class>
      </classes>
    </package>
    <package name="MydbException/TransactionCommitException.php" line-rate="0" branch-rate="0" complexity="0">
      <classes>
        <class name="sql\MydbException\TransactionCommitException" filename="MydbException/TransactionCommitException.php" line-rate="0" branch-rate="0" complexity="0">
          <methods/>
          <lines/>
        </class>
      </classes>
    </package>
    <package name="MydbException/TransactionIsolationException.php" line-rate="0" branch-rate="0" complexity="0">
      <classes>
        <class name="sql\MydbException\TransactionIsolationException" filename="MydbException/TransactionIsolationException.php" line-rate="0" branch-rate="0" complexity="0">
          <methods/>
          <lines/>
        </class>
      </classes>
    </package>
    <package name="MydbException/TransactionRollbackException.php" line-rate="0" branch-rate="0" complexity="0">
      <classes>
        <class name="sql\MydbException\TransactionRollbackException" filename="MydbException/TransactionRollbackException.php" line-rate="0" branch-rate="0" complexity="0">
          <methods/>
          <lines/>
        </class>
      </classes>
    </package>
    <package name="MydbException/UpdateException.php" line-rate="0" branch-rate="0" complexity="0">
      <classes>
        <class name="sql\MydbException\UpdateException" filename="MydbException/UpdateException.php" line-rate="0" branch-rate="0" complexity="0">
          <methods/>
          <lines/>
        </class>
      </classes>
    </package>
    <package name="MydbExpression.php" line-rate="1" branch-rate="0" complexity="2">
      <classes>
        <class name="sql\MydbExpression" filename="MydbExpression.php" line-rate="1" branch-rate="0" complexity="2">
          <methods>
            <method name="__construct" signature="string $input" line-rate="1" branch-rate="0" complexity="1">
              <lines>
                <line number="30" hits="4"/>
              </lines>
            </method>
            <method name="__toString" signature="" line-rate="1" branch-rate="0" complexity="1">
              <lines>
                <line number="35" hits="9"/>
              </lines>
            </method>
          </methods>
          <lines>
            <line number="30" hits="4"/>
            <line number="35" hits="9"/>
          </lines>
        </class>
      </classes>
    </package>
    <package name="MydbExpressionInterface.php" line-rate="0" branch-rate="0" complexity="0">
      <classes/>
    </package>
    <package name="MydbFactory.php" line-rate="1" branch-rate="0" complexity="3">
      <classes>
        <class name="sql\MydbFactory" filename="MydbFactory.php" line-rate="1" branch-rate="0" complexity="3">
          <methods>
            <method name="createOptions" signature="" line-rate="1" branch-rate="0" complexity="1">
              <lines>
                <line number="36" hits="5"/>
                <line number="37" hits="5"/>
                <line number="38" hits="5"/>
                <line number="39" hits="5"/>
                <line number="40" hits="5"/>
                <line number="41" hits="5"/>
                <line number="42" hits="5"/>
                <line number="43" hits="5"/>
                <line number="44" hits="5"/>
                <line number="45" hits="5"/>
                <line number="46" hits="5"/>
                <line number="47" hits="5"/>
                <line number="48" hits="5"/>
                <line number="49" hits="5"/>
                <line number="51" hits="5"/>
              </lines>
            </method>
            <method name="createReadonlyOptions" signature="" line-rate="1" branch-rate="0" complexity="1">
              <lines>
                <line number="61" hits="2"/>
                <line number="62" hits="2"/>
                <line number="63" hits="2"/>
                <line number="64" hits="2"/>
                <line number="66" hits="2"/>
              </lines>
            </method>
            <method name="create" signature="sql\MydbCredentialsInterface $credentials, Psr\Log\LoggerInterface $logger, ?sql\MydbOptionsInterface $options, ?sql\MydbMysqliInterface $mysqli, ?sql\MydbEnvironmentInterface $environment, ?sql\MydbQueryBuilderInterface $queryBuilder, ?sql\MydbListenerInterface $listener" line-rate="1" branch-rate="0" complexity="1">
              <lines>
                <line number="91" hits="2"/>
                <line number="92" hits="2"/>
                <line number="93" hits="2"/>
                <line number="94" hits="2"/>
                <line number="95" hits="2"/>
                <line number="96" hits="2"/>
                <line number="97" hits="2"/>
                <line number="98" hits="2"/>
                <line number="99" hits="2"/>
              </lines>
            </method>
          </methods>
          <lines>
            <line number="36" hits="5"/>
            <line number="37" hits="5"/>
            <line number="38" hits="5"/>
            <line number="39" hits="5"/>
            <line number="40" hits="5"/>
            <line number="41" hits="5"/>
            <line number="42" hits="5"/>
            <line number="43" hits="5"/>
            <line number="44" hits="5"/>
            <line number="45" hits="5"/>
            <line number="46" hits="5"/>
            <line number="47" hits="5"/>
            <line number="48" hits="5"/>
            <line number="49" hits="5"/>
            <line number="51" hits="5"/>
            <line number="61" hits="2"/>
            <line number="62" hits="2"/>
            <line number="63" hits="2"/>
            <line number="64" hits="2"/>
            <line number="66" hits="2"/>
            <line number="91" hits="2"/>
            <line number="92" hits="2"/>
            <line number="93" hits="2"/>
            <line number="94" hits="2"/>
            <line number="95" hits="2"/>
            <line number="96" hits="2"/>
            <line number="97" hits="2"/>
            <line number="98" hits="2"/>
            <line number="99" hits="2"/>
          </lines>
        </class>
      </classes>
    </package>
    <package name="MydbInterface.php" line-rate="0" branch-rate="0" complexity="0">
      <classes/>
    </package>
    <package name="MydbInterface/AdministrationStatementsInterface.php" line-rate="0" branch-rate="0" complexity="0">
      <classes/>
    </package>
    <package name="MydbInterface/CommandInterface.php" line-rate="0" branch-rate="0" complexity="0">
      <classes/>
    </package>
    <package name="MydbInterface/DataManipulationStatementsInterface.php" line-rate="0" branch-rate="0" complexity="0">
      <classes/>
    </package>
    <package name="MydbInterface/EncoderInterface.php" line-rate="0" branch-rate="0" complexity="0">
      <classes/>
    </package>
    <package name="MydbInterface/QueryInterface.php" line-rate="0" branch-rate="0" complexity="0">
      <classes/>
    </package>
    <package name="MydbInterface/RemoteResourceInterface.php" line-rate="0" branch-rate="0" complexity="0">
      <classes/>
    </package>
    <package name="MydbInterface/TransactionInterface.php" line-rate="0" branch-rate="0" complexity="0">
      <classes/>
    </package>
    <package name="MydbListener.php" line-rate="1" branch-rate="0" complexity="1">
      <classes>
        <class name="sql\MydbListener" filename="MydbListener.php" line-rate="1" branch-rate="0" complexity="1">
          <methods>
            <method name="observe" signature="sql\MydbEventMetadataInterface $event" line-rate="1" branch-rate="0" complexity="1">
              <lines>
                <line number="27" hits="69"/>
              </lines>
            </method>
          </methods>
          <lines>
            <line number="27" hits="69"/>
          </lines>
        </class>
      </classes>
    </package>
    <package name="MydbListener/InternalListener.php" line-rate="1" branch-rate="0" complexity="5">
      <classes>
        <class name="sql\MydbListener\InternalListener" filename="MydbListener/InternalListener.php" line-rate="1" branch-rate="0" complexity="5">
          <methods>
            <method name="__construct" signature="?Psr\Log\LoggerInterface $logger" line-rate="1" branch-rate="0" complexity="1">
              <lines>
                <line number="38" hits="102"/>
              </lines>
            </method>
            <method name="onEvent" signature="sql\MydbEventMetadataInterface $event" line-rate="1" branch-rate="0" complexity="4">
              <lines>
                <line number="43" hits="68"/>
                <line number="44" hits="56"/>
                <line number="45" hits="56"/>
                <line number="46" hits="56"/>
                <line number="47" hits="56"/>
                <line number="52" hits="68"/>
              </lines>
            </method>
          </methods>
          <lines>
            <line number="38" hits="102"/>
            <line number="43" hits="68"/>
            <line number="44" hits="56"/>
            <line number="45" hits="56"/>
            <line number="46" hits="56"/>
            <line number="47" hits="56"/>
            <line number="52" hits="68"/>
          </lines>
        </class>
      </classes>
    </package>
    <package name="MydbListenerInterface.php" line-rate="0" branch-rate="0" complexity="0">
      <classes/>
    </package>
    <package name="MydbLogger.php" line-rate="0.93023255813953" branch-rate="0" complexity="49">
      <classes>
        <class name="sql\MydbLogger" filename="MydbLogger.php" line-rate="0.93023255813953" branch-rate="0" complexity="49">
          <methods>
            <method name="__construct" signature="$stdout, $stderr, string $stdeol" line-rate="1" branch-rate="0" complexity="3">
              <lines>
                <line number="84" hits="20"/>
                <line number="85" hits="20"/>
                <line number="86" hits="20"/>
              </lines>
            </method>
            <method name="__destruct" signature="" line-rate="1" branch-rate="0" complexity="3">
              <lines>
                <line number="91" hits="20"/>
                <line number="92" hits="20"/>
                <line number="93" hits="20"/>
                <line number="96" hits="20"/>
                <line number="97" hits="20"/>
                <line number="98" hits="20"/>
              </lines>
            </method>
            <method name="emergency" signature="$message, array $context" line-rate="1" branch-rate="0" complexity="1">
              <lines>
                <line number="110" hits="3"/>
              </lines>
            </method>
            <method name="alert" signature="$message, array $context" line-rate="1" branch-rate="0" complexity="1">
              <lines>
                <line number="121" hits="3"/>
              </lines>
            </method>
            <method name="critical" signature="$message, array $context" line-rate="1" branch-rate="0" complexity="1">
              <lines>
                <line number="132" hits="3"/>
              </lines>
            </method>
            <method name="error" signature="$message, array $context" line-rate="0" branch-rate="0" complexity="1">
              <lines>
                <line number="143" hits="0"/>
              </lines>
            </method>
            <method name="warning" signature="$message, array $context" line-rate="1" branch-rate="0" complexity="1">
              <lines>
                <line number="154" hits="8"/>
              </lines>
            </method>
            <method name="notice" signature="$message, array $context" line-rate="1" branch-rate="0" complexity="1">
              <lines>
                <line number="165" hits="3"/>
              </lines>
            </method>
            <method name="info" signature="$message, array $context" line-rate="1" branch-rate="0" complexity="1">
              <lines>
                <line number="176" hits="7"/>
              </lines>
            </method>
            <method name="debug" signature="$message, array $context" line-rate="1" branch-rate="0" complexity="1">
              <lines>
                <line number="187" hits="3"/>
              </lines>
            </method>
            <method name="log" signature="$level, $message, array $context" line-rate="1" branch-rate="0" complexity="1">
              <lines>
                <line number="199" hits="17"/>
              </lines>
            </method>
            <method name="route" signature="string $level" line-rate="1" branch-rate="0" complexity="1">
              <lines>
                <line number="210" hits="17"/>
                <line number="211" hits="17"/>
                <line number="212" hits="17"/>
                <line number="213" hits="17"/>
                <line number="214" hits="17"/>
              </lines>
            </method>
            <method name="render" signature="$message, array $context" line-rate="1" branch-rate="0" complexity="5">
              <lines>
                <line number="223" hits="17"/>
                <line number="225" hits="17"/>
                <line number="226" hits="16"/>
                <line number="227" hits="16"/>
                <line number="228" hits="16"/>
                <line number="231" hits="17"/>
                <line number="232" hits="3"/>
                <line number="235" hits="17"/>
              </lines>
            </method>
            <method name="interpolate" signature="string $message, array $context" line-rate="0.95238095238095" branch-rate="0" complexity="6">
              <lines>
                <line number="246" hits="16"/>
                <line number="247" hits="16"/>
                <line number="249" hits="16"/>
                <line number="250" hits="16"/>
                <line number="251" hits="3"/>
                <line number="252" hits="3"/>
                <line number="253" hits="3"/>
                <line number="254" hits="16"/>
                <line number="255" hits="16"/>
                <line number="256" hits="16"/>
                <line number="258" hits="16"/>
                <line number="259" hits="3"/>
                <line number="260" hits="0"/>
                <line number="263" hits="3"/>
                <line number="264" hits="3"/>
                <line number="265" hits="1"/>
                <line number="266" hits="1"/>
                <line number="270" hits="16"/>
                <line number="271" hits="16"/>
                <line number="272" hits="16"/>
                <line number="273" hits="16"/>
              </lines>
            </method>
            <method name="checkStreamResource" signature="$stream" line-rate="1" branch-rate="0" complexity="7">
              <lines>
                <line number="288" hits="17"/>
                <line number="289" hits="2"/>
                <line number="292" hits="15"/>
                <line number="294" hits="15"/>
                <line number="295" hits="2"/>
                <line number="298" hits="13"/>
                <line number="299" hits="2"/>
              </lines>
            </method>
            <method name="writeOutput" signature="$stream, string $data" line-rate="1" branch-rate="0" complexity="7">
              <lines>
                <line number="311" hits="17"/>
                <line number="312" hits="6"/>
                <line number="315" hits="17"/>
                <line number="317" hits="11"/>
                <line number="318" hits="11"/>
                <line number="320" hits="11"/>
                <line number="321" hits="11"/>
                <line number="322" hits="11"/>
                <line number="328" hits="11"/>
                <line number="330" hits="11"/>
              </lines>
            </method>
            <method name="fwrite" signature="$stream, string $data" line-rate="1" branch-rate="0" complexity="3">
              <lines>
                <line number="343" hits="11"/>
                <line number="348" hits="11"/>
                <line number="349" hits="11"/>
                <line number="355" hits="11"/>
                <line number="356" hits="11"/>
                <line number="358" hits="11"/>
                <line number="360" hits="11"/>
                <line number="362" hits="11"/>
                <line number="368" hits="11"/>
              </lines>
            </method>
            <method name="formatter" signature="$var" line-rate="0.66666666666667" branch-rate="0" complexity="2">
              <lines>
                <line number="376" hits="16"/>
                <line number="377" hits="16"/>
                <line number="380" hits="0"/>
              </lines>
            </method>
            <method name="openDefaultStream" signature="string $target" line-rate="0.4" branch-rate="0" complexity="3">
              <lines>
                <line number="391" hits="3"/>
                <line number="392" hits="0"/>
                <line number="393" hits="0"/>
                <line number="395" hits="0"/>
                <line number="398" hits="3"/>
              </lines>
            </method>
          </methods>
          <lines>
            <line number="84" hits="20"/>
            <line number="85" hits="20"/>
            <line number="86" hits="20"/>
            <line number="91" hits="20"/>
            <line number="92" hits="20"/>
            <line number="93" hits="20"/>
            <line number="96" hits="20"/>
            <line number="97" hits="20"/>
            <line number="98" hits="20"/>
            <line number="110" hits="3"/>
            <line number="121" hits="3"/>
            <line number="132" hits="3"/>
            <line number="143" hits="0"/>
            <line number="154" hits="8"/>
            <line number="165" hits="3"/>
            <line number="176" hits="7"/>
            <line number="187" hits="3"/>
            <line number="199" hits="17"/>
            <line number="210" hits="17"/>
            <line number="211" hits="17"/>
            <line number="212" hits="17"/>
            <line number="213" hits="17"/>
            <line number="214" hits="17"/>
            <line number="223" hits="17"/>
            <line number="225" hits="17"/>
            <line number="226" hits="16"/>
            <line number="227" hits="16"/>
            <line number="228" hits="16"/>
            <line number="231" hits="17"/>
            <line number="232" hits="3"/>
            <line number="235" hits="17"/>
            <line number="246" hits="16"/>
            <line number="247" hits="16"/>
            <line number="249" hits="16"/>
            <line number="250" hits="16"/>
            <line number="251" hits="3"/>
            <line number="252" hits="3"/>
            <line number="253" hits="3"/>
            <line number="254" hits="16"/>
            <line number="255" hits="16"/>
            <line number="256" hits="16"/>
            <line number="258" hits="16"/>
            <line number="259" hits="3"/>
            <line number="260" hits="0"/>
            <line number="263" hits="3"/>
            <line number="264" hits="3"/>
            <line number="265" hits="1"/>
            <line number="266" hits="1"/>
            <line number="270" hits="16"/>
            <line number="271" hits="16"/>
            <line number="272" hits="16"/>
            <line number="273" hits="16"/>
            <line number="288" hits="17"/>
            <line number="289" hits="2"/>
            <line number="292" hits="15"/>
            <line number="294" hits="15"/>
            <line number="295" hits="2"/>
            <line number="298" hits="13"/>
            <line number="299" hits="2"/>
            <line number="311" hits="17"/>
            <line number="312" hits="6"/>
            <line number="315" hits="17"/>
            <line number="317" hits="11"/>
            <line number="318" hits="11"/>
            <line number="320" hits="11"/>
            <line number="321" hits="11"/>
            <line number="322" hits="11"/>
            <line number="328" hits="11"/>
            <line number="330" hits="11"/>
            <line number="343" hits="11"/>
            <line number="348" hits="11"/>
            <line number="349" hits="11"/>
            <line number="355" hits="11"/>
            <line number="356" hits="11"/>
            <line number="358" hits="11"/>
            <line number="360" hits="11"/>
            <line number="362" hits="11"/>
            <line number="368" hits="11"/>
            <line number="376" hits="16"/>
            <line number="377" hits="16"/>
            <line number="380" hits="0"/>
            <line number="391" hits="3"/>
            <line number="392" hits="0"/>
            <line number="393" hits="0"/>
            <line number="395" hits="0"/>
            <line number="398" hits="3"/>
          </lines>
        </class>
      </classes>
    </package>
    <package name="MydbMysqli.php" line-rate="0.99300699300699" branch-rate="0" complexity="89">
      <classes>
        <class name="sql\MydbMysqli" filename="MydbMysqli.php" line-rate="0.99300699300699" branch-rate="0" complexity="89">
          <methods>
            <method name="__construct" signature="?mysqli $resource" line-rate="1" branch-rate="0" complexity="2">
              <lines>
                <line number="182" hits="72"/>
                <line number="183" hits="70"/>
                <line number="186" hits="2"/>
              </lines>
            </method>
            <method name="init" signature="" line-rate="1" branch-rate="0" complexity="2">
              <lines>
                <line number="197" hits="52"/>
                <line number="201" hits="1"/>
                <line number="208" hits="51"/>
                <line number="209" hits="51"/>
                <line number="211" hits="51"/>
              </lines>
            </method>
            <method name="setTransportOptions" signature="sql\MydbOptionsInterface $options, sql\MydbEnvironmentInterface $environment" line-rate="1" branch-rate="0" complexity="8">
              <lines>
                <line number="223" hits="52"/>
                <line number="224" hits="1"/>
                <line number="227" hits="51"/>
                <line number="228" hits="51"/>
                <line number="236" hits="51"/>
                <line number="237" hits="51"/>
                <line number="238" hits="51"/>
                <line number="241" hits="51"/>
                <line number="242" hits="51"/>
                <line number="243" hits="51"/>
                <line number="245" hits="51"/>
                <line number="246" hits="51"/>
                <line number="247" hits="51"/>
                <line number="248" hits="51"/>
                <line number="249" hits="51"/>
                <line number="250" hits="51"/>
                <line number="251" hits="51"/>
              </lines>
            </method>
            <method name="setTransactionIsolationLevel" signature="string $level" line-rate="1" branch-rate="0" complexity="1">
              <lines>
                <line number="263" hits="2"/>
              </lines>
            </method>
            <method name="isTransactionOpen" signature="" line-rate="1" branch-rate="0" complexity="1">
              <lines>
                <line number="272" hits="45"/>
              </lines>
            </method>
            <method name="isConnected" signature="" line-rate="1" branch-rate="0" complexity="2">
              <lines>
                <line number="278" hits="61"/>
              </lines>
            </method>
            <method name="getMysqli" signature="" line-rate="1" branch-rate="0" complexity="1">
              <lines>
                <line number="284" hits="1"/>
              </lines>
            </method>
            <method name="realQuery" signature="string $query" line-rate="1" branch-rate="0" complexity="3">
              <lines>
                <line number="293" hits="46"/>
                <line number="294" hits="45"/>
                <line number="297" hits="1"/>
              </lines>
            </method>
            <method name="readServerResponse" signature="sql\MydbEnvironmentInterface $environment" line-rate="1" branch-rate="0" complexity="8">
              <lines>
                <line number="306" hits="41"/>
                <line number="307" hits="40"/>
                <line number="309" hits="40"/>
                <line number="311" hits="40"/>
                <line number="313" hits="40"/>
                <line number="315" hits="40"/>
                <line number="316" hits="1"/>
                <line number="318" hits="40"/>
                <line number="319" hits="2"/>
                <line number="323" hits="40"/>
                <line number="325" hits="40"/>
                <line number="326" hits="40"/>
                <line number="327" hits="2"/>
                <line number="330" hits="40"/>
                <line number="331" hits="40"/>
                <line number="332" hits="2"/>
                <line number="335" hits="40"/>
                <line number="338" hits="1"/>
              </lines>
            </method>
            <method name="realEscapeString" signature="string $string" line-rate="1" branch-rate="0" complexity="3">
              <lines>
                <line number="347" hits="6"/>
                <line number="348" hits="1"/>
                <line number="351" hits="5"/>
              </lines>
            </method>
            <method name="beginTransactionReadwrite" signature="" line-rate="1" branch-rate="0" complexity="4">
              <lines>
                <line number="360" hits="15"/>
                <line number="361" hits="14"/>
                <line number="362" hits="14"/>
                <line number="363" hits="14"/>
                <line number="365" hits="14"/>
                <line number="368" hits="2"/>
              </lines>
            </method>
            <method name="beginTransactionReadonly" signature="" line-rate="1" branch-rate="0" complexity="4">
              <lines>
                <line number="377" hits="2"/>
                <line number="378" hits="1"/>
                <line number="379" hits="1"/>
                <line number="380" hits="1"/>
                <line number="382" hits="1"/>
                <line number="385" hits="1"/>
              </lines>
            </method>
            <method name="rollback" signature="" line-rate="1" branch-rate="0" complexity="4">
              <lines>
                <line number="397" hits="14"/>
                <line number="398" hits="13"/>
                <line number="400" hits="13"/>
                <line number="403" hits="1"/>
              </lines>
            </method>
            <method name="commitAndRelease" signature="" line-rate="1" branch-rate="0" complexity="4">
              <lines>
                <line number="412" hits="45"/>
                <line number="413" hits="44"/>
                <line number="415" hits="44"/>
                <line number="418" hits="1"/>
              </lines>
            </method>
            <method name="commit" signature="" line-rate="1" branch-rate="0" complexity="4">
              <lines>
                <line number="424" hits="2"/>
                <line number="425" hits="1"/>
                <line number="427" hits="1"/>
                <line number="430" hits="1"/>
              </lines>
            </method>
            <method name="realConnect" signature="string $host, string $username, string $password, string $dbname, ?int $port, ?string $socket, int $flags" line-rate="1" branch-rate="0" complexity="4">
              <lines>
                <line number="443" hits="51"/>
                <line number="444" hits="51"/>
                <line number="446" hits="51"/>
                <line number="447" hits="45"/>
                <line number="449" hits="45"/>
                <line number="453" hits="6"/>
              </lines>
            </method>
            <method name="mysqliReport" signature="int $level" line-rate="1" branch-rate="0" complexity="1">
              <lines>
                <line number="459" hits="45"/>
              </lines>
            </method>
            <method name="close" signature="" line-rate="1" branch-rate="0" complexity="3">
              <lines>
                <line number="465" hits="52"/>
                <line number="466" hits="51"/>
                <line number="470" hits="45"/>
                <line number="471" hits="45"/>
                <line number="474" hits="51"/>
                <line number="476" hits="51"/>
                <line number="479" hits="1"/>
              </lines>
            </method>
            <method name="getConnectErrno" signature="" line-rate="1" branch-rate="0" complexity="2">
              <lines>
                <line number="485" hits="6"/>
                <line number="486" hits="6"/>
                <line number="487" hits="6"/>
              </lines>
            </method>
            <method name="getConnectError" signature="" line-rate="1" branch-rate="0" complexity="2">
              <lines>
                <line number="493" hits="6"/>
                <line number="494" hits="6"/>
                <line number="495" hits="6"/>
              </lines>
            </method>
            <method name="isServerGone" signature="" line-rate="1" branch-rate="0" complexity="1">
              <lines>
                <line number="501" hits="2"/>
              </lines>
            </method>
            <method name="getError" signature="" line-rate="1" branch-rate="0" complexity="2">
              <lines>
                <line number="507" hits="40"/>
                <line number="508" hits="40"/>
                <line number="509" hits="40"/>
              </lines>
            </method>
            <method name="getErrNo" signature="" line-rate="1" branch-rate="0" complexity="2">
              <lines>
                <line number="515" hits="40"/>
                <line number="516" hits="40"/>
                <line number="517" hits="40"/>
              </lines>
            </method>
            <method name="getAffectedRows" signature="" line-rate="1" branch-rate="0" complexity="4">
              <lines>
                <line number="523" hits="7"/>
                <line number="524" hits="6"/>
                <line number="525" hits="1"/>
                <line number="526" hits="7"/>
                <line number="527" hits="6"/>
                <line number="537" hits="1"/>
              </lines>
            </method>
            <method name="getInsertId" signature="" line-rate="1" branch-rate="0" complexity="2">
              <lines>
                <line number="543" hits="5"/>
                <line number="544" hits="5"/>
                <line number="545" hits="5"/>
              </lines>
            </method>
            <method name="autocommit" signature="bool $enable" line-rate="1" branch-rate="0" complexity="4">
              <lines>
                <line number="551" hits="46"/>
                <line number="552" hits="45"/>
                <line number="557" hits="1"/>
                <line number="560" hits="45"/>
                <line number="563" hits="1"/>
              </lines>
            </method>
            <method name="extractServerResponse" signature="sql\MydbEnvironmentInterface $environment, array $events" line-rate="1" branch-rate="0" complexity="3">
              <lines>
                <line number="573" hits="41"/>
                <line number="574" hits="1"/>
                <line number="580" hits="40"/>
                <line number="581" hits="2"/>
                <line number="583" hits="2"/>
                <line number="584" hits="40"/>
                <line number="586" hits="40"/>
                <line number="587" hits="40"/>
                <line number="589" hits="40"/>
                <line number="590" hits="13"/>
                <line number="593" hits="38"/>
              </lines>
            </method>
            <method name="getWarnings" signature="" line-rate="0.88888888888889" branch-rate="0" complexity="3">
              <lines>
                <line number="599" hits="2"/>
                <line number="600" hits="1"/>
                <line number="601" hits="1"/>
                <line number="602" hits="0"/>
                <line number="605" hits="1"/>
                <line number="607" hits="1"/>
                <line number="608" hits="1"/>
                <line number="610" hits="1"/>
                <line number="613" hits="1"/>
              </lines>
            </method>
            <method name="getWarningsResult" signature="mysqli $mysqli" line-rate="1" branch-rate="0" complexity="1">
              <lines>
                <line number="625" hits="1"/>
              </lines>
            </method>
            <method name="getFieldCount" signature="" line-rate="1" branch-rate="0" complexity="2">
              <lines>
                <line number="635" hits="40"/>
              </lines>
            </method>
            <method name="getWarningCount" signature="" line-rate="1" branch-rate="0" complexity="2">
              <lines>
                <line number="645" hits="40"/>
                <line number="646" hits="40"/>
                <line number="647" hits="40"/>
              </lines>
            </method>
          </methods>
          <lines>
            <line number="182" hits="72"/>
            <line number="183" hits="70"/>
            <line number="186" hits="2"/>
            <line number="197" hits="52"/>
            <line number="201" hits="1"/>
            <line number="208" hits="51"/>
            <line number="209" hits="51"/>
            <line number="211" hits="51"/>
            <line number="223" hits="52"/>
            <line number="224" hits="1"/>
            <line number="227" hits="51"/>
            <line number="228" hits="51"/>
            <line number="236" hits="51"/>
            <line number="237" hits="51"/>
            <line number="238" hits="51"/>
            <line number="241" hits="51"/>
            <line number="242" hits="51"/>
            <line number="243" hits="51"/>
            <line number="245" hits="51"/>
            <line number="246" hits="51"/>
            <line number="247" hits="51"/>
            <line number="248" hits="51"/>
            <line number="249" hits="51"/>
            <line number="250" hits="51"/>
            <line number="251" hits="51"/>
            <line number="263" hits="2"/>
            <line number="272" hits="45"/>
            <line number="278" hits="61"/>
            <line number="284" hits="1"/>
[...]
            <line number="435" hits="47"/>
            <line number="436" hits="47"/>
            <line number="440" hits="1"/>
            <line number="443" hits="46"/>
            <line number="449" hits="4"/>
          </lines>
        </class>
      </classes>
    </package>
    <package name="MydbOptionsInterface.php" line-rate="0" branch-rate="0" complexity="0">
      <classes/>
    </package>
    <package name="MydbQueryBuilder.php" line-rate="1" branch-rate="0" complexity="72">
      <classes>
        <class name="sql\MydbQueryBuilder" filename="MydbQueryBuilder.php" line-rate="1" branch-rate="0" complexity="72">
          <methods>
            <method name="__construct" signature="sql\MydbMysqli\MydbMysqliEscapeStringInterface $mysqli" line-rate="1" branch-rate="0" complexity="1">
              <lines>
                <line number="53" hits="192"/>
              </lines>
            </method>
            <method name="showColumnsLike" signature="string $table, string $column" line-rate="1" branch-rate="0" complexity="3">
              <lines>
                <line number="62" hits="4"/>
                <line number="63" hits="1"/>
                <line number="66" hits="4"/>
              </lines>
            </method>
            <method name="showKeys" signature="string $table" line-rate="1" branch-rate="0" complexity="2">
              <lines>
                <line number="75" hits="6"/>
                <line number="76" hits="1"/>
                <line number="79" hits="6"/>
              </lines>
            </method>
            <method name="insertOne" signature="array $data, string $table, string $type" line-rate="1" branch-rate="0" complexity="6">
              <lines>
                <line number="90" hits="22"/>
                <line number="91" hits="11"/>
                <line number="94" hits="20"/>
                <line number="96" hits="20"/>
                <line number="97" hits="20"/>
                <line number="98" hits="20"/>
                <line number="101" hits="20"/>
              </lines>
            </method>
            <method name="buildUpdateWhereMany" signature="array $columnSetWhere, array $where, string $table" line-rate="1" branch-rate="0" complexity="11">
              <lines>
                <line number="114" hits="11"/>
                <line number="115" hits="1"/>
                <line number="118" hits="10"/>
                <line number="123" hits="10"/>
                <line number="124" hits="10"/>
                <line number="129" hits="10"/>
                <line number="130" hits="2"/>
                <line number="132" hits="8"/>
                <line number="133" hits="8"/>
                <line number="137" hits="8"/>
                <line number="139" hits="8"/>
                <line number="140" hits="8"/>
                <line number="141" hits="4"/>
                <line number="144" hits="4"/>
                <line number="145" hits="4"/>
                <line number="150" hits="4"/>
                <line number="151" hits="4"/>
                <line number="157" hits="4"/>
                <line number="160" hits="4"/>
                <line number="161" hits="4"/>
                <line number="164" hits="4"/>
              </lines>
            </method>
            <method name="buildUpdateWhere" signature="array $update, array $whereFields, string $table, array $whereNotFields" line-rate="1" branch-rate="0" complexity="6">
              <lines>
                <line number="179" hits="6"/>
                <line number="180" hits="4"/>
                <line number="183" hits="2"/>
                <line number="184" hits="2"/>
                <line number="186" hits="1"/>
                <line number="191" hits="1"/>
                <line number="192" hits="1"/>
                <line number="195" hits="1"/>
                <line number="197" hits="1"/>
                <line number="198" hits="1"/>
                <line number="199" hits="1"/>
                <line number="202" hits="1"/>
              </lines>
            </method>
            <method name="buildDeleteWhere" signature="string $table, array $fields, array $negativeFields" line-rate="1" branch-rate="0" complexity="4">
              <lines>
                <line number="211" hits="2"/>
                <line number="212" hits="1"/>
                <line number="215" hits="1"/>
                <line number="218" hits="1"/>
              </lines>
            </method>
            <method name="buildWhere" signature="array $fields, array $negativeFields, array $likeFields" line-rate="1" branch-rate="0" complexity="16">
              <lines>
                <line number="230" hits="57"/>
                <line number="231" hits="2"/>
                <line number="234" hits="55"/>
                <line number="239" hits="55"/>
                <line number="243" hits="55"/>
                <line number="244" hits="55"/>
                <line number="245" hits="55"/>
                <line number="251" hits="55"/>
                <line number="252" hits="3"/>
                <line number="253" hits="52"/>
                <line number="254" hits="11"/>
                <line number="255" hits="1"/>
                <line number="257" hits="10"/>
                <line number="258" hits="10"/>
                <line number="263" hits="10"/>
                <line number="264" hits="10"/>
                <line number="265" hits="2"/>
                <line number="267" hits="10"/>
                <line number="268" hits="10"/>
                <line number="272" hits="10"/>
                <line number="274" hits="42"/>
                <line number="276" hits="42"/>
                <line number="277" hits="18"/>
                <line number="280" hits="42"/>
                <line number="281" hits="42"/>
                <line number="282" hits="42"/>
                <line number="285" hits="54"/>
                <line number="286" hits="2"/>
                <line number="287" hits="2"/>
                <line number="288" hits="2"/>
                <line number="289" hits="2"/>
                <line number="290" hits="2"/>
                <line number="291" hits="2"/>
                <line number="292" hits="2"/>
                <line number="295" hits="54"/>
                <line number="298" hits="54"/>
                <line number="299" hits="54"/>
                <line number="301" hits="54"/>
              </lines>
            </method>
            <method name="buildInsertMany" signature="array $data, array $cols, string $table, bool $ignore, string $onDuplicate" line-rate="1" branch-rate="0" complexity="7">
              <lines>
                <line number="312" hits="2"/>
                <line number="313" hits="1"/>
                <line number="319" hits="1"/>
                <line number="320" hits="1"/>
                <line number="321" hits="1"/>
                <line number="326" hits="1"/>
                <line number="331" hits="1"/>
                <line number="332" hits="1"/>
                <line number="333" hits="1"/>
                <line number="335" hits="1"/>
                <line number="336" hits="1"/>
                <line number="338" hits="1"/>
                <line number="340" hits="1"/>
                <line number="341" hits="1"/>
                <line number="343" hits="1"/>
                <line number="344" hits="1"/>
                <line number="347" hits="1"/>
              </lines>
            </method>
            <method name="escape" signature="float|int|string|\Stringable|null $unescaped, string $quote" line-rate="1" branch-rate="0" complexity="16">
              <lines>
                <line number="360" hits="90"/>
                <line number="361" hits="18"/>
                <line number="362" hits="2"/>
                <line number="365" hits="16"/>
                <line number="368" hits="76"/>
                <line number="369" hits="39"/>
                <line number="375" hits="63"/>
                <line number="376" hits="5"/>
                <line number="377" hits="3"/>
                <line number="381" hits="63"/>
                <line number="382" hits="11"/>
                <line number="385" hits="60"/>
                <line number="386" hits="3"/>
                <line number="389" hits="60"/>
                <line number="390" hits="59"/>
                <line number="393" hits="10"/>
                <line number="394" hits="10"/>
                <line number="395" hits="1"/>
                <line number="398" hits="9"/>
              </lines>
            </method>
          </methods>
          <lines>
            <line number="53" hits="192"/>
            <line number="62" hits="4"/>
            <line number="63" hits="1"/>
            <line number="66" hits="4"/>
            <line number="75" hits="6"/>
            <line number="76" hits="1"/>
            <line number="79" hits="6"/>
            <line number="90" hits="22"/>
            <line number="91" hits="11"/>
            <line number="94" hits="20"/>
            <line number="96" hits="20"/>
            <line number="97" hits="20"/>
            <line number="98" hits="20"/>
            <line number="101" hits="20"/>
            <line number="114" hits="11"/>
            <line number="115" hits="1"/>
            <line number="118" hits="10"/>
            <line number="123" hits="10"/>
            <line number="124" hits="10"/>
            <line number="129" hits="10"/>
            <line number="130" hits="2"/>
            <line number="132" hits="8"/>
            <line number="133" hits="8"/>
            <line number="137" hits="8"/>
            <line number="139" hits="8"/>
            <line number="140" hits="8"/>
            <line number="141" hits="4"/>
            <line number="144" hits="4"/>
            <line number="145" hits="4"/>
            <line number="150" hits="4"/>
            <line number="151" hits="4"/>
            <line number="157" hits="4"/>
            <line number="160" hits="4"/>
            <line number="161" hits="4"/>
            <line number="164" hits="4"/>
            <line number="179" hits="6"/>
            <line number="180" hits="4"/>
            <line number="183" hits="2"/>
            <line number="184" hits="2"/>
            <line number="186" hits="1"/>
            <line number="191" hits="1"/>
            <line number="192" hits="1"/>
            <line number="195" hits="1"/>
            <line number="197" hits="1"/>
            <line number="198" hits="1"/>
            <line number="199" hits="1"/>
            <line number="202" hits="1"/>
            <line number="211" hits="2"/>
            <line number="212" hits="1"/>
            <line number="215" hits="1"/>
            <line number="218" hits="1"/>
            <line number="230" hits="57"/>
            <line number="231" hits="2"/>
            <line number="234" hits="55"/>
            <line number="239" hits="55"/>
            <line number="243" hits="55"/>
            <line number="244" hits="55"/>
            <line number="245" hits="55"/>
            <line number="251" hits="55"/>
            <line number="252" hits="3"/>
            <line number="253" hits="52"/>
            <line number="254" hits="11"/>
            <line number="255" hits="1"/>
            <line number="257" hits="10"/>
            <line number="258" hits="10"/>
            <line number="263" hits="10"/>
            <line number="264" hits="10"/>
            <line number="265" hits="2"/>
            <line number="267" hits="10"/>
            <line number="268" hits="10"/>
            <line number="272" hits="10"/>
            <line number="274" hits="42"/>
            <line number="276" hits="42"/>
            <line number="277" hits="18"/>
            <line number="280" hits="42"/>
            <line number="281" hits="42"/>
            <line number="282" hits="42"/>
            <line number="285" hits="54"/>
            <line number="286" hits="2"/>
            <line number="287" hits="2"/>
            <line number="288" hits="2"/>
            <line number="289" hits="2"/>
            <line number="290" hits="2"/>
            <line number="291" hits="2"/>
            <line number="292" hits="2"/>
            <line number="295" hits="54"/>
            <line number="298" hits="54"/>
            <line number="299" hits="54"/>
            <line number="301" hits="54"/>
            <line number="312" hits="2"/>
            <line number="313" hits="1"/>
            <line number="319" hits="1"/>
            <line number="320" hits="1"/>
            <line number="321" hits="1"/>
            <line number="326" hits="1"/>
            <line number="331" hits="1"/>
            <line number="332" hits="1"/>
            <line number="333" hits="1"/>
            <line number="335" hits="1"/>
            <line number="336" hits="1"/>
            <line number="338" hits="1"/>
            <line number="340" hits="1"/>
            <line number="341" hits="1"/>
            <line number="343" hits="1"/>
            <line number="344" hits="1"/>
            <line number="347" hits="1"/>
            <line number="360" hits="90"/>
            <line number="361" hits="18"/>
            <line number="362" hits="2"/>
            <line number="365" hits="16"/>
            <line number="368" hits="76"/>
            <line number="369" hits="39"/>
            <line number="375" hits="63"/>
            <line number="376" hits="5"/>
            <line number="377" hits="3"/>
            <line number="381" hits="63"/>
            <line number="382" hits="11"/>
            <line number="385" hits="60"/>
            <line number="386" hits="3"/>
            <line number="389" hits="60"/>
            <line number="390" hits="59"/>
            <line number="393" hits="10"/>
            <line number="394" hits="10"/>
            <line number="395" hits="1"/>
            <line number="398" hits="9"/>
          </lines>
        </class>
      </classes>
    </package>
    <package name="MydbQueryBuilderInterface.php" line-rate="0" branch-rate="0" complexity="0">
      <classes/>
    </package>
    <package name="MydbRegistry.php" line-rate="1" branch-rate="0" complexity="20">
      <classes>
        <class name="sql\MydbRegistry" filename="MydbRegistry.php" line-rate="1" branch-rate="0" complexity="20">
          <methods>
            <method name="current" signature="" line-rate="1" branch-rate="0" complexity="2">
              <lines>
                <line number="54" hits="100"/>
                <line number="55" hits="100"/>
                <line number="56" hits="1"/>
                <line number="59" hits="99"/>
              </lines>
            </method>
            <method name="key" signature="" line-rate="1" branch-rate="0" complexity="2">
              <lines>
                <line number="68" hits="100"/>
                <line number="69" hits="100"/>
                <line number="70" hits="1"/>
                <line number="73" hits="99"/>
              </lines>
            </method>
            <method name="next" signature="" line-rate="1" branch-rate="0" complexity="1">
              <lines>
                <line number="82" hits="99"/>
              </lines>
            </method>
            <method name="rewind" signature="" line-rate="1" branch-rate="0" complexity="1">
              <lines>
                <line number="91" hits="99"/>
              </lines>
            </method>
            <method name="valid" signature="" line-rate="1" branch-rate="0" complexity="1">
              <lines>
                <line number="102" hits="99"/>
              </lines>
            </method>
            <method name="count" signature="" line-rate="1" branch-rate="0" complexity="1">
              <lines>
                <line number="108" hits="142"/>
              </lines>
            </method>
            <method name="offsetExists" signature="$offset" line-rate="1" branch-rate="0" complexity="1">
              <lines>
                <line number="121" hits="101"/>
              </lines>
            </method>
            <method name="offsetGet" signature="$offset" line-rate="1" branch-rate="0" complexity="2">
              <lines>
                <line number="134" hits="100"/>
                <line number="135" hits="99"/>
                <line number="138" hits="1"/>
              </lines>
            </method>
            <method name="offsetSet" signature="$offset, $value" line-rate="1" branch-rate="0" complexity="4">
              <lines>
                <line number="155" hits="100"/>
                <line number="156" hits="99"/>
                <line number="158" hits="99"/>
                <line number="161" hits="2"/>
              </lines>
            </method>
            <method name="offsetUnset" signature="$offset" line-rate="1" branch-rate="0" complexity="2">
              <lines>
                <line number="173" hits="100"/>
                <line number="174" hits="1"/>
                <line number="177" hits="99"/>
              </lines>
            </method>
            <method name="__clone" signature="" line-rate="1" branch-rate="0" complexity="1">
              <lines>
                <line number="185" hits="1"/>
              </lines>
            </method>
            <method name="__serialize" signature="" line-rate="1" branch-rate="0" complexity="1">
              <lines>
                <line number="193" hits="1"/>
              </lines>
            </method>
            <method name="__unserialize" signature="array $data" line-rate="1" branch-rate="0" complexity="1">
              <lines>
                <line number="201" hits="1"/>
              </lines>
            </method>
          </methods>
          <lines>
            <line number="54" hits="100"/>
            <line number="55" hits="100"/>
            <line number="56" hits="1"/>
            <line number="59" hits="99"/>
            <line number="68" hits="100"/>
            <line number="69" hits="100"/>
            <line number="70" hits="1"/>
            <line number="73" hits="99"/>
            <line number="82" hits="99"/>
            <line number="91" hits="99"/>
            <line number="102" hits="99"/>
            <line number="108" hits="142"/>
            <line number="121" hits="101"/>
            <line number="134" hits="100"/>
            <line number="135" hits="99"/>
            <line number="138" hits="1"/>
            <line number="155" hits="100"/>
            <line number="156" hits="99"/>
            <line number="158" hits="99"/>
            <line number="161" hits="2"/>
            <line number="173" hits="100"/>
            <line number="174" hits="1"/>
            <line number="177" hits="99"/>
            <line number="185" hits="1"/>
            <line number="193" hits="1"/>
            <line number="201" hits="1"/>
          </lines>
        </class>
      </classes>
    </package>
    <package name="MydbRepository.php" line-rate="1" branch-rate="0" complexity="2">
      <classes>
        <class name="sql\MydbRepository" filename="MydbRepository.php" line-rate="1" branch-rate="0" complexity="2">
          <methods>
            <method name="__construct" signature="sql\MydbRegistry $registry" line-rate="1" branch-rate="0" complexity="1">
              <lines>
                <line number="27" hits="1"/>
              </lines>
            </method>
            <method name="getDatabase" signature="" line-rate="1" branch-rate="0" complexity="1">
              <lines>
                <line number="32" hits="1"/>
              </lines>
            </method>
          </methods>
          <lines>
            <line number="27" hits="1"/>
            <line number="32" hits="1"/>
          </lines>
        </class>
      </classes>
    </package>
    <package name="MydbRepositoryInterface.php" line-rate="0" branch-rate="0" complexity="0">
      <classes/>
    </package>
  </packages>
</coverage>
