<?xml version="1.0" encoding="UTF-8"?>
<testsuites>
  <testsuite name="/app/test/phpunit.xml" tests="316" assertions="925" errors="0" failures="0" skipped="0" time="8.153692">
    <testsuite name="phpunit" tests="316" assertions="925" errors="0" failures="0" skipped="0" time="8.153692">
      <testsuite name="phpunit\DeleteTest" file="/app/test/phpunit/DeleteTest.php" tests="5" assertions="14" errors="0" failures="0" skipped="0" time="0.290317">
        <testcase name="testDeleteInternalError" file="/app/test/phpunit/DeleteTest.php" line="76" class="phpunit\DeleteTest" classname="phpunit.DeleteTest" assertions="2" time="0.271494"/>
        <testcase name="testDeleteWhereReturnsNull" file="/app/test/phpunit/DeleteTest.php" line="126" class="phpunit\DeleteTest" classname="phpunit.DeleteTest" assertions="2" time="0.003471"/>
        <testcase name="testDeleteWhere" file="/app/test/phpunit/DeleteTest.php" line="95" class="phpunit\DeleteTest" classname="phpunit.DeleteTest" assertions="4" time="0.007843"/>
        <testcase name="testDeleteError" file="/app/test/phpunit/DeleteTest.php" line="61" class="phpunit\DeleteTest" classname="phpunit.DeleteTest" assertions="2" time="0.002733"/>
        <testcase name="testDelete" file="/app/test/phpunit/DeleteTest.php" line="30" class="phpunit\DeleteTest" classname="phpunit.DeleteTest" assertions="4" time="0.004776"/>
      </testsuite>
      <testsuite name="phpunit\ExceptionTest" file="/app/test/phpunit/ExceptionTest.php" tests="11" assertions="18" errors="0" failures="0" skipped="0" time="7.046951">
        <testcase name="testFailedToRollbackTransaction" file="/app/test/phpunit/ExceptionTest.php" line="92" class="phpunit\ExceptionTest" classname="phpunit.ExceptionTest" assertions="1" time="0.003092"/>
        <testcase name="testFailedToCommitTransaction" file="/app/test/phpunit/ExceptionTest.php" line="99" class="phpunit\ExceptionTest" classname="phpunit.ExceptionTest" assertions="1" time="0.002040"/>
        <testcase name="testMySqlError" file="/app/test/phpunit/ExceptionTest.php" line="122" class="phpunit\ExceptionTest" classname="phpunit.ExceptionTest" assertions="1" time="0.004570"/>
        <testcase name="testTableDoesNotExist" file="/app/test/phpunit/ExceptionTest.php" line="32" class="phpunit\ExceptionTest" classname="phpunit.ExceptionTest" assertions="2" time="0.004265"/>
        <testcase name="testMySqlWarning" file="/app/test/phpunit/ExceptionTest.php" line="114" class="phpunit\ExceptionTest" classname="phpunit.ExceptionTest" assertions="2" time="0.003617"/>
        <testcase name="testFailedToConnect" file="/app/test/phpunit/ExceptionTest.php" line="52" class="phpunit\ExceptionTest" classname="phpunit.ExceptionTest" assertions="2" time="1.005084"/>
        <testcase name="testFailedToConnectLazy" file="/app/test/phpunit/ExceptionTest.php" line="69" class="phpunit\ExceptionTest" classname="phpunit.ExceptionTest" assertions="2" time="1.004854"/>
        <testcase name="testFailedToCommandLazy" file="/app/test/phpunit/ExceptionTest.php" line="77" class="phpunit\ExceptionTest" classname="phpunit.ExceptionTest" assertions="2" time="1.004777"/>
        <testcase name="testFailedToBeginTransaction" file="/app/test/phpunit/ExceptionTest.php" line="85" class="phpunit\ExceptionTest" classname="phpunit.ExceptionTest" assertions="1" time="1.003737"/>
        <testcase name="testFailedToEscapeLazy" file="/app/test/phpunit/ExceptionTest.php" line="106" class="phpunit\ExceptionTest" classname="phpunit.ExceptionTest" assertions="2" time="1.004920"/>
        <testcase name="testFailedToConnectAfterRetry" file="/app/test/phpunit/ExceptionTest.php" line="60" class="phpunit\ExceptionTest" classname="phpunit.ExceptionTest" assertions="2" time="2.005995"/>
      </testsuite>
      <testsuite name="phpunit\InsertTest" file="/app/test/phpunit/InsertTest.php" tests="7" assertions="18" errors="0" failures="0" skipped="0" time="0.036663">
        <testcase name="testInsertError" file="/app/test/phpunit/InsertTest.php" line="89" class="phpunit\InsertTest" classname="phpunit.InsertTest" assertions="2" time="0.002724"/>
        <testcase name="testInsert" file="/app/test/phpunit/InsertTest.php" line="103" class="phpunit\InsertTest" classname="phpunit.InsertTest" assertions="2" time="0.005354"/>
        <testcase name="testReplace" file="/app/test/phpunit/InsertTest.php" line="31" class="phpunit\InsertTest" classname="phpunit.InsertTest" assertions="2" time="0.004621"/>
        <testcase name="testReplaceOne" file="/app/test/phpunit/InsertTest.php" line="60" class="phpunit\InsertTest" classname="phpunit.InsertTest" assertions="2" time="0.004687"/>
        <testcase name="testInsertMany" file="/app/test/phpunit/InsertTest.php" line="133" class="phpunit\InsertTest" classname="phpunit.InsertTest" assertions="4" time="0.007095"/>
        <testcase name="testInsertOneRejectsMaliciousTable" file="/app/test/phpunit/InsertTest.php" line="275" class="phpunit\InsertTest" classname="phpunit.InsertTest" assertions="2" time="0.005261"/>
        <testcase name="testInsertOne" file="/app/test/phpunit/InsertTest.php" line="219" class="phpunit\InsertTest" classname="phpunit.InsertTest" assertions="4" time="0.006920"/>
      </testsuite>
      <testsuite name="phpunit\LoggerTest" file="/app/test/phpunit/LoggerTest.php" tests="19" assertions="95" errors="0" failures="0" skipped="0" time="0.067021">
        <testsuite name="phpunit\LoggerTest::testLoggerWithStrings" tests="6" assertions="78" errors="0" failures="0" skipped="0" time="0.042370">
          <testcase name="testLoggerWithStrings with data set &quot;nothing&quot;" file="/app/test/phpunit/LoggerTest.php" line="256" class="phpunit\LoggerTest" classname="phpunit.LoggerTest" assertions="14" time="0.028774"/>
          <testcase name="testLoggerWithStrings with data set &quot;nothing-array&quot;" file="/app/test/phpunit/LoggerTest.php" line="256" class="phpunit\LoggerTest" classname="phpunit.LoggerTest" assertions="14" time="0.002891"/>
          <testcase name="testLoggerWithStrings with data set &quot;nothing-error&quot;" file="/app/test/phpunit/LoggerTest.php" line="256" class="phpunit\LoggerTest" classname="phpunit.LoggerTest" assertions="12" time="0.002642"/>
          <testcase name="testLoggerWithStrings with data set &quot;something-error&quot;" file="/app/test/phpunit/LoggerTest.php" line="256" class="phpunit\LoggerTest" classname="phpunit.LoggerTest" assertions="14" time="0.002803"/>
          <testcase name="testLoggerWithStrings with data set &quot;something-info&quot;" file="/app/test/phpunit/LoggerTest.php" line="256" class="phpunit\LoggerTest" classname="phpunit.LoggerTest" assertions="12" time="0.002637"/>
          <testcase name="testLoggerWithStrings with data set &quot;chars&quot;" file="/app/test/phpunit/LoggerTest.php" line="256" class="phpunit\LoggerTest" classname="phpunit.LoggerTest" assertions="12" time="0.002623"/>
        </testsuite>
        <testcase name="testLoggerError" file="/app/test/phpunit/LoggerTest.php" line="130" class="phpunit\LoggerTest" classname="phpunit.LoggerTest" assertions="2" time="0.001886"/>
        <testcase name="testLoggerConstructorFallbackStdout" file="/app/test/phpunit/LoggerTest.php" line="149" class="phpunit\LoggerTest" classname="phpunit.LoggerTest" assertions="1" time="0.001993"/>
        <testcase name="testLoggerConstructorFallbackStderr" file="/app/test/phpunit/LoggerTest.php" line="160" class="phpunit\LoggerTest" classname="phpunit.LoggerTest" assertions="1" time="0.001713"/>
        <testcase name="testLoggerStreamErrEnd" file="/app/test/phpunit/LoggerTest.php" line="171" class="phpunit\LoggerTest" classname="phpunit.LoggerTest" assertions="1" time="0.002917"/>
        <testcase name="testLoggerStreamOutClosed" file="/app/test/phpunit/LoggerTest.php" line="186" class="phpunit\LoggerTest" classname="phpunit.LoggerTest" assertions="1" time="0.001739"/>
        <testcase name="testLoggerStreamErrClosed" file="/app/test/phpunit/LoggerTest.php" line="199" class="phpunit\LoggerTest" classname="phpunit.LoggerTest" assertions="1" time="0.001734"/>
        <testcase name="testLoggerStreamOutBadMode" file="/app/test/phpunit/LoggerTest.php" line="212" class="phpunit\LoggerTest" classname="phpunit.LoggerTest" assertions="1" time="0.001763"/>
        <testcase name="testLoggerStreamErrBadMode" file="/app/test/phpunit/LoggerTest.php" line="223" class="phpunit\LoggerTest" classname="phpunit.LoggerTest" assertions="1" time="0.001719"/>
        <testcase name="testLoggerStreamOutEnd" file="/app/test/phpunit/LoggerTest.php" line="237" class="phpunit\LoggerTest" classname="phpunit.LoggerTest" assertions="1" time="0.001761"/>
        <testcase name="testLoggerWithContext" file="/app/test/phpunit/LoggerTest.php" line="294" class="phpunit\LoggerTest" classname="phpunit.LoggerTest" assertions="2" time="0.001865"/>
        <testcase name="testLoggerInterpolation" file="/app/test/phpunit/LoggerTest.php" line="310" class="phpunit\LoggerTest" classname="phpunit.LoggerTest" assertions="2" time="0.001892"/>
        <testcase name="testLoggerUnusedContextIsAppended" file="/app/test/phpunit/LoggerTest.php" line="325" class="phpunit\LoggerTest" classname="phpunit.LoggerTest" assertions="2" time="0.001886"/>
        <testcase name="testLoggerScalarMessage" file="/app/test/phpunit/LoggerTest.php" line="337" class="phpunit\LoggerTest" classname="phpunit.LoggerTest" assertions="1" time="0.001783"/>
      </testsuite>
      <testsuite name="phpunit\MetaTest" file="/app/test/phpunit/MetaTest.php" tests="13" assertions="361" errors="0" failures="0" skipped="0" time="0.075569">
        <testcase name="testOpen" file="/app/test/phpunit/MetaTest.php" line="33" class="phpunit\MetaTest" classname="phpunit.MetaTest" assertions="1" time="0.004485"/>
        <testcase name="testClose" file="/app/test/phpunit/MetaTest.php" line="42" class="phpunit\MetaTest" classname="phpunit.MetaTest" assertions="1" time="0.003579"/>
        <testcase name="testSet" file="/app/test/phpunit/MetaTest.php" line="78" class="phpunit\MetaTest" classname="phpunit.MetaTest" assertions="1" time="0.004739"/>
        <testcase name="testNotRealEnumOrSet" file="/app/test/phpunit/MetaTest.php" line="85" class="phpunit\MetaTest" classname="phpunit.MetaTest" assertions="2" time="0.004244"/>
        <testcase name="testSingleQuotedEscape" file="/app/test/phpunit/MetaTest.php" line="615" class="phpunit\MetaTest" classname="phpunit.MetaTest" assertions="3" time="0.003378"/>
        <testcase name="testDoubleQuotedEscape" file="/app/test/phpunit/MetaTest.php" line="630" class="phpunit\MetaTest" classname="phpunit.MetaTest" assertions="3" time="0.003517"/>
        <testcase name="testPrimaryKey" file="/app/test/phpunit/MetaTest.php" line="50" class="phpunit\MetaTest" classname="phpunit.MetaTest" assertions="1" time="0.004103"/>
        <testcase name="testPrimaryKeyNotFound" file="/app/test/phpunit/MetaTest.php" line="57" class="phpunit\MetaTest" classname="phpunit.MetaTest" assertions="1" time="0.003958"/>
        <testcase name="testPrimaryKeyComposite" file="/app/test/phpunit/MetaTest.php" line="64" class="phpunit\MetaTest" classname="phpunit.MetaTest" assertions="1" time="0.004293"/>
        <testcase name="testEnum" file="/app/test/phpunit/MetaTest.php" line="71" class="phpunit\MetaTest" classname="phpunit.MetaTest" assertions="1" time="0.004068"/>
        <testcase name="testPrimaryKeyQueryFailed" file="/app/test/phpunit/MetaTest.php" line="661" class="phpunit\MetaTest" classname="phpunit.MetaTest" assertions="3" time="0.004740"/>
        <testcase name="testEscape" file="/app/test/phpunit/MetaTest.php" line="93" class="phpunit\MetaTest" classname="phpunit.MetaTest" assertions="342" time="0.025499"/>
        <testcase name="testPrimaryKeyNotDefined" file="/app/test/phpunit/MetaTest.php" line="645" class="phpunit\MetaTest" classname="phpunit.MetaTest" assertions="1" time="0.004967"/>
      </testsuite>
      <testsuite name="phpunit\MydbCredentialsTest" file="/app/test/phpunit/MydbCredentialsTest.php" tests="4" assertions="18" errors="0" failures="0" skipped="0" time="0.006969">
        <testcase name="testDefaultParameterValues" file="/app/test/phpunit/MydbCredentialsTest.php" line="33" class="phpunit\MydbCredentialsTest" classname="phpunit.MydbCredentialsTest" assertions="3" time="0.001577"/>
        <testcase name="testConstructWithAllParameters" file="/app/test/phpunit/MydbCredentialsTest.php" line="42" class="phpunit\MydbCredentialsTest" classname="phpunit.MydbCredentialsTest" assertions="7" time="0.001847"/>
        <testcase name="testImplementsCredentialsInterface" file="/app/test/phpunit/MydbCredentialsTest.php" line="63" class="phpunit\MydbCredentialsTest" classname="phpunit.MydbCredentialsTest" assertions="1" time="0.001376"/>
        <testcase name="testTypedGettersReturnSameValues" file="/app/test/phpunit/MydbCredentialsTest.php" line="69" class="phpunit\MydbCredentialsTest" classname="phpunit.MydbCredentialsTest" assertions="7" time="0.002170"/>
      </testsuite>
      <testsuite name="phpunit\MydbEnvironmentTest" file="/app/test/phpunit/MydbEnvironmentTest.php" tests="4" assertions="4" errors="0" failures="0" skipped="0" time="0.006828">
        <testsuite name="phpunit\MydbEnvironmentTest::testSignalSighupTrap" tests="4" assertions="4" errors="0" failures="0" skipped="0" time="0.006828">
          <testcase name="testSignalSighupTrap with data set &quot;SIGHUP&quot;" file="/app/test/phpunit/MydbEnvironmentTest.php" line="64" class="phpunit\MydbEnvironmentTest" classname="phpunit.MydbEnvironmentTest" assertions="1" time="0.001732"/>
          <testcase name="testSignalSighupTrap with data set &quot;SIGTERM&quot;" file="/app/test/phpunit/MydbEnvironmentTest.php" line="64" class="phpunit\MydbEnvironmentTest" classname="phpunit.MydbEnvironmentTest" assertions="1" time="0.001693"/>
          <testcase name="testSignalSighupTrap with data set &quot;SIGINT&quot;" file="/app/test/phpunit/MydbEnvironmentTest.php" line="64" class="phpunit\MydbEnvironmentTest" classname="phpunit.MydbEnvironmentTest" assertions="1" time="0.001657"/>
          <testcase name="testSignalSighupTrap with data set &quot;SIGINT,SIGTERM,SIGHUP&quot;" file="/app/test/phpunit/MydbEnvironmentTest.php" line="64" class="phpunit\MydbEnvironmentTest" classname="phpunit.MydbEnvironmentTest" assertions="1" time="0.001747"/>
        </testsuite>
      </testsuite>
      <testsuite name="phpunit\MydbEventTest" file="/app/test/phpunit/MydbEventTest.php" tests="3" assertions="4" errors="0" failures="0" skipped="0" time="0.005631">
        <testcase name="testMydbEventListenerBreak" file="/app/test/phpunit/MydbEventTest.php" line="34" class="phpunit\MydbEventTest" classname="phpunit.MydbEventTest" assertions="1" time="0.001463"/>
        <testcase name="testMydbEventListenerException" file="/app/test/phpunit/MydbEventTest.php" line="60" class="phpunit\MydbEventTest" classname="phpunit.MydbEventTest" assertions="1" time="0.002624"/>
        <testcase name="testMydbInternalEventSuccess" file="/app/test/phpunit/MydbEventTest.php" line="79" class="phpunit\MydbEventTest" classname="phpunit.MydbEventTest" assertions="2" time="0.001544"/>
      </testsuite>
      <testsuite name="phpunit\MydbExceptionTest" file="/app/test/phpunit/MydbExceptionTest.php" tests="2" assertions="4" errors="0" failures="0" skipped="0" time="0.005097">
        <testcase name="testMyException" file="/app/test/phpunit/MydbExceptionTest.php" line="34" class="phpunit\MydbExceptionTest" classname="phpunit.MydbExceptionTest" assertions="2" time="0.001457"/>
        <testcase name="testQueryBuilderException" file="/app/test/phpunit/MydbExceptionTest.php" line="47" class="phpunit\MydbExceptionTest" classname="phpunit.MydbExceptionTest" assertions="2" time="0.003640"/>
      </testsuite>
      <testsuite name="phpunit\MydbFactoryTest" file="/app/test/phpunit/MydbFactoryTest.php" tests="5" assertions="32" errors="0" failures="0" skipped="0" time="0.017778">
        <testcase name="testCreateOptionsMatchesNewMydbOptions" file="/app/test/phpunit/MydbFactoryTest.php" line="52" class="phpunit\MydbFactoryTest" classname="phpunit.MydbFactoryTest" assertions="13" time="0.008799"/>
        <testcase name="testCreateReadonlyOptions" file="/app/test/phpunit/MydbFactoryTest.php" line="72" class="phpunit\MydbFactoryTest" classname="phpunit.MydbFactoryTest" assertions="3" time="0.002119"/>
        <testcase name="testCreateDefaults" file="/app/test/phpunit/MydbFactoryTest.php" line="84" class="phpunit\MydbFactoryTest" classname="phpunit.MydbFactoryTest" assertions="1" time="0.002115"/>
        <testcase name="testCreateWithOptions" file="/app/test/phpunit/MydbFactoryTest.php" line="93" class="phpunit\MydbFactoryTest" classname="phpunit.MydbFactoryTest" assertions="1" time="0.002072"/>
        <testcase name="testCreateOptionsInitializesDefaults" file="/app/test/phpunit/MydbFactoryTest.php" line="32" class="phpunit\MydbFactoryTest" classname="phpunit.MydbFactoryTest" assertions="14" time="0.002674"/>
      </testsuite>
      <testsuite name="phpunit\MydbModernizationTest" file="/app/test/phpunit/MydbModernizationTest.php" tests="20" assertions="28" errors="0" failures="0" skipped="0" time="0.032658">
        <testsuite name="phpunit\MydbModernizationTest::testClassConstantsHaveNativeTypes" tests="6" assertions="6" errors="0" failures="0" skipped="0" time="0.009695">
          <testcase name="testClassConstantsHaveNativeTypes with data set &quot;MydbOptions::NET_CMD_BUFFER_SIZE_MIN&quot;" file="/app/test/phpunit/MydbModernizationTest.php" line="97" class="phpunit\MydbModernizationTest" classname="phpunit.MydbModernizationTest" assertions="1" time="0.002294"/>
          <testcase name="testClassConstantsHaveNativeTypes with data set &quot;MydbOptions::NET_CMD_BUFFER_SIZE_MAX&quot;" file="/app/test/phpunit/MydbModernizationTest.php" line="97" class="phpunit\MydbModernizationTest" classname="phpunit.MydbModernizationTest" assertions="1" time="0.001530"/>
          <testcase name="testClassConstantsHaveNativeTypes with data set &quot;MydbOptions::NET_READ_BUFFER_MIN&quot;" file="/app/test/phpunit/MydbModernizationTest.php" line="97" class="phpunit\MydbModernizationTest" classname="phpunit.MydbModernizationTest" assertions="1" time="0.001468"/>
          <testcase name="testClassConstantsHaveNativeTypes with data set &quot;MydbOptions::NET_READ_BUFFER_MAX&quot;" file="/app/test/phpunit/MydbModernizationTest.php" line="97" class="phpunit\MydbModernizationTest" classname="phpunit.MydbModernizationTest" assertions="1" time="0.001470"/>
          <testcase name="testClassConstantsHaveNativeTypes with data set &quot;MydbMysqli::SQL_MODE&quot;" file="/app/test/phpunit/MydbModernizationTest.php" line="97" class="phpunit\MydbModernizationTest" classname="phpunit.MydbModernizationTest" assertions="1" time="0.001452"/>
          <testcase name="testClassConstantsHaveNativeTypes with data set &quot;MydbMysqliResult::MYSQLI_ASSOC&quot;" file="/app/test/phpunit/MydbModernizationTest.php" line="97" class="phpunit\MydbModernizationTest" classname="phpunit.MydbModernizationTest" assertions="1" time="0.001481"/>
        </testsuite>
        <testsuite name="phpunit\MydbModernizationTest::testInterfaceMethodsAreOverrideAnnotated" tests="8" assertions="8" errors="0" failures="0" skipped="0" time="0.012363">
          <testcase name="testInterfaceMethodsAreOverrideAnnotated with data set &quot;MydbCredentials::getHost&quot;" file="/app/test/phpunit/MydbModernizationTest.php" line="107" class="phpunit\MydbModernizationTest" classname="phpunit.MydbModernizationTest" assertions="1" time="0.001795"/>
          <testcase name="testInterfaceMethodsAreOverrideAnnotated with data set &quot;MydbCredentials::getUsername&quot;" file="/app/test/phpunit/MydbModernizationTest.php" line="107" class="phpunit\MydbModernizationTest" classname="phpunit.MydbModernizationTest" assertions="1" time="0.001504"/>
          <testcase name="testInterfaceMethodsAreOverrideAnnotated with data set &quot;MydbCredentials::getPasswd&quot;" file="/app/test/phpunit/MydbModernizationTest.php" line="107" class="phpunit\MydbModernizationTest" classname="phpunit.MydbModernizationTest" assertions="1" time="0.001515"/>
          <testcase name="testInterfaceMethodsAreOverrideAnnotated with data set &quot;MydbCredentials::getDbname&quot;" file="/app/test/phpunit/MydbModernizationTest.php" line="107" class="phpunit\MydbModernizationTest" classname="phpunit.MydbModernizationTest" assertions="1" time="0.001492"/>
          <testcase name="testInterfaceMethodsAreOverrideAnnotated with data set &quot;MydbCredentials::getPort&quot;" file="/app/test/phpunit/MydbModernizationTest.php" line="107" class="phpunit\MydbModernizationTest" classname="phpunit.MydbModernizationTest" assertions="1" time="0.001531"/>
          <testcase name="testInterfaceMethodsAreOverrideAnnotated with data set &quot;MydbCredentials::getSocket&quot;" file="/app/test/phpunit/MydbModernizationTest.php" line="107" class="phpunit\MydbModernizationTest" classname="phpunit.MydbModernizationTest" assertions="1" time="0.001515"/>
          <testcase name="testInterfaceMethodsAreOverrideAnnotated with data set &quot;MydbCredentials::getFlags&quot;" file="/app/test/phpunit/MydbModernizationTest.php" line="107" class="phpunit\MydbModernizationTest" classname="phpunit.MydbModernizationTest" assertions="1" time="0.001501"/>
          <testcase name="testInterfaceMethodsAreOverrideAnnotated with data set &quot;Mydb::query&quot;" file="/app/test/phpunit/MydbModernizationTest.php" line="107" class="phpunit\MydbModernizationTest" classname="phpunit.MydbModernizationTest" assertions="1" time="0.001510"/>
        </testsuite>
        <testcase name="testMydbCredentialsIsReadonlyClass" file="/app/test/phpunit/MydbModernizationTest.php" line="49" class="phpunit\MydbModernizationTest" classname="phpunit.MydbModernizationTest" assertions="1" time="0.001413"/>
        <testcase name="testMydbCredentialsPasswdIsSensitiveParameter" file="/app/test/phpunit/MydbModernizationTest.php" line="64" class="phpunit\MydbModernizationTest" classname="phpunit.MydbModernizationTest" assertions="3" time="0.001638"/>
        <testcase name="testQueryBuilderEscapesStringableObjectsWithoutQuotes" file="/app/test/phpunit/MydbModernizationTest.php" line="143" class="phpunit\MydbModernizationTest" classname="phpunit.MydbModernizationTest" assertions="2" time="0.001885"/>
        <testcase name="testQueryBuilderIdentifiersStayBareAndValidated" file="/app/test/phpunit/MydbModernizationTest.php" line="160" class="phpunit\MydbModernizationTest" classname="phpunit.MydbModernizationTest" assertions="3" time="0.002070"/>
        <testcase name="testMydbCredentialsConstructorIsPromoted" file="/app/test/phpunit/MydbModernizationTest.php" line="55" class="phpunit\MydbModernizationTest" classname="phpunit.MydbModernizationTest" assertions="3" time="0.001868"/>
        <testcase name="testQueryBuilderEscapesHexValuesWithoutQuotes" file="/app/test/phpunit/MydbModernizationTest.php" line="133" class="phpunit\MydbModernizationTest" classname="phpunit.MydbModernizationTest" assertions="2" time="0.001726"/>
      </testsuite>
      <testsuite name="phpunit\MydbUnitTest" file="/app/test/phpunit/MydbUnitTest.php" tests="5" assertions="10" errors="0" failures="0" skipped="0" time="0.018281">
        <testcase name="testQueryThrowsConnectExceptionWhenLazyConnectFails" file="/app/test/phpunit/MydbUnitTest.php" line="31" class="phpunit\MydbUnitTest" classname="phpunit.MydbUnitTest" assertions="2" time="0.002671"/>
        <testcase name="testCommandThrowsConnectExceptionWhenLazyConnectFails" file="/app/test/phpunit/MydbUnitTest.php" line="44" class="phpunit\MydbUnitTest" classname="phpunit.MydbUnitTest" assertions="2" time="0.002621"/>
        <testcase name="testEscapeThrowsConnectExceptionWhenLazyConnectFails" file="/app/test/phpunit/MydbUnitTest.php" line="57" class="phpunit\MydbUnitTest" classname="phpunit.MydbUnitTest" assertions="2" time="0.002569"/>
        <testcase name="testOpenFailsAfterAllRetriesExhausted" file="/app/test/phpunit/MydbUnitTest.php" line="70" class="phpunit\MydbUnitTest" classname="phpunit.MydbUnitTest" assertions="2" time="0.002992"/>
        <testcase name="testOpenRecoversOnRetry" file="/app/test/phpunit/MydbUnitTest.php" line="83" class="phpunit\MydbUnitTest" classname="phpunit.MydbUnitTest" assertions="2" time="0.007429"/>
      </testsuite>
      <testsuite name="phpunit\MysqliTest" file="/app/test/phpunit/MysqliTest.php" tests="12" assertions="25" errors="0" failures="0" skipped="0" time="0.025424">
        <testcase name="testReuseResource" file="/app/test/phpunit/MysqliTest.php" line="31" class="phpunit\MysqliTest" classname="phpunit.MysqliTest" assertions="1" time="0.001884"/>
        <testcase name="testGetMysqli" file="/app/test/phpunit/MysqliTest.php" line="40" class="phpunit\MysqliTest" classname="phpunit.MysqliTest" assertions="1" time="0.001830"/>
        <testcase name="testOptionsNoInit" file="/app/test/phpunit/MysqliTest.php" line="52" class="phpunit\MysqliTest" classname="phpunit.MysqliTest" assertions="1" time="0.001848"/>
        <testcase name="testQueryNoInit" file="/app/test/phpunit/MysqliTest.php" line="59" class="phpunit\MysqliTest" classname="phpunit.MysqliTest" assertions="1" time="0.001830"/>
        <testcase name="testReadResponseNoInit" file="/app/test/phpunit/MysqliTest.php" line="66" class="phpunit\MysqliTest" classname="phpunit.MysqliTest" assertions="1" time="0.001830"/>
        <testcase name="testExtractResponseNoInit" file="/app/test/phpunit/MysqliTest.php" line="73" class="phpunit\MysqliTest" classname="phpunit.MysqliTest" assertions="2" time="0.001934"/>
        <testcase name="testEscapeNoInit" file="/app/test/phpunit/MysqliTest.php" line="82" class="phpunit\MysqliTest" classname="phpunit.MysqliTest" assertions="1" time="0.001856"/>
        <testcase name="testTransactionsNoInit" file="/app/test/phpunit/MysqliTest.php" line="89" class="phpunit\MysqliTest" classname="phpunit.MysqliTest" assertions="7" time="0.002250"/>
        <testcase name="testCloseNoInit" file="/app/test/phpunit/MysqliTest.php" line="135" class="phpunit\MysqliTest" classname="phpunit.MysqliTest" assertions="1" time="0.001875"/>
        <testcase name="testAffectedRowsNoInit" file="/app/test/phpunit/MysqliTest.php" line="142" class="phpunit\MysqliTest" classname="phpunit.MysqliTest" assertions="1" time="0.001846"/>
        <testcase name="testWarningsNoInit" file="/app/test/phpunit/MysqliTest.php" line="149" class="phpunit\MysqliTest" classname="phpunit.MysqliTest" assertions="1" time="0.001879"/>
        <testcase name="testTransactionsWillFinishWhenForcedAutocommit" file="/app/test/phpunit/MysqliTest.php" line="108" class="phpunit\MysqliTest" classname="phpunit.MysqliTest" assertions="7" time="0.004561"/>
      </testsuite>
      <testsuite name="phpunit\OptionsTest" file="/app/test/phpunit/OptionsTest.php" tests="19" assertions="27" errors="0" failures="0" skipped="0" time="0.036662">
        <testcase name="testNonInteractiveTimeouts" file="/app/test/phpunit/OptionsTest.php" line="30" class="phpunit\OptionsTest" classname="phpunit.OptionsTest" assertions="1" time="0.001882"/>
        <testcase name="testTransactionIsolationLevel" file="/app/test/phpunit/OptionsTest.php" line="37" class="phpunit\OptionsTest" classname="phpunit.OptionsTest" assertions="6" time="0.002112"/>
        <testcase name="testServerSideSelectTimeouts" file="/app/test/phpunit/OptionsTest.php" line="57" class="phpunit\OptionsTest" classname="phpunit.OptionsTest" assertions="1" time="0.001871"/>
        <testcase name="testErrorReporting" file="/app/test/phpunit/OptionsTest.php" line="64" class="phpunit\OptionsTest" classname="phpunit.OptionsTest" assertions="1" time="0.001824"/>
        <testcase name="testReadTimeout" file="/app/test/phpunit/OptionsTest.php" line="71" class="phpunit\OptionsTest" classname="phpunit.OptionsTest" assertions="1" time="0.001814"/>
        <testcase name="testNetworkBuffer" file="/app/test/phpunit/OptionsTest.php" line="81" class="phpunit\OptionsTest" classname="phpunit.OptionsTest" assertions="1" time="0.001885"/>
        <testcase name="testNetworkBufferMin" file="/app/test/phpunit/OptionsTest.php" line="91" class="phpunit\OptionsTest" classname="phpunit.OptionsTest" assertions="1" time="0.003108"/>
        <testcase name="testNetworkBufferMax" file="/app/test/phpunit/OptionsTest.php" line="101" class="phpunit\OptionsTest" classname="phpunit.OptionsTest" assertions="1" time="0.001807"/>
        <testcase name="testSetReadBuffer" file="/app/test/phpunit/OptionsTest.php" line="111" class="phpunit\OptionsTest" classname="phpunit.OptionsTest" assertions="1" time="0.001868"/>
        <testcase name="testSetReadBufferMin" file="/app/test/phpunit/OptionsTest.php" line="121" class="phpunit\OptionsTest" classname="phpunit.OptionsTest" assertions="1" time="0.001786"/>
        <testcase name="testSetReadBufferMax" file="/app/test/phpunit/OptionsTest.php" line="131" class="phpunit\OptionsTest" classname="phpunit.OptionsTest" assertions="1" time="0.001857"/>
        <testcase name="testMysqliReport" file="/app/test/phpunit/OptionsTest.php" line="141" class="phpunit\OptionsTest" classname="phpunit.OptionsTest" assertions="1" time="0.001856"/>
        <testcase name="testMysqliReportMin" file="/app/test/phpunit/OptionsTest.php" line="151" class="phpunit\OptionsTest" classname="phpunit.OptionsTest" assertions="1" time="0.001841"/>
        <testcase name="testMysqliReportMax" file="/app/test/phpunit/OptionsTest.php" line="161" class="phpunit\OptionsTest" classname="phpunit.OptionsTest" assertions="1" time="0.001781"/>
        <testcase name="testSetTimeZone" file="/app/test/phpunit/OptionsTest.php" line="168" class="phpunit\OptionsTest" classname="phpunit.OptionsTest" assertions="1" time="0.001899"/>
        <testcase name="testAutocommit" file="/app/test/phpunit/OptionsTest.php" line="175" class="phpunit\OptionsTest" classname="phpunit.OptionsTest" assertions="2" time="0.001882"/>
        <testcase name="testCharset" file="/app/test/phpunit/OptionsTest.php" line="184" class="phpunit\OptionsTest" classname="phpunit.OptionsTest" assertions="1" time="0.001824"/>
        <testcase name="testPersistent" file="/app/test/phpunit/OptionsTest.php" line="191" class="phpunit\OptionsTest" classname="phpunit.OptionsTest" assertions="2" time="0.001872"/>
        <testcase name="testReadonly" file="/app/test/phpunit/OptionsTest.php" line="200" class="phpunit\OptionsTest" classname="phpunit.OptionsTest" assertions="2" time="0.001890"/>
      </testsuite>
      <testsuite name="phpunit\PreparedStatementTest" file="/app/test/phpunit/PreparedStatementTest.php" tests="7" assertions="20" errors="0" failures="0" skipped="0" time="0.036992">
        <testcase name="testPrepareFailureRaisesInternalException" file="/app/test/phpunit/PreparedStatementTest.php" line="136" class="phpunit\PreparedStatementTest" classname="phpunit.PreparedStatementTest" assertions="4" time="0.002826"/>
        <testcase name="testPreparedInsertInsertIdAndAffectedRows" file="/app/test/phpunit/PreparedStatementTest.php" line="54" class="phpunit\PreparedStatementTest" classname="phpunit.PreparedStatementTest" assertions="4" time="0.013033"/>
        <testcase name="testPreparedUpdateAffectedRows" file="/app/test/phpunit/PreparedStatementTest.php" line="74" class="phpunit\PreparedStatementTest" classname="phpunit.PreparedStatementTest" assertions="2" time="0.004026"/>
        <testcase name="testInjectionAttemptIsBoundAsSingleParameter" file="/app/test/phpunit/PreparedStatementTest.php" line="90" class="phpunit\PreparedStatementTest" classname="phpunit.PreparedStatementTest" assertions="3" time="0.004247"/>
        <testcase name="testExecuteConvenienceSingleShot" file="/app/test/phpunit/PreparedStatementTest.php" line="112" class="phpunit\PreparedStatementTest" classname="phpunit.PreparedStatementTest" assertions="3" time="0.004697"/>
        <testcase name="testExecuteWithDmlLeavesNoPendingResultSet" file="/app/test/phpunit/PreparedStatementTest.php" line="151" class="phpunit\PreparedStatementTest" classname="phpunit.PreparedStatementTest" assertions="2" time="0.004328"/>
        <testcase name="testPreparedSelectWithAllValueTypes" file="/app/test/phpunit/PreparedStatementTest.php" line="30" class="phpunit\PreparedStatementTest" classname="phpunit.PreparedStatementTest" assertions="2" time="0.003837"/>
      </testsuite>
      <testsuite name="phpunit\QueryBuilderTest" file="/app/test/phpunit/QueryBuilderTest.php" tests="114" assertions="131" errors="0" failures="0" skipped="0" time="0.217771">
        <testsuite name="phpunit\QueryBuilderTest::testInsertOne" tests="9" assertions="18" errors="0" failures="0" skipped="0" time="0.018391">
          <testcase name="testInsertOne with data set &quot;simple int&quot;" file="/app/test/phpunit/QueryBuilderTest.php" line="88" class="phpunit\QueryBuilderTest" classname="phpunit.QueryBuilderTest" assertions="2" time="0.002268"/>
          <testcase name="testInsertOne with data set &quot;simple float&quot;" file="/app/test/phpunit/QueryBuilderTest.php" line="88" class="phpunit\QueryBuilderTest" classname="phpunit.QueryBuilderTest" assertions="2" time="0.002019"/>
          <testcase name="testInsertOne with data set &quot;expression&quot;" file="/app/test/phpunit/QueryBuilderTest.php" line="88" class="phpunit\QueryBuilderTest" classname="phpunit.QueryBuilderTest" assertions="2" time="0.001989"/>
          <testcase name="testInsertOne with data set &quot;raw null&quot;" file="/app/test/phpunit/QueryBuilderTest.php" line="88" class="phpunit\QueryBuilderTest" classname="phpunit.QueryBuilderTest" assertions="2" time="0.001995"/>
          <testcase name="testInsertOne with data set &quot;string caps null&quot;" file="/app/test/phpunit/QueryBuilderTest.php" line="88" class="phpunit\QueryBuilderTest" classname="phpunit.QueryBuilderTest" assertions="2" time="0.002028"/>
          <testcase name="testInsertOne with data set &quot;string lowercase null&quot;" file="/app/test/phpunit/QueryBuilderTest.php" line="88" class="phpunit\QueryBuilderTest" classname="phpunit.QueryBuilderTest" assertions="2" time="0.002096"/>
          <testcase name="testInsertOne with data set &quot;string 0x&quot;" file="/app/test/phpunit/QueryBuilderTest.php" line="88" class="phpunit\QueryBuilderTest" classname="phpunit.QueryBuilderTest" assertions="2" time="0.001967"/>
          <testcase name="testInsertOne with data set &quot;string 0x even&quot;" file="/app/test/phpunit/QueryBuilderTest.php" line="88" class="phpunit\QueryBuilderTest" classname="phpunit.QueryBuilderTest" assertions="2" time="0.001981"/>
          <testcase name="testInsertOne with data set &quot;string 0x mismatch&quot;" file="/app/test/phpunit/QueryBuilderTest.php" line="88" class="phpunit\QueryBuilderTest" classname="phpunit.QueryBuilderTest" assertions="2" time="0.002047"/>
        </testsuite>
        <testsuite name="phpunit\QueryBuilderTest::testReplaceOne" tests="9" assertions="9" errors="0" failures="0" skipped="0" time="0.017365">
          <testcase name="testReplaceOne with data set &quot;simple int&quot;" file="/app/test/phpunit/QueryBuilderTest.php" line="113" class="phpunit\QueryBuilderTest" classname="phpunit.QueryBuilderTest" assertions="1" time="0.001913"/>
          <testcase name="testReplaceOne with data set &quot;simple float&quot;" file="/app/test/phpunit/QueryBuilderTest.php" line="113" class="phpunit\QueryBuilderTest" classname="phpunit.QueryBuilderTest" assertions="1" time="0.001938"/>
          <testcase name="testReplaceOne with data set &quot;expression&quot;" file="/app/test/phpunit/QueryBuilderTest.php" line="113" class="phpunit\QueryBuilderTest" classname="phpunit.QueryBuilderTest" assertions="1" time="0.001977"/>
          <testcase name="testReplaceOne with data set &quot;raw null&quot;" file="/app/test/phpunit/QueryBuilderTest.php" line="113" class="phpunit\QueryBuilderTest" classname="phpunit.QueryBuilderTest" assertions="1" time="0.001896"/>
          <testcase name="testReplaceOne with data set &quot;string caps null&quot;" file="/app/test/phpunit/QueryBuilderTest.php" line="113" class="phpunit\QueryBuilderTest" classname="phpunit.QueryBuilderTest" assertions="1" time="0.001902"/>
          <testcase name="testReplaceOne with data set &quot;string lowercase null&quot;" file="/app/test/phpunit/QueryBuilderTest.php" line="113" class="phpunit\QueryBuilderTest" classname="phpunit.QueryBuilderTest" assertions="1" time="0.001933"/>
          <testcase name="testReplaceOne with data set &quot;string 0x&quot;" file="/app/test/phpunit/QueryBuilderTest.php" line="113" class="phpunit\QueryBuilderTest" classname="phpunit.QueryBuilderTest" assertions="1" time="0.001944"/>
          <testcase name="testReplaceOne with data set &quot;string 0x even&quot;" file="/app/test/phpunit/QueryBuilderTest.php" line="113" class="phpunit\QueryBuilderTest" classname="phpunit.QueryBuilderTest" assertions="1" time="0.001922"/>
          <testcase name="testReplaceOne with data set &quot;string 0x mismatch&quot;" file="/app/test/phpunit/QueryBuilderTest.php" line="113" class="phpunit\QueryBuilderTest" classname="phpunit.QueryBuilderTest" assertions="1" time="0.001940"/>
        </testsuite>
        <testsuite name="phpunit\QueryBuilderTest::testQuoteIdentifierAccepts" tests="5" assertions="5" errors="0" failures="0" skipped="0" time="0.009192">
          <testcase name="testQuoteIdentifierAccepts with data set &quot;simple&quot;" file="/app/test/phpunit/QueryBuilderTest.php" line="132" class="phpunit\QueryBuilderTest" classname="phpunit.QueryBuilderTest" assertions="1" time="0.001799"/>
          <testcase name="testQuoteIdentifierAccepts with data set &quot;underscore&quot;" file="/app/test/phpunit/QueryBuilderTest.php" line="132" class="phpunit\QueryBuilderTest" classname="phpunit.QueryBuilderTest" assertions="1" time="0.001826"/>
          <testcase name="testQuoteIdentifierAccepts with data set &quot;mixed&quot;" file="/app/test/phpunit/QueryBuilderTest.php" line="132" class="phpunit\QueryBuilderTest" classname="phpunit.QueryBuilderTest" assertions="1" time="0.001836"/>
          <testcase name="testQuoteIdentifierAccepts with data set &quot;db table&quot;" file="/app/test/phpunit/QueryBuilderTest.php" line="132" class="phpunit\QueryBuilderTest" classname="phpunit.QueryBuilderTest" assertions="1" time="0.001855"/>
          <testcase name="testQuoteIdentifierAccepts with data set &quot;uppercase&quot;" file="/app/test/phpunit/QueryBuilderTest.php" line="132" class="phpunit\QueryBuilderTest" classname="phpunit.QueryBuilderTest" assertions="1" time="0.001875"/>
        </testsuite>
        <testsuite name="phpunit\QueryBuilderTest::testQuoteIdentifierRejects" tests="13" assertions="13" errors="0" failures="0" skipped="0" time="0.023550">
          <testcase name="testQuoteIdentifierRejects with data set &quot;empty&quot;" file="/app/test/phpunit/QueryBuilderTest.php" line="152" class="phpunit\QueryBuilderTest" classname="phpunit.QueryBuilderTest" assertions="1" time="0.001777"/>
          <testcase name="testQuoteIdentifierRejects with data set &quot;backticked&quot;" file="/app/test/phpunit/QueryBuilderTest.php" line="152" class="phpunit\QueryBuilderTest" classname="phpunit.QueryBuilderTest" assertions="1" time="0.001825"/>
          <testcase name="testQuoteIdentifierRejects with data set &quot;backtick inside&quot;" file="/app/test/phpunit/QueryBuilderTest.php" line="152" class="phpunit\QueryBuilderTest" classname="phpunit.QueryBuilderTest" assertions="1" time="0.001835"/>
          <testcase name="testQuoteIdentifierRejects with data set &quot;semicolon&quot;" file="/app/test/phpunit/QueryBuilderTest.php" line="152" class="phpunit\QueryBuilderTest" classname="phpunit.QueryBuilderTest" assertions="1" time="0.001765"/>
          <testcase name="testQuoteIdentifierRejects with data set &quot;leading whitespace&quot;" file="/app/test/phpunit/QueryBuilderTest.php" line="152" class="phpunit\QueryBuilderTest" classname="phpunit.QueryBuilderTest" assertions="1" time="0.001793"/>
          <testcase name="testQuoteIdentifierRejects with data set &quot;trailing whitespace&quot;" file="/app/test/phpunit/QueryBuilderTest.php" line="152" class="phpunit\QueryBuilderTest" classname="phpunit.QueryBuilderTest" assertions="1" time="0.001809"/>
          <testcase name="testQuoteIdentifierRejects with data set &quot;space inside&quot;" file="/app/test/phpunit/QueryBuilderTest.php" line="152" class="phpunit\QueryBuilderTest" classname="phpunit.QueryBuilderTest" assertions="1" time="0.001796"/>
          <testcase name="testQuoteIdentifierRejects with data set &quot;dash&quot;" file="/app/test/phpunit/QueryBuilderTest.php" line="152" class="phpunit\QueryBuilderTest" classname="phpunit.QueryBuilderTest" assertions="1" time="0.001809"/>
          <testcase name="testQuoteIdentifierRejects with data set &quot;double dot&quot;" file="/app/test/phpunit/QueryBuilderTest.php" line="152" class="phpunit\QueryBuilderTest" classname="phpunit.QueryBuilderTest" assertions="1" time="0.001794"/>
          <testcase name="testQuoteIdentifierRejects with data set &quot;trailing dot&quot;" file="/app/test/phpunit/QueryBuilderTest.php" line="152" class="phpunit\QueryBuilderTest" classname="phpunit.QueryBuilderTest" assertions="1" time="0.001877"/>
          <testcase name="testQuoteIdentifierRejects with data set &quot;leading dot&quot;" file="/app/test/phpunit/QueryBuilderTest.php" line="152" class="phpunit\QueryBuilderTest" classname="phpunit.QueryBuilderTest" assertions="1" time="0.001814"/>
          <testcase name="testQuoteIdentifierRejects with data set &quot;quote&quot;" file="/app/test/phpunit/QueryBuilderTest.php" line="152" class="phpunit\QueryBuilderTest" classname="phpunit.QueryBuilderTest" assertions="1" time="0.001860"/>
          <testcase name="testQuoteIdentifierRejects with data set &quot;comment&quot;" file="/app/test/phpunit/QueryBuilderTest.php" line="152" class="phpunit\QueryBuilderTest" classname="phpunit.QueryBuilderTest" assertions="1" time="0.001797"/>
        </testsuite>
        <testsuite name="phpunit\QueryBuilderTest::testEscapeNonFiniteFloats" tests="2" assertions="4" errors="0" failures="0" skipped="0" time="0.003938">
          <testcase name="testEscapeNonFiniteFloats with data set &quot;inf&quot;" file="/app/test/phpunit/QueryBuilderTest.php" line="222" class="phpunit\QueryBuilderTest" classname="phpunit.QueryBuilderTest" assertions="2" time="0.001983"/>
          <testcase name="testEscapeNonFiniteFloats with data set &quot;nan&quot;" file="/app/test/phpunit/QueryBuilderTest.php" line="222" class="phpunit\QueryBuilderTest" classname="phpunit.QueryBuilderTest" assertions="2" time="0.001955"/>
        </testsuite>
        <testsuite name="phpunit\QueryBuilderTest::testBuildUpdateWhereMany" tests="2" assertions="2" errors="0" failures="0" skipped="0" time="0.004329">
          <testcase name="testBuildUpdateWhereMany with data set &quot;simple&quot;" file="/app/test/phpunit/QueryBuilderTest.php" line="260" class="phpunit\QueryBuilderTest" classname="phpunit.QueryBuilderTest" assertions="1" time="0.002167"/>
          <testcase name="testBuildUpdateWhereMany with data set &quot;prefixed simple&quot;" file="/app/test/phpunit/QueryBuilderTest.php" line="260" class="phpunit\QueryBuilderTest" classname="phpunit.QueryBuilderTest" assertions="1" time="0.002162"/>
        </testsuite>
        <testsuite name="phpunit\QueryBuilderTest::testBuildWhere" tests="48" assertions="48" errors="0" failures="0" skipped="0" time="0.094687">
          <testcase name="testBuildWhere with data set &quot;simple&quot;" file="/app/test/phpunit/QueryBuilderTest.php" line="267" class="phpunit\QueryBuilderTest" classname="phpunit.QueryBuilderTest" assertions="1" time="0.001953"/>
          <testcase name="testBuildWhere with data set &quot;expression&quot;" file="/app/test/phpunit/QueryBuilderTest.php" line="267" class="phpunit\QueryBuilderTest" classname="phpunit.QueryBuilderTest" assertions="1" time="0.001978"/>
          <testcase name="testBuildWhere with data set &quot;expression8&quot;" file="/app/test/phpunit/QueryBuilderTest.php" line="267" class="phpunit\QueryBuilderTest" classname="phpunit.QueryBuilderTest" assertions="1" time="0.001978"/>
          <testcase name="testBuildWhere with data set &quot;simple array count &gt;1&quot;" file="/app/test/phpunit/QueryBuilderTest.php" line="267" class="phpunit\QueryBuilderTest" classname="phpunit.QueryBuilderTest" assertions="1" time="0.002004"/>
          <testcase name="testBuildWhere with data set &quot;negative array count &gt;1&quot;" file="/app/test/phpunit/QueryBuilderTest.php" line="267" class="phpunit\QueryBuilderTest" classname="phpunit.QueryBuilderTest" assertions="1" time="0.002016"/>
          <testcase name="testBuildWhere with data set &quot;simple null array count &gt;1&quot;" file="/app/test/phpunit/QueryBuilderTest.php" line="267" class="phpunit\QueryBuilderTest" classname="phpunit.QueryBuilderTest" assertions="1" time="0.002012"/>
          <testcase name="testBuildWhere with data set &quot;negative null array count &gt;1&quot;" file="/app/test/phpunit/QueryBuilderTest.php" line="267" class="phpunit\QueryBuilderTest" classname="phpunit.QueryBuilderTest" assertions="1" time="0.002007"/>
          <testcase name="testBuildWhere with data set &quot;simple array count 1&quot;" file="/app/test/phpunit/QueryBuilderTest.php" line="267" class="phpunit\QueryBuilderTest" classname="phpunit.QueryBuilderTest" assertions="1" time="0.001987"/>
          <testcase name="testBuildWhere with data set &quot;negative array count 1&quot;" file="/app/test/phpunit/QueryBuilderTest.php" line="267" class="phpunit\QueryBuilderTest" classname="phpunit.QueryBuilderTest" assertions="1" time="0.001964"/>
          <testcase name="testBuildWhere with data set &quot;simple null&quot;" file="/app/test/phpunit/QueryBuilderTest.php" line="267" class="phpunit\QueryBuilderTest" classname="phpunit.QueryBuilderTest" assertions="1" time="0.001905"/>
          <testcase name="testBuildWhere with data set &quot;negative null&quot;" file="/app/test/phpunit/QueryBuilderTest.php" line="267" class="phpunit\QueryBuilderTest" classname="phpunit.QueryBuilderTest" assertions="1" time="0.001922"/>
          <testcase name="testBuildWhere with data set &quot;like null&quot;" file="/app/test/phpunit/QueryBuilderTest.php" line="267" class="phpunit\QueryBuilderTest" classname="phpunit.QueryBuilderTest" assertions="1" time="0.001952"/>
          <testcase name="testBuildWhere with data set #0" file="/app/test/phpunit/QueryBuilderTest.php" line="267" class="phpunit\QueryBuilderTest" classname="phpunit.QueryBuilderTest" assertions="1" time="0.001959"/>
          <testcase name="testBuildWhere with data set #1" file="/app/test/phpunit/QueryBuilderTest.php" line="267" class="phpunit\QueryBuilderTest" classname="phpunit.QueryBuilderTest" assertions="1" time="0.001951"/>
          <testcase name="testBuildWhere with data set #2" file="/app/test/phpunit/QueryBuilderTest.php" line="267" class="phpunit\QueryBuilderTest" classname="phpunit.QueryBuilderTest" assertions="1" time="0.001961"/>
          <testcase name="testBuildWhere with data set #3" file="/app/test/phpunit/QueryBuilderTest.php" line="267" class="phpunit\QueryBuilderTest" classname="phpunit.QueryBuilderTest" assertions="1" time="0.001938"/>
          <testcase name="testBuildWhere with data set #4" file="/app/test/phpunit/QueryBuilderTest.php" line="267" class="phpunit\QueryBuilderTest" classname="phpunit.QueryBuilderTest" assertions="1" time="0.002017"/>
          <testcase name="testBuildWhere with data set #5" file="/app/test/phpunit/QueryBuilderTest.php" line="267" class="phpunit\QueryBuilderTest" classname="phpunit.QueryBuilderTest" assertions="1" time="0.001938"/>
          <testcase name="testBuildWhere with data set #6" file="/app/test/phpunit/QueryBuilderTest.php" line="267" class="phpunit\QueryBuilderTest" classname="phpunit.QueryBuilderTest" assertions="1" time="0.001952"/>
          <testcase name="testBuildWhere with data set #7" file="/app/test/phpunit/QueryBuilderTest.php" line="267" class="phpunit\QueryBuilderTest" classname="phpunit.QueryBuilderTest" assertions="1" time="0.001944"/>
          <testcase name="testBuildWhere with data set #8" file="/app/test/phpunit/QueryBuilderTest.php" line="267" class="phpunit\QueryBuilderTest" classname="phpunit.QueryBuilderTest" assertions="1" time="0.001938"/>
          <testcase name="testBuildWhere with data set #9" file="/app/test/phpunit/QueryBuilderTest.php" line="267" class="phpunit\QueryBuilderTest" classname="phpunit.QueryBuilderTest" assertions="1" time="0.001945"/>
          <testcase name="testBuildWhere with data set #10" file="/app/test/phpunit/QueryBuilderTest.php" line="267" class="phpunit\QueryBuilderTest" classname="phpunit.QueryBuilderTest" assertions="1" time="0.001954"/>
          <testcase name="testBuildWhere with data set #11" file="/app/test/phpunit/QueryBuilderTest.php" line="267" class="phpunit\QueryBuilderTest" classname="phpunit.QueryBuilderTest" assertions="1" time="0.001924"/>
          <testcase name="testBuildWhere with data set #12" file="/app/test/phpunit/QueryBuilderTest.php" line="267" class="phpunit\QueryBuilderTest" classname="phpunit.QueryBuilderTest" assertions="1" time="0.002002"/>
          <testcase name="testBuildWhere with data set #13" file="/app/test/phpunit/QueryBuilderTest.php" line="267" class="phpunit\QueryBuilderTest" classname="phpunit.QueryBuilderTest" assertions="1" time="0.001947"/>
          <testcase name="testBuildWhere with data set #14" file="/app/test/phpunit/QueryBuilderTest.php" line="267" class="phpunit\QueryBuilderTest" classname="phpunit.QueryBuilderTest" assertions="1" time="0.001950"/>
          <testcase name="testBuildWhere with data set #15" file="/app/test/phpunit/QueryBuilderTest.php" line="267" class="phpunit\QueryBuilderTest" classname="phpunit.QueryBuilderTest" assertions="1" time="0.001935"/>
          <testcase name="testBuildWhere with data set #16" file="/app/test/phpunit/QueryBuilderTest.php" line="267" class="phpunit\QueryBuilderTest" classname="phpunit.QueryBuilderTest" assertions="1" time="0.001975"/>
          <testcase name="testBuildWhere with data set #17" file="/app/test/phpunit/QueryBuilderTest.php" line="267" class="phpunit\QueryBuilderTest" classname="phpunit.QueryBuilderTest" assertions="1" time="0.001964"/>
          <testcase name="testBuildWhere with data set #18" file="/app/test/phpunit/QueryBuilderTest.php" line="267" class="phpunit\QueryBuilderTest" classname="phpunit.QueryBuilderTest" assertions="1" time="0.002133"/>
          <testcase name="testBuildWhere with data set #19" file="/app/test/phpunit/QueryBuilderTest.php" line="267" class="phpunit\QueryBuilderTest" classname="phpunit.QueryBuilderTest" assertions="1" time="0.001994"/>
          <testcase name="testBuildWhere with data set #20" file="/app/test/phpunit/QueryBuilderTest.php" line="267" class="phpunit\QueryBuilderTest" classname="phpunit.QueryBuilderTest" assertions="1" time="0.002015"/>
          <testcase name="testBuildWhere with data set #21" file="/app/test/phpunit/QueryBuilderTest.php" line="267" class="phpunit\QueryBuilderTest" classname="phpunit.QueryBuilderTest" assertions="1" time="0.002010"/>
          <testcase name="testBuildWhere with data set #22" file="/app/test/phpunit/QueryBuilderTest.php" line="267" class="phpunit\QueryBuilderTest" classname="phpunit.QueryBuilderTest" assertions="1" time="0.001972"/>
          <testcase name="testBuildWhere with data set #23" file="/app/test/phpunit/QueryBuilderTest.php" line="267" class="phpunit\QueryBuilderTest" classname="phpunit.QueryBuilderTest" assertions="1" time="0.001960"/>
          <testcase name="testBuildWhere with data set #24" file="/app/test/phpunit/QueryBuilderTest.php" line="267" class="phpunit\QueryBuilderTest" classname="phpunit.QueryBuilderTest" assertions="1" time="0.002031"/>
          <testcase name="testBuildWhere with data set #25" file="/app/test/phpunit/QueryBuilderTest.php" line="267" class="phpunit\QueryBuilderTest" classname="phpunit.QueryBuilderTest" assertions="1" time="0.001977"/>
          <testcase name="testBuildWhere with data set #26" file="/app/test/phpunit/QueryBuilderTest.php" line="267" class="phpunit\QueryBuilderTest" classname="phpunit.QueryBuilderTest" assertions="1" time="0.001960"/>
          <testcase name="testBuildWhere with data set #27" file="/app/test/phpunit/QueryBuilderTest.php" line="267" class="phpunit\QueryBuilderTest" classname="phpunit.QueryBuilderTest" assertions="1" time="0.001997"/>
          <testcase name="testBuildWhere with data set #28" file="/app/test/phpunit/QueryBuilderTest.php" line="267" class="phpunit\QueryBuilderTest" classname="phpunit.QueryBuilderTest" assertions="1" time="0.001984"/>
          <testcase name="testBuildWhere with data set #29" file="/app/test/phpunit/QueryBuilderTest.php" line="267" class="phpunit\QueryBuilderTest" classname="phpunit.QueryBuilderTest" assertions="1" time="0.001958"/>
          <testcase name="testBuildWhere with data set #30" file="/app/test/phpunit/QueryBuilderTest.php" line="267" class="phpunit\QueryBuilderTest" classname="phpunit.QueryBuilderTest" assertions="1" time="0.001978"/>
          <testcase name="testBuildWhere with data set #31" file="/app/test/phpunit/QueryBuilderTest.php" line="267" class="phpunit\QueryBuilderTest" classname="phpunit.QueryBuilderTest" assertions="1" time="0.001993"/>
          <testcase name="testBuildWhere with data set #32" file="/app/test/phpunit/QueryBuilderTest.php" line="267" class="phpunit\QueryBuilderTest" classname="phpunit.QueryBuilderTest" assertions="1" time="0.001975"/>
          <testcase name="testBuildWhere with data set #33" file="/app/test/phpunit/QueryBuilderTest.php" line="267" class="phpunit\QueryBuilderTest" classname="phpunit.QueryBuilderTest" assertions="1" time="0.001992"/>
          <testcase name="testBuildWhere with data set #34" file="/app/test/phpunit/QueryBuilderTest.php" line="267" class="phpunit\QueryBuilderTest" classname="phpunit.QueryBuilderTest" assertions="1" time="0.001948"/>
          <testcase name="testBuildWhere with data set #35" file="/app/test/phpunit/QueryBuilderTest.php" line="267" class="phpunit\QueryBuilderTest" classname="phpunit.QueryBuilderTest" assertions="1" time="0.001937"/>
        </testsuite>
        <testcase name="testShowColumnsLike" file="/app/test/phpunit/QueryBuilderTest.php" line="60" class="phpunit\QueryBuilderTest" classname="phpunit.QueryBuilderTest" assertions="3" time="0.001985"/>
        <testcase name="testShowKeys" file="/app/test/phpunit/QueryBuilderTest.php" line="75" class="phpunit\QueryBuilderTest" classname="phpunit.QueryBuilderTest" assertions="3" time="0.001900"/>
        <testcase name="testInsertReplaceOneException" file="/app/test/phpunit/QueryBuilderTest.php" line="97" class="phpunit\QueryBuilderTest" classname="phpunit.QueryBuilderTest" assertions="1" time="0.001754"/>
        <testcase name="testEscape" file="/app/test/phpunit/QueryBuilderTest.php" line="120" class="phpunit\QueryBuilderTest" classname="phpunit.QueryBuilderTest" assertions="3" time="0.001980"/>
        <testcase name="testInsertOneRejectsBacktickedTable" file="/app/test/phpunit/QueryBuilderTest.php" line="180" class="phpunit\QueryBuilderTest" classname="phpunit.QueryBuilderTest" assertions="1" time="0.001743"/>
        <testcase name="testInsertOneRejectsSemicolonTable" file="/app/test/phpunit/QueryBuilderTest.php" line="186" class="phpunit\QueryBuilderTest" classname="phpunit.QueryBuilderTest" assertions="1" time="0.001765"/>
        <testcase name="testBuildDeleteWhereRejectsInjectedTable" file="/app/test/phpunit/QueryBuilderTest.php" line="192" class="phpunit\QueryBuilderTest" classname="phpunit.QueryBuilderTest" assertions="1" time="0.001799"/>
        <testcase name="testBuildUpdateWhereRejectsInjectedColumn" file="/app/test/phpunit/QueryBuilderTest.php" line="198" class="phpunit\QueryBuilderTest" classname="phpunit.QueryBuilderTest" assertions="1" time="0.001816"/>
        <testcase name="testBuildWhereRejectsInjectedColumn" file="/app/test/phpunit/QueryBuilderTest.php" line="204" class="phpunit\QueryBuilderTest" classname="phpunit.QueryBuilderTest" assertions="1" time="0.001764"/>
        <testcase name="testBuildWhereEmptyInList" file="/app/test/phpunit/QueryBuilderTest.php" line="232" class="phpunit\QueryBuilderTest" classname="phpunit.QueryBuilderTest" assertions="1" time="0.001733"/>
        <testcase name="testBuildInsertManyException" file="/app/test/phpunit/QueryBuilderTest.php" line="238" class="phpunit\QueryBuilderTest" classname="phpunit.QueryBuilderTest" assertions="1" time="0.001763"/>
        <testcase name="testInsertOneInvalidType" file="/app/test/phpunit/QueryBuilderTest.php" line="253" class="phpunit\QueryBuilderTest" classname="phpunit.QueryBuilderTest" assertions="1" time="0.001710"/>
        <testcase name="testBuildWhereException" file="/app/test/phpunit/QueryBuilderTest.php" line="273" class="phpunit\QueryBuilderTest" classname="phpunit.QueryBuilderTest" assertions="1" time="0.001741"/>
        <testcase name="testBuildUpdateWhereManyException1" file="/app/test/phpunit/QueryBuilderTest.php" line="279" class="phpunit\QueryBuilderTest" classname="phpunit.QueryBuilderTest" assertions="1" time="0.001728"/>
        <testcase name="testBuildUpdateWhereManyException2" file="/app/test/phpunit/QueryBuilderTest.php" line="285" class="phpunit\QueryBuilderTest" classname="phpunit.QueryBuilderTest" assertions="1" time="0.001771"/>
        <testcase name="testBuildUpdateWhereManyException3" file="/app/test/phpunit/QueryBuilderTest.php" line="291" class="phpunit\QueryBuilderTest" classname="phpunit.QueryBuilderTest" assertions="1" time="0.001756"/>
        <testcase name="testBuildUpdateWhereManyException4" file="/app/test/phpunit/QueryBuilderTest.php" line="297" class="phpunit\QueryBuilderTest" classname="phpunit.QueryBuilderTest" assertions="1" time="0.001807"/>
        <testcase name="testBuildUpdateWhereManyException5" file="/app/test/phpunit/QueryBuilderTest.php" line="303" class="phpunit\QueryBuilderTest" classname="phpunit.QueryBuilderTest" assertions="1" time="0.001762"/>
        <testcase name="testBuildUpdateWhereManyException6" file="/app/test/phpunit/QueryBuilderTest.php" line="309" class="phpunit\QueryBuilderTest" classname="phpunit.QueryBuilderTest" assertions="1" time="0.001774"/>
        <testcase name="testBuildUpdateWhereManyException7" file="/app/test/phpunit/QueryBuilderTest.php" line="315" class="phpunit\QueryBuilderTest" classname="phpunit.QueryBuilderTest" assertions="1" time="0.001776"/>
        <testcase name="testbuildDeleteWhereExceptions" file="/app/test/phpunit/QueryBuilderTest.php" line="474" class="phpunit\QueryBuilderTest" classname="phpunit.QueryBuilderTest" assertions="1" time="0.001745"/>
        <testcase name="testBuildUpdateWhereExceptions1" file="/app/test/phpunit/QueryBuilderTest.php" line="486" class="phpunit\QueryBuilderTest" classname="phpunit.QueryBuilderTest" assertions="1" time="0.001729"/>
        <testcase name="testBuildUpdateWhereExceptions2" file="/app/test/phpunit/QueryBuilderTest.php" line="492" class="phpunit\QueryBuilderTest" classname="phpunit.QueryBuilderTest" assertions="1" time="0.001748"/>
        <testcase name="testBuildUpdateWhereExceptions3" file="/app/test/phpunit/QueryBuilderTest.php" line="498" class="phpunit\QueryBuilderTest" classname="phpunit.QueryBuilderTest" assertions="1" time="0.001800"/>
        <testcase name="testBuildUpdateWhereExceptions4" file="/app/test/phpunit/QueryBuilderTest.php" line="504" class="phpunit\QueryBuilderTest" classname="phpunit.QueryBuilderTest" assertions="1" time="0.001733"/>
        <testcase name="testBuildUpdateWhereExceptions5" file="/app/test/phpunit/QueryBuilderTest.php" line="510" class="phpunit\QueryBuilderTest" classname="phpunit.QueryBuilderTest" assertions="1" time="0.001735"/>
      </testsuite>
      <testsuite name="phpunit\RegistryTest" file="/app/test/phpunit/RegistryTest.php" tests="10" assertions="9" errors="0" failures="0" skipped="0" time="0.019876">
        <testcase name="testRegistryEmpty1" file="/app/test/phpunit/RegistryTest.php" line="30" class="phpunit\RegistryTest" classname="phpunit.RegistryTest" assertions="1" time="0.001880"/>
        <testcase name="testRegistryEmpty2" file="/app/test/phpunit/RegistryTest.php" line="36" class="phpunit\RegistryTest" classname="phpunit.RegistryTest" assertions="1" time="0.001808"/>
        <testcase name="testRegistryEmpty3" file="/app/test/phpunit/RegistryTest.php" line="42" class="phpunit\RegistryTest" classname="phpunit.RegistryTest" assertions="1" time="0.003134"/>
        <testcase name="testRegistrySet" file="/app/test/phpunit/RegistryTest.php" line="49" class="phpunit\RegistryTest" classname="phpunit.RegistryTest" assertions="1" time="0.001799"/>
        <testcase name="testRegistrySetIntegerKey" file="/app/test/phpunit/RegistryTest.php" line="56" class="phpunit\RegistryTest" classname="phpunit.RegistryTest" assertions="1" time="0.002114"/>
        <testcase name="testRegistryUnSet1" file="/app/test/phpunit/RegistryTest.php" line="63" class="phpunit\RegistryTest" classname="phpunit.RegistryTest" assertions="1" time="0.001803"/>
        <testcase name="testRegistryUnSet2" file="/app/test/phpunit/RegistryTest.php" line="69" class="phpunit\RegistryTest" classname="phpunit.RegistryTest" assertions="0" time="0.001966"/>
        <testcase name="testRegistrySerialize1" file="/app/test/phpunit/RegistryTest.php" line="77" class="phpunit\RegistryTest" classname="phpunit.RegistryTest" assertions="1" time="0.001779"/>
        <testcase name="testRegistryUnserialize2" file="/app/test/phpunit/RegistryTest.php" line="84" class="phpunit\RegistryTest" classname="phpunit.RegistryTest" assertions="1" time="0.001797"/>
        <testcase name="testRegistryClone" file="/app/test/phpunit/RegistryTest.php" line="91" class="phpunit\RegistryTest" classname="phpunit.RegistryTest" assertions="1" time="0.001798"/>
      </testsuite>
      <testsuite name="phpunit\RepositoryTest" file="/app/test/phpunit/RepositoryTest.php" tests="1" assertions="2" errors="0" failures="0" skipped="0" time="0.004969">
        <testcase name="testRegistry" file="/app/test/phpunit/RepositoryTest.php" line="29" class="phpunit\RepositoryTest" classname="phpunit.RepositoryTest" assertions="2" time="0.004969"/>
      </testsuite>
      <testsuite name="phpunit\ResourceTest" file="/app/test/phpunit/ResourceTest.php" tests="22" assertions="50" errors="0" failures="0" skipped="0" time="0.071261">
        <testcase name="testOpenCloseError" file="/app/test/phpunit/ResourceTest.php" line="42" class="phpunit\ResourceTest" classname="phpunit.ResourceTest" assertions="2" time="0.003658"/>
        <testcase name="testOpenAutocommitFailed" file="/app/test/phpunit/ResourceTest.php" line="55" class="phpunit\ResourceTest" classname="phpunit.ResourceTest" assertions="2" time="0.004045"/>
        <testcase name="testSimpleClose" file="/app/test/phpunit/ResourceTest.php" line="71" class="phpunit\ResourceTest" classname="phpunit.ResourceTest" assertions="1" time="0.002093"/>
        <testcase name="testCloseNotConnected" file="/app/test/phpunit/ResourceTest.php" line="77" class="phpunit\ResourceTest" classname="phpunit.ResourceTest" assertions="1" time="0.002128"/>
        <testcase name="testWillCommitNotPersistentTransactionWhenNoAutocommitAndNoTransactionOnClose" file="/app/test/phpunit/ResourceTest.php" line="85" class="phpunit\ResourceTest" classname="phpunit.ResourceTest" assertions="2" time="0.002912"/>
        <testcase name="testWillCommitIsPersistentTransactionWhenNoAutocommitAndNoTransactionOnClose" file="/app/test/phpunit/ResourceTest.php" line="105" class="phpunit\ResourceTest" classname="phpunit.ResourceTest" assertions="2" time="0.002902"/>
        <testcase name="testTransactionExceptionOnPersistentClose" file="/app/test/phpunit/ResourceTest.php" line="122" class="phpunit\ResourceTest" classname="phpunit.ResourceTest" assertions="3" time="0.003903"/>
        <testcase name="testTransactionExceptionOnNonPersistentClose" file="/app/test/phpunit/ResourceTest.php" line="141" class="phpunit\ResourceTest" classname="phpunit.ResourceTest" assertions="3" time="0.002851"/>
        <testcase name="testDisconnectExceptionOnClose" file="/app/test/phpunit/ResourceTest.php" line="160" class="phpunit\ResourceTest" classname="phpunit.ResourceTest" assertions="3" time="0.002581"/>
        <testcase name="testUncaughtExceptionBecomesInternalExceptionOnClose" file="/app/test/phpunit/ResourceTest.php" line="176" class="phpunit\ResourceTest" classname="phpunit.ResourceTest" assertions="3" time="0.002729"/>
        <testcase name="testNoGcWhenNotConnected" file="/app/test/phpunit/ResourceTest.php" line="192" class="phpunit\ResourceTest" classname="phpunit.ResourceTest" assertions="1" time="0.002244"/>
        <testcase name="testGcWhenConnected" file="/app/test/phpunit/ResourceTest.php" line="202" class="phpunit\ResourceTest" classname="phpunit.ResourceTest" assertions="1" time="0.002692"/>
        <testcase name="testDoNoCommitTransactionWhenAutocommitEnabledOnClose" file="/app/test/phpunit/ResourceTest.php" line="218" class="phpunit\ResourceTest" classname="phpunit.ResourceTest" assertions="1" time="0.002780"/>
        <testcase name="testDoNoCommitTransactionWhenTransactionExplicitlyStartedOnClose" file="/app/test/phpunit/ResourceTest.php" line="234" class="phpunit\ResourceTest" classname="phpunit.ResourceTest" assertions="1" time="0.002745"/>
        <testcase name="testQueryBadClientRequest" file="/app/test/phpunit/ResourceTest.php" line="249" class="phpunit\ResourceTest" classname="phpunit.ResourceTest" assertions="3" time="0.003186"/>
        <testcase name="testQueryBadServerResponse" file="/app/test/phpunit/ResourceTest.php" line="262" class="phpunit\ResourceTest" classname="phpunit.ResourceTest" assertions="3" time="0.002831"/>
        <testcase name="testQueryBadServerResponsePacketFieldCountIsNotZeroButBadResult" file="/app/test/phpunit/ResourceTest.php" line="295" class="phpunit\ResourceTest" classname="phpunit.ResourceTest" assertions="4" time="0.003677"/>
        <testcase name="testQueryBadServerResponsePacketFieldCountIsZero" file="/app/test/phpunit/ResourceTest.php" line="276" class="phpunit\ResourceTest" classname="phpunit.ResourceTest" assertions="4" time="0.002995"/>
        <testcase name="testConnectingDefaultsFailed" file="/app/test/phpunit/ResourceTest.php" line="315" class="phpunit\ResourceTest" classname="phpunit.ResourceTest" assertions="3" time="0.004781"/>
        <testcase name="testConnectingTransactionIsolationFailed" file="/app/test/phpunit/ResourceTest.php" line="341" class="phpunit\ResourceTest" classname="phpunit.ResourceTest" assertions="3" time="0.005353"/>
        <testcase name="testConnectingTransactionAutocommitFailed" file="/app/test/phpunit/ResourceTest.php" line="364" class="phpunit\ResourceTest" classname="phpunit.ResourceTest" assertions="3" time="0.004560"/>
        <testcase name="testOpen" file="/app/test/phpunit/ResourceTest.php" line="36" class="phpunit\ResourceTest" classname="phpunit.ResourceTest" assertions="1" time="0.003613"/>
      </testsuite>
      <testsuite name="phpunit\SelectTest" file="/app/test/phpunit/SelectTest.php" tests="15" assertions="20" errors="0" failures="0" skipped="0" time="0.062234">
        <testsuite name="phpunit\SelectTest::testSimpleSelect" tests="13" assertions="13" errors="0" failures="0" skipped="0" time="0.052530">
          <testcase name="testSimpleSelect with data set &quot;simple select all&quot;" file="/app/test/phpunit/SelectTest.php" line="146" class="phpunit\SelectTest" classname="phpunit.SelectTest" assertions="1" time="0.004090"/>
          <testcase name="testSimpleSelect with data set &quot;complex select all&quot;" file="/app/test/phpunit/SelectTest.php" line="146" class="phpunit\SelectTest" classname="phpunit.SelectTest" assertions="1" time="0.003917"/>
          <testcase name="testSimpleSelect with data set &quot;simple select JOIN&quot;" file="/app/test/phpunit/SelectTest.php" line="146" class="phpunit\SelectTest" classname="phpunit.SelectTest" assertions="1" time="0.004188"/>
          <testcase name="testSimpleSelect with data set &quot;simple select UNION&quot;" file="/app/test/phpunit/SelectTest.php" line="146" class="phpunit\SelectTest" classname="phpunit.SelectTest" assertions="1" time="0.003946"/>
          <testcase name="testSimpleSelect with data set &quot;simple select ORDER BY&quot;" file="/app/test/phpunit/SelectTest.php" line="146" class="phpunit\SelectTest" classname="phpunit.SelectTest" assertions="1" time="0.003926"/>
          <testcase name="testSimpleSelect with data set &quot;simple select WHERE&quot;" file="/app/test/phpunit/SelectTest.php" line="146" class="phpunit\SelectTest" classname="phpunit.SelectTest" assertions="1" time="0.003885"/>
          <testcase name="testSimpleSelect with data set &quot;simple select COUNT&quot;" file="/app/test/phpunit/SelectTest.php" line="146" class="phpunit\SelectTest" classname="phpunit.SelectTest" assertions="1" time="0.004642"/>
          <testcase name="testSimpleSelect with data set &quot;simple select GROUP BY&quot;" file="/app/test/phpunit/SelectTest.php" line="146" class="phpunit\SelectTest" classname="phpunit.SelectTest" assertions="1" time="0.004249"/>
          <testcase name="testSimpleSelect with data set &quot;simple select HAVING&quot;" file="/app/test/phpunit/SelectTest.php" line="146" class="phpunit\SelectTest" classname="phpunit.SelectTest" assertions="1" time="0.004212"/>
          <testcase name="testSimpleSelect with data set &quot;simple select LIMIT&quot;" file="/app/test/phpunit/SelectTest.php" line="146" class="phpunit\SelectTest" classname="phpunit.SelectTest" assertions="1" time="0.003882"/>
          <testcase name="testSimpleSelect with data set &quot;simple select LIMIT OFFSET&quot;" file="/app/test/phpunit/SelectTest.php" line="146" class="phpunit\SelectTest" classname="phpunit.SelectTest" assertions="1" time="0.003856"/>
          <testcase name="testSimpleSelect with data set &quot;simple select ALL&quot;" file="/app/test/phpunit/SelectTest.php" line="146" class="phpunit\SelectTest" classname="phpunit.SelectTest" assertions="1" time="0.003862"/>
          <testcase name="testSimpleSelect with data set &quot;simple select SQL_SMALL_RESULT&quot;" file="/app/test/phpunit/SelectTest.php" line="146" class="phpunit\SelectTest" classname="phpunit.SelectTest" assertions="1" time="0.003877"/>
        </testsuite>
        <testcase name="testServerGoneDuringQuery" file="/app/test/phpunit/SelectTest.php" line="175" class="phpunit\SelectTest" classname="phpunit.SelectTest" assertions="3" time="0.004394"/>
        <testcase name="testTerminationDuringQuery" file="/app/test/phpunit/SelectTest.php" line="153" class="phpunit\SelectTest" classname="phpunit.SelectTest" assertions="4" time="0.005310"/>
      </testsuite>
      <testsuite name="phpunit\TransactionsTest" file="/app/test/phpunit/TransactionsTest.php" tests="11" assertions="19" errors="0" failures="0" skipped="0" time="0.038646">
        <testcase name="testBeginTransactionReadonlySuccess" file="/app/test/phpunit/TransactionsTest.php" line="93" class="phpunit\TransactionsTest" classname="phpunit.TransactionsTest" assertions="1" time="0.002566"/>
        <testcase name="testBeginTransactionReadonlyFailure" file="/app/test/phpunit/TransactionsTest.php" line="106" class="phpunit\TransactionsTest" classname="phpunit.TransactionsTest" assertions="2" time="0.002584"/>
        <testcase name="testBeginTransactionReadwriteSuccess" file="/app/test/phpunit/TransactionsTest.php" line="120" class="phpunit\TransactionsTest" classname="phpunit.TransactionsTest" assertions="1" time="0.002471"/>
        <testcase name="testBeginTransactionReadwriteFailure" file="/app/test/phpunit/TransactionsTest.php" line="133" class="phpunit\TransactionsTest" classname="phpunit.TransactionsTest" assertions="2" time="0.003571"/>
        <testcase name="testRollbackTransactionSuccess" file="/app/test/phpunit/TransactionsTest.php" line="147" class="phpunit\TransactionsTest" classname="phpunit.TransactionsTest" assertions="1" time="0.002327"/>
        <testcase name="testRollbackTransactionFailure" file="/app/test/phpunit/TransactionsTest.php" line="159" class="phpunit\TransactionsTest" classname="phpunit.TransactionsTest" assertions="2" time="0.003477"/>
        <testcase name="testCommitTransactionSuccess" file="/app/test/phpunit/TransactionsTest.php" line="172" class="phpunit\TransactionsTest" classname="phpunit.TransactionsTest" assertions="1" time="0.002302"/>
        <testcase name="testCommitTransactionFailure" file="/app/test/phpunit/TransactionsTest.php" line="184" class="phpunit\TransactionsTest" classname="phpunit.TransactionsTest" assertions="2" time="0.002444"/>
        <testcase name="testBeginTransactionReadonlyReal" file="/app/test/phpunit/TransactionsTest.php" line="37" class="phpunit\TransactionsTest" classname="phpunit.TransactionsTest" assertions="1" time="0.004736"/>
        <testcase name="testBeginTransactionReadWriteReal" file="/app/test/phpunit/TransactionsTest.php" line="57" class="phpunit\TransactionsTest" classname="phpunit.TransactionsTest" assertions="1" time="0.003922"/>
        <testcase name="testTransactionIsolationLevel" file="/app/test/phpunit/TransactionsTest.php" line="70" class="phpunit\TransactionsTest" classname="phpunit.TransactionsTest" assertions="5" time="0.008246"/>
      </testsuite>
      <testsuite name="phpunit\UpdateTest" file="/app/test/phpunit/UpdateTest.php" tests="7" assertions="16" errors="0" failures="0" skipped="0" time="0.030093">
        <testcase name="testUpdateInternalError" file="/app/test/phpunit/UpdateTest.php" line="158" class="phpunit\UpdateTest" classname="phpunit.UpdateTest" assertions="2" time="0.004170"/>
        <testcase name="testUpdateReturnsNull" file="/app/test/phpunit/UpdateTest.php" line="178" class="phpunit\UpdateTest" classname="phpunit.UpdateTest" assertions="2" time="0.002769"/>
        <testcase name="testDeleteWhereReturnsNull" file="/app/test/phpunit/UpdateTest.php" line="191" class="phpunit\UpdateTest" classname="phpunit.UpdateTest" assertions="2" time="0.002277"/>
        <testcase name="testUpdate" file="/app/test/phpunit/UpdateTest.php" line="73" class="phpunit\UpdateTest" classname="phpunit.UpdateTest" assertions="3" time="0.005164"/>
        <testcase name="testUpdateMany" file="/app/test/phpunit/UpdateTest.php" line="100" class="phpunit\UpdateTest" classname="phpunit.UpdateTest" assertions="2" time="0.005088"/>
        <testcase name="testUpdateWhere" file="/app/test/phpunit/UpdateTest.php" line="31" class="phpunit\UpdateTest" classname="phpunit.UpdateTest" assertions="4" time="0.006449"/>
        <testcase name="testUpdateManyMultiColumn" file="/app/test/phpunit/UpdateTest.php" line="132" class="phpunit\UpdateTest" classname="phpunit.UpdateTest" assertions="1" time="0.004175"/>
      </testsuite>
    </testsuite>
  </testsuite>
</testsuites>
