<?xml version="1.0" encoding="UTF-8"?>
<testsuites>
  <testsuite name="/app/test/phpunit.xml" tests="309" assertions="905" errors="0" failures="0" skipped="0" time="8.482264">
    <testsuite name="phpunit" tests="309" assertions="905" errors="0" failures="0" skipped="0" time="8.482264">
      <testsuite name="phpunit\DeleteTest" file="/app/test/phpunit/DeleteTest.php" tests="5" assertions="14" errors="0" failures="0" skipped="0" time="0.380555">
        <testcase name="testDeleteWhereReturnsNull" file="/app/test/phpunit/DeleteTest.php" line="126" class="phpunit\DeleteTest" classname="phpunit.DeleteTest" assertions="2" time="0.297251"/>
        <testcase name="testDeleteInternalError" file="/app/test/phpunit/DeleteTest.php" line="76" class="phpunit\DeleteTest" classname="phpunit.DeleteTest" assertions="2" time="0.062238"/>
        <testcase name="testDeleteWhere" file="/app/test/phpunit/DeleteTest.php" line="95" class="phpunit\DeleteTest" classname="phpunit.DeleteTest" assertions="4" time="0.011029"/>
        <testcase name="testDeleteError" file="/app/test/phpunit/DeleteTest.php" line="61" class="phpunit\DeleteTest" classname="phpunit.DeleteTest" assertions="2" time="0.003754"/>
        <testcase name="testDelete" file="/app/test/phpunit/DeleteTest.php" line="30" class="phpunit\DeleteTest" classname="phpunit.DeleteTest" assertions="4" time="0.006283"/>
      </testsuite>
      <testsuite name="phpunit\ExceptionTest" file="/app/test/phpunit/ExceptionTest.php" tests="11" assertions="18" errors="0" failures="0" skipped="0" time="7.058108">
        <testcase name="testFailedToRollbackTransaction" file="/app/test/phpunit/ExceptionTest.php" line="92" class="phpunit\ExceptionTest" classname="phpunit.ExceptionTest" assertions="1" time="0.003930"/>
        <testcase name="testFailedToCommitTransaction" file="/app/test/phpunit/ExceptionTest.php" line="99" class="phpunit\ExceptionTest" classname="phpunit.ExceptionTest" assertions="1" time="0.002724"/>
        <testcase name="testMySqlError" file="/app/test/phpunit/ExceptionTest.php" line="122" class="phpunit\ExceptionTest" classname="phpunit.ExceptionTest" assertions="1" time="0.005932"/>
        <testcase name="testMySqlWarning" file="/app/test/phpunit/ExceptionTest.php" line="114" class="phpunit\ExceptionTest" classname="phpunit.ExceptionTest" assertions="2" time="0.004708"/>
        <testcase name="testTableDoesNotExist" file="/app/test/phpunit/ExceptionTest.php" line="32" class="phpunit\ExceptionTest" classname="phpunit.ExceptionTest" assertions="2" time="0.004714"/>
        <testcase name="testFailedToCommandLazy" file="/app/test/phpunit/ExceptionTest.php" line="77" class="phpunit\ExceptionTest" classname="phpunit.ExceptionTest" assertions="2" time="1.005924"/>
        <testcase name="testFailedToEscapeLazy" file="/app/test/phpunit/ExceptionTest.php" line="106" class="phpunit\ExceptionTest" classname="phpunit.ExceptionTest" assertions="2" time="1.005777"/>
        <testcase name="testFailedToConnect" file="/app/test/phpunit/ExceptionTest.php" line="52" class="phpunit\ExceptionTest" classname="phpunit.ExceptionTest" assertions="2" time="1.005587"/>
        <testcase name="testFailedToConnectLazy" file="/app/test/phpunit/ExceptionTest.php" line="69" class="phpunit\ExceptionTest" classname="phpunit.ExceptionTest" assertions="2" time="1.005673"/>
        <testcase name="testFailedToBeginTransaction" file="/app/test/phpunit/ExceptionTest.php" line="85" class="phpunit\ExceptionTest" classname="phpunit.ExceptionTest" assertions="1" time="1.005645"/>
        <testcase name="testFailedToConnectAfterRetry" file="/app/test/phpunit/ExceptionTest.php" line="60" class="phpunit\ExceptionTest" classname="phpunit.ExceptionTest" assertions="2" time="2.007494"/>
      </testsuite>
      <testsuite name="phpunit\InsertTest" file="/app/test/phpunit/InsertTest.php" tests="7" assertions="18" errors="0" failures="0" skipped="0" time="0.049921">
        <testcase name="testInsertError" file="/app/test/phpunit/InsertTest.php" line="89" class="phpunit\InsertTest" classname="phpunit.InsertTest" assertions="2" time="0.003508"/>
        <testcase name="testReplace" file="/app/test/phpunit/InsertTest.php" line="31" class="phpunit\InsertTest" classname="phpunit.InsertTest" assertions="2" time="0.006969"/>
        <testcase name="testReplaceOne" file="/app/test/phpunit/InsertTest.php" line="60" class="phpunit\InsertTest" classname="phpunit.InsertTest" assertions="2" time="0.006429"/>
        <testcase name="testInsert" file="/app/test/phpunit/InsertTest.php" line="103" class="phpunit\InsertTest" classname="phpunit.InsertTest" assertions="2" time="0.006409"/>
        <testcase name="testInsertOneRejectsMaliciousTable" file="/app/test/phpunit/InsertTest.php" line="275" class="phpunit\InsertTest" classname="phpunit.InsertTest" assertions="2" time="0.006818"/>
        <testcase name="testInsertMany" file="/app/test/phpunit/InsertTest.php" line="133" class="phpunit\InsertTest" classname="phpunit.InsertTest" assertions="4" time="0.010009"/>
        <testcase name="testInsertOne" file="/app/test/phpunit/InsertTest.php" line="219" class="phpunit\InsertTest" classname="phpunit.InsertTest" assertions="4" time="0.009779"/>
      </testsuite>
      <testsuite name="phpunit\LoggerTest" file="/app/test/phpunit/LoggerTest.php" tests="19" assertions="95" errors="0" failures="0" skipped="0" time="0.087216">
        <testsuite name="phpunit\LoggerTest::testLoggerWithStrings" tests="6" assertions="78" errors="0" failures="0" skipped="0" time="0.055152">
          <testcase name="testLoggerWithStrings with data set &quot;nothing&quot;" file="/app/test/phpunit/LoggerTest.php" line="256" class="phpunit\LoggerTest" classname="phpunit.LoggerTest" assertions="14" time="0.037117"/>
          <testcase name="testLoggerWithStrings with data set &quot;nothing-array&quot;" file="/app/test/phpunit/LoggerTest.php" line="256" class="phpunit\LoggerTest" classname="phpunit.LoggerTest" assertions="14" time="0.003763"/>
          <testcase name="testLoggerWithStrings with data set &quot;nothing-error&quot;" file="/app/test/phpunit/LoggerTest.php" line="256" class="phpunit\LoggerTest" classname="phpunit.LoggerTest" assertions="12" time="0.003517"/>
          <testcase name="testLoggerWithStrings with data set &quot;something-error&quot;" file="/app/test/phpunit/LoggerTest.php" line="256" class="phpunit\LoggerTest" classname="phpunit.LoggerTest" assertions="14" time="0.003719"/>
          <testcase name="testLoggerWithStrings with data set &quot;something-info&quot;" file="/app/test/phpunit/LoggerTest.php" line="256" class="phpunit\LoggerTest" classname="phpunit.LoggerTest" assertions="12" time="0.003497"/>
          <testcase name="testLoggerWithStrings with data set &quot;chars&quot;" file="/app/test/phpunit/LoggerTest.php" line="256" class="phpunit\LoggerTest" classname="phpunit.LoggerTest" assertions="12" time="0.003537"/>
        </testsuite>
        <testcase name="testLoggerError" file="/app/test/phpunit/LoggerTest.php" line="130" class="phpunit\LoggerTest" classname="phpunit.LoggerTest" assertions="2" time="0.002478"/>
        <testcase name="testLoggerConstructorFallbackStderr" file="/app/test/phpunit/LoggerTest.php" line="160" class="phpunit\LoggerTest" classname="phpunit.LoggerTest" assertions="1" time="0.002476"/>
        <testcase name="testLoggerStreamErrEnd" file="/app/test/phpunit/LoggerTest.php" line="171" class="phpunit\LoggerTest" classname="phpunit.LoggerTest" assertions="1" time="0.003651"/>
        <testcase name="testLoggerStreamOutClosed" file="/app/test/phpunit/LoggerTest.php" line="186" class="phpunit\LoggerTest" classname="phpunit.LoggerTest" assertions="1" time="0.002282"/>
        <testcase name="testLoggerStreamErrClosed" file="/app/test/phpunit/LoggerTest.php" line="199" class="phpunit\LoggerTest" classname="phpunit.LoggerTest" assertions="1" time="0.002287"/>
        <testcase name="testLoggerStreamOutBadMode" file="/app/test/phpunit/LoggerTest.php" line="212" class="phpunit\LoggerTest" classname="phpunit.LoggerTest" assertions="1" time="0.002366"/>
        <testcase name="testLoggerStreamErrBadMode" file="/app/test/phpunit/LoggerTest.php" line="223" class="phpunit\LoggerTest" classname="phpunit.LoggerTest" assertions="1" time="0.002278"/>
        <testcase name="testLoggerStreamOutEnd" file="/app/test/phpunit/LoggerTest.php" line="237" class="phpunit\LoggerTest" classname="phpunit.LoggerTest" assertions="1" time="0.002307"/>
        <testcase name="testLoggerWithContext" file="/app/test/phpunit/LoggerTest.php" line="294" class="phpunit\LoggerTest" classname="phpunit.LoggerTest" assertions="2" time="0.002405"/>
        <testcase name="testLoggerInterpolation" file="/app/test/phpunit/LoggerTest.php" line="310" class="phpunit\LoggerTest" classname="phpunit.LoggerTest" assertions="2" time="0.002485"/>
        <testcase name="testLoggerUnusedContextIsAppended" file="/app/test/phpunit/LoggerTest.php" line="325" class="phpunit\LoggerTest" classname="phpunit.LoggerTest" assertions="2" time="0.002486"/>
        <testcase name="testLoggerScalarMessage" file="/app/test/phpunit/LoggerTest.php" line="337" class="phpunit\LoggerTest" classname="phpunit.LoggerTest" assertions="1" time="0.002375"/>
        <testcase name="testLoggerConstructorFallbackStdout" file="/app/test/phpunit/LoggerTest.php" line="149" class="phpunit\LoggerTest" classname="phpunit.LoggerTest" assertions="1" time="0.002186"/>
      </testsuite>
      <testsuite name="phpunit\MetaTest" file="/app/test/phpunit/MetaTest.php" tests="13" assertions="361" errors="0" failures="0" skipped="0" time="0.100721">
        <testcase name="testOpen" file="/app/test/phpunit/MetaTest.php" line="33" class="phpunit\MetaTest" classname="phpunit.MetaTest" assertions="1" time="0.005624"/>
        <testcase name="testClose" file="/app/test/phpunit/MetaTest.php" line="42" class="phpunit\MetaTest" classname="phpunit.MetaTest" assertions="1" time="0.004813"/>
        <testcase name="testSingleQuotedEscape" file="/app/test/phpunit/MetaTest.php" line="615" class="phpunit\MetaTest" classname="phpunit.MetaTest" assertions="3" time="0.004423"/>
        <testcase name="testDoubleQuotedEscape" file="/app/test/phpunit/MetaTest.php" line="630" class="phpunit\MetaTest" classname="phpunit.MetaTest" assertions="3" time="0.004339"/>
        <testcase name="testPrimaryKeyComposite" file="/app/test/phpunit/MetaTest.php" line="64" class="phpunit\MetaTest" classname="phpunit.MetaTest" assertions="1" time="0.006414"/>
        <testcase name="testSet" file="/app/test/phpunit/MetaTest.php" line="78" class="phpunit\MetaTest" classname="phpunit.MetaTest" assertions="1" time="0.005867"/>
        <testcase name="testNotRealEnumOrSet" file="/app/test/phpunit/MetaTest.php" line="85" class="phpunit\MetaTest" classname="phpunit.MetaTest" assertions="2" time="0.005353"/>
        <testcase name="testPrimaryKeyQueryFailed" file="/app/test/phpunit/MetaTest.php" line="661" class="phpunit\MetaTest" classname="phpunit.MetaTest" assertions="3" time="0.006159"/>
        <testcase name="testPrimaryKey" file="/app/test/phpunit/MetaTest.php" line="50" class="phpunit\MetaTest" classname="phpunit.MetaTest" assertions="1" time="0.005590"/>
        <testcase name="testPrimaryKeyNotFound" file="/app/test/phpunit/MetaTest.php" line="57" class="phpunit\MetaTest" classname="phpunit.MetaTest" assertions="1" time="0.005407"/>
        <testcase name="testEnum" file="/app/test/phpunit/MetaTest.php" line="71" class="phpunit\MetaTest" classname="phpunit.MetaTest" assertions="1" time="0.005317"/>
        <testcase name="testEscape" file="/app/test/phpunit/MetaTest.php" line="93" class="phpunit\MetaTest" classname="phpunit.MetaTest" assertions="342" time="0.035561"/>
        <testcase name="testPrimaryKeyNotDefined" file="/app/test/phpunit/MetaTest.php" line="645" class="phpunit\MetaTest" classname="phpunit.MetaTest" assertions="1" time="0.005854"/>
      </testsuite>
      <testsuite name="phpunit\MydbCredentialsTest" file="/app/test/phpunit/MydbCredentialsTest.php" tests="4" assertions="18" errors="0" failures="0" skipped="0" time="0.009274">
        <testcase name="testDefaultParameterValues" file="/app/test/phpunit/MydbCredentialsTest.php" line="33" class="phpunit\MydbCredentialsTest" classname="phpunit.MydbCredentialsTest" assertions="3" time="0.002089"/>
        <testcase name="testConstructWithAllParameters" file="/app/test/phpunit/MydbCredentialsTest.php" line="42" class="phpunit\MydbCredentialsTest" classname="phpunit.MydbCredentialsTest" assertions="7" time="0.002440"/>
        <testcase name="testImplementsCredentialsInterface" file="/app/test/phpunit/MydbCredentialsTest.php" line="63" class="phpunit\MydbCredentialsTest" classname="phpunit.MydbCredentialsTest" assertions="1" time="0.001867"/>
        <testcase name="testTypedGettersReturnSameValues" file="/app/test/phpunit/MydbCredentialsTest.php" line="69" class="phpunit\MydbCredentialsTest" classname="phpunit.MydbCredentialsTest" assertions="7" time="0.002877"/>
      </testsuite>
      <testsuite name="phpunit\MydbEnvironmentTest" file="/app/test/phpunit/MydbEnvironmentTest.php" tests="4" assertions="4" errors="0" failures="0" skipped="0" time="0.009104">
        <testsuite name="phpunit\MydbEnvironmentTest::testSignalSighupTrap" tests="4" assertions="4" errors="0" failures="0" skipped="0" time="0.009104">
          <testcase name="testSignalSighupTrap with data set &quot;SIGHUP&quot;" file="/app/test/phpunit/MydbEnvironmentTest.php" line="64" class="phpunit\MydbEnvironmentTest" classname="phpunit.MydbEnvironmentTest" assertions="1" time="0.002302"/>
          <testcase name="testSignalSighupTrap with data set &quot;SIGTERM&quot;" file="/app/test/phpunit/MydbEnvironmentTest.php" line="64" class="phpunit\MydbEnvironmentTest" classname="phpunit.MydbEnvironmentTest" assertions="1" time="0.002304"/>
          <testcase name="testSignalSighupTrap with data set &quot;SIGINT&quot;" file="/app/test/phpunit/MydbEnvironmentTest.php" line="64" class="phpunit\MydbEnvironmentTest" classname="phpunit.MydbEnvironmentTest" assertions="1" time="0.002199"/>
          <testcase name="testSignalSighupTrap with data set &quot;SIGINT,SIGTERM,SIGHUP&quot;" file="/app/test/phpunit/MydbEnvironmentTest.php" line="64" class="phpunit\MydbEnvironmentTest" classname="phpunit.MydbEnvironmentTest" assertions="1" time="0.002299"/>
        </testsuite>
      </testsuite>
      <testsuite name="phpunit\MydbEventTest" file="/app/test/phpunit/MydbEventTest.php" tests="3" assertions="4" errors="0" failures="0" skipped="0" time="0.007319">
        <testcase name="testMydbEventListenerBreak" file="/app/test/phpunit/MydbEventTest.php" line="34" class="phpunit\MydbEventTest" classname="phpunit.MydbEventTest" assertions="1" time="0.001960"/>
        <testcase name="testMydbEventListenerException" file="/app/test/phpunit/MydbEventTest.php" line="60" class="phpunit\MydbEventTest" classname="phpunit.MydbEventTest" assertions="1" time="0.003331"/>
        <testcase name="testMydbInternalEventSuccess" file="/app/test/phpunit/MydbEventTest.php" line="79" class="phpunit\MydbEventTest" classname="phpunit.MydbEventTest" assertions="2" time="0.002028"/>
      </testsuite>
      <testsuite name="phpunit\MydbExceptionTest" file="/app/test/phpunit/MydbExceptionTest.php" tests="2" assertions="4" errors="0" failures="0" skipped="0" time="0.006657">
        <testcase name="testMyException" file="/app/test/phpunit/MydbExceptionTest.php" line="34" class="phpunit\MydbExceptionTest" classname="phpunit.MydbExceptionTest" assertions="2" time="0.001946"/>
        <testcase name="testQueryBuilderException" file="/app/test/phpunit/MydbExceptionTest.php" line="47" class="phpunit\MydbExceptionTest" classname="phpunit.MydbExceptionTest" assertions="2" time="0.004710"/>
      </testsuite>
      <testsuite name="phpunit\MydbFactoryTest" file="/app/test/phpunit/MydbFactoryTest.php" tests="5" assertions="32" errors="0" failures="0" skipped="0" time="0.023591">
        <testcase name="testCreateOptionsMatchesNewMydbOptions" file="/app/test/phpunit/MydbFactoryTest.php" line="52" class="phpunit\MydbFactoryTest" classname="phpunit.MydbFactoryTest" assertions="13" time="0.011577"/>
        <testcase name="testCreateReadonlyOptions" file="/app/test/phpunit/MydbFactoryTest.php" line="72" class="phpunit\MydbFactoryTest" classname="phpunit.MydbFactoryTest" assertions="3" time="0.002724"/>
        <testcase name="testCreateDefaults" file="/app/test/phpunit/MydbFactoryTest.php" line="84" class="phpunit\MydbFactoryTest" classname="phpunit.MydbFactoryTest" assertions="1" time="0.002800"/>
        <testcase name="testCreateWithOptions" file="/app/test/phpunit/MydbFactoryTest.php" line="93" class="phpunit\MydbFactoryTest" classname="phpunit.MydbFactoryTest" assertions="1" time="0.002735"/>
        <testcase name="testCreateOptionsInitializesDefaults" file="/app/test/phpunit/MydbFactoryTest.php" line="32" class="phpunit\MydbFactoryTest" classname="phpunit.MydbFactoryTest" assertions="14" time="0.003756"/>
      </testsuite>
      <testsuite name="phpunit\MydbModernizationTest" file="/app/test/phpunit/MydbModernizationTest.php" tests="20" assertions="28" errors="0" failures="0" skipped="0" time="0.043075">
        <testsuite name="phpunit\MydbModernizationTest::testClassConstantsHaveNativeTypes" tests="6" assertions="6" errors="0" failures="0" skipped="0" time="0.013071">
          <testcase name="testClassConstantsHaveNativeTypes with data set &quot;MydbOptions::NET_CMD_BUFFER_SIZE_MIN&quot;" file="/app/test/phpunit/MydbModernizationTest.php" line="97" class="phpunit\MydbModernizationTest" classname="phpunit.MydbModernizationTest" assertions="1" time="0.002952"/>
          <testcase name="testClassConstantsHaveNativeTypes with data set &quot;MydbOptions::NET_CMD_BUFFER_SIZE_MAX&quot;" file="/app/test/phpunit/MydbModernizationTest.php" line="97" class="phpunit\MydbModernizationTest" classname="phpunit.MydbModernizationTest" assertions="1" time="0.002004"/>
          <testcase name="testClassConstantsHaveNativeTypes with data set &quot;MydbOptions::NET_READ_BUFFER_MIN&quot;" file="/app/test/phpunit/MydbModernizationTest.php" line="97" class="phpunit\MydbModernizationTest" classname="phpunit.MydbModernizationTest" assertions="1" time="0.001994"/>
          <testcase name="testClassConstantsHaveNativeTypes with data set &quot;MydbOptions::NET_READ_BUFFER_MAX&quot;" file="/app/test/phpunit/MydbModernizationTest.php" line="97" class="phpunit\MydbModernizationTest" classname="phpunit.MydbModernizationTest" assertions="1" time="0.002008"/>
          <testcase name="testClassConstantsHaveNativeTypes with data set &quot;MydbMysqli::SQL_MODE&quot;" file="/app/test/phpunit/MydbModernizationTest.php" line="97" class="phpunit\MydbModernizationTest" classname="phpunit.MydbModernizationTest" assertions="1" time="0.002122"/>
          <testcase name="testClassConstantsHaveNativeTypes with data set &quot;MydbMysqliResult::MYSQLI_ASSOC&quot;" file="/app/test/phpunit/MydbModernizationTest.php" line="97" class="phpunit\MydbModernizationTest" classname="phpunit.MydbModernizationTest" assertions="1" time="0.001992"/>
        </testsuite>
        <testsuite name="phpunit\MydbModernizationTest::testInterfaceMethodsAreOverrideAnnotated" tests="8" assertions="8" errors="0" failures="0" skipped="0" time="0.016245">
          <testcase name="testInterfaceMethodsAreOverrideAnnotated with data set &quot;MydbCredentials::getHost&quot;" file="/app/test/phpunit/MydbModernizationTest.php" line="107" class="phpunit\MydbModernizationTest" classname="phpunit.MydbModernizationTest" assertions="1" time="0.002246"/>
          <testcase name="testInterfaceMethodsAreOverrideAnnotated with data set &quot;MydbCredentials::getUsername&quot;" file="/app/test/phpunit/MydbModernizationTest.php" line="107" class="phpunit\MydbModernizationTest" classname="phpunit.MydbModernizationTest" assertions="1" time="0.001998"/>
          <testcase name="testInterfaceMethodsAreOverrideAnnotated with data set &quot;MydbCredentials::getPasswd&quot;" file="/app/test/phpunit/MydbModernizationTest.php" line="107" class="phpunit\MydbModernizationTest" classname="phpunit.MydbModernizationTest" assertions="1" time="0.002075"/>
          <testcase name="testInterfaceMethodsAreOverrideAnnotated with data set &quot;MydbCredentials::getDbname&quot;" file="/app/test/phpunit/MydbModernizationTest.php" line="107" class="phpunit\MydbModernizationTest" classname="phpunit.MydbModernizationTest" assertions="1" time="0.002024"/>
          <testcase name="testInterfaceMethodsAreOverrideAnnotated with data set &quot;MydbCredentials::getPort&quot;" file="/app/test/phpunit/MydbModernizationTest.php" line="107" class="phpunit\MydbModernizationTest" classname="phpunit.MydbModernizationTest" assertions="1" time="0.001984"/>
          <testcase name="testInterfaceMethodsAreOverrideAnnotated with data set &quot;MydbCredentials::getSocket&quot;" file="/app/test/phpunit/MydbModernizationTest.php" line="107" class="phpunit\MydbModernizationTest" classname="phpunit.MydbModernizationTest" assertions="1" time="0.001987"/>
          <testcase name="testInterfaceMethodsAreOverrideAnnotated with data set &quot;MydbCredentials::getFlags&quot;" file="/app/test/phpunit/MydbModernizationTest.php" line="107" class="phpunit\MydbModernizationTest" classname="phpunit.MydbModernizationTest" assertions="1" time="0.001964"/>
          <testcase name="testInterfaceMethodsAreOverrideAnnotated with data set &quot;Mydb::query&quot;" file="/app/test/phpunit/MydbModernizationTest.php" line="107" class="phpunit\MydbModernizationTest" classname="phpunit.MydbModernizationTest" assertions="1" time="0.001968"/>
        </testsuite>
        <testcase name="testMydbCredentialsIsReadonlyClass" file="/app/test/phpunit/MydbModernizationTest.php" line="49" class="phpunit\MydbModernizationTest" classname="phpunit.MydbModernizationTest" assertions="1" time="0.001857"/>
        <testcase name="testMydbCredentialsPasswdIsSensitiveParameter" file="/app/test/phpunit/MydbModernizationTest.php" line="64" class="phpunit\MydbModernizationTest" classname="phpunit.MydbModernizationTest" assertions="3" time="0.002157"/>
        <testcase name="testQueryBuilderEscapesStringableObjectsWithoutQuotes" file="/app/test/phpunit/MydbModernizationTest.php" line="143" class="phpunit\MydbModernizationTest" classname="phpunit.MydbModernizationTest" assertions="2" time="0.002447"/>
        <testcase name="testQueryBuilderIdentifiersStayBareAndValidated" file="/app/test/phpunit/MydbModernizationTest.php" line="160" class="phpunit\MydbModernizationTest" classname="phpunit.MydbModernizationTest" assertions="3" time="0.002650"/>
        <testcase name="testMydbCredentialsConstructorIsPromoted" file="/app/test/phpunit/MydbModernizationTest.php" line="55" class="phpunit\MydbModernizationTest" classname="phpunit.MydbModernizationTest" assertions="3" time="0.002421"/>
        <testcase name="testQueryBuilderEscapesHexValuesWithoutQuotes" file="/app/test/phpunit/MydbModernizationTest.php" line="133" class="phpunit\MydbModernizationTest" classname="phpunit.MydbModernizationTest" assertions="2" time="0.002227"/>
      </testsuite>
      <testsuite name="phpunit\MydbUnitTest" file="/app/test/phpunit/MydbUnitTest.php" tests="5" assertions="10" errors="0" failures="0" skipped="0" time="0.023956">
        <testcase name="testQueryThrowsConnectExceptionWhenLazyConnectFails" file="/app/test/phpunit/MydbUnitTest.php" line="31" class="phpunit\MydbUnitTest" classname="phpunit.MydbUnitTest" assertions="2" time="0.003503"/>
        <testcase name="testCommandThrowsConnectExceptionWhenLazyConnectFails" file="/app/test/phpunit/MydbUnitTest.php" line="44" class="phpunit\MydbUnitTest" classname="phpunit.MydbUnitTest" assertions="2" time="0.003399"/>
        <testcase name="testEscapeThrowsConnectExceptionWhenLazyConnectFails" file="/app/test/phpunit/MydbUnitTest.php" line="57" class="phpunit\MydbUnitTest" classname="phpunit.MydbUnitTest" assertions="2" time="0.003409"/>
        <testcase name="testOpenFailsAfterAllRetriesExhausted" file="/app/test/phpunit/MydbUnitTest.php" line="70" class="phpunit\MydbUnitTest" classname="phpunit.MydbUnitTest" assertions="2" time="0.003905"/>
        <testcase name="testOpenRecoversOnRetry" file="/app/test/phpunit/MydbUnitTest.php" line="83" class="phpunit\MydbUnitTest" classname="phpunit.MydbUnitTest" assertions="2" time="0.009740"/>
      </testsuite>
      <testsuite name="phpunit\MysqliTest" file="/app/test/phpunit/MysqliTest.php" tests="12" assertions="25" errors="0" failures="0" skipped="0" time="0.033687">
        <testcase name="testReuseResource" file="/app/test/phpunit/MysqliTest.php" line="31" class="phpunit\MysqliTest" classname="phpunit.MysqliTest" assertions="1" time="0.002478"/>
        <testcase name="testGetMysqli" file="/app/test/phpunit/MysqliTest.php" line="40" class="phpunit\MysqliTest" classname="phpunit.MysqliTest" assertions="1" time="0.002383"/>
        <testcase name="testOptionsNoInit" file="/app/test/phpunit/MysqliTest.php" line="52" class="phpunit\MysqliTest" classname="phpunit.MysqliTest" assertions="1" time="0.002458"/>
        <testcase name="testQueryNoInit" file="/app/test/phpunit/MysqliTest.php" line="59" class="phpunit\MysqliTest" classname="phpunit.MysqliTest" assertions="1" time="0.002415"/>
        <testcase name="testReadResponseNoInit" file="/app/test/phpunit/MysqliTest.php" line="66" class="phpunit\MysqliTest" classname="phpunit.MysqliTest" assertions="1" time="0.002532"/>
        <testcase name="testExtractResponseNoInit" file="/app/test/phpunit/MysqliTest.php" line="73" class="phpunit\MysqliTest" classname="phpunit.MysqliTest" assertions="2" time="0.002576"/>
        <testcase name="testEscapeNoInit" file="/app/test/phpunit/MysqliTest.php" line="82" class="phpunit\MysqliTest" classname="phpunit.MysqliTest" assertions="1" time="0.002432"/>
        <testcase name="testTransactionsNoInit" file="/app/test/phpunit/MysqliTest.php" line="89" class="phpunit\MysqliTest" classname="phpunit.MysqliTest" assertions="7" time="0.002999"/>
        <testcase name="testCloseNoInit" file="/app/test/phpunit/MysqliTest.php" line="135" class="phpunit\MysqliTest" classname="phpunit.MysqliTest" assertions="1" time="0.002454"/>
        <testcase name="testAffectedRowsNoInit" file="/app/test/phpunit/MysqliTest.php" line="142" class="phpunit\MysqliTest" classname="phpunit.MysqliTest" assertions="1" time="0.002466"/>
        <testcase name="testWarningsNoInit" file="/app/test/phpunit/MysqliTest.php" line="149" class="phpunit\MysqliTest" classname="phpunit.MysqliTest" assertions="1" time="0.002506"/>
        <testcase name="testTransactionsWillFinishWhenForcedAutocommit" file="/app/test/phpunit/MysqliTest.php" line="108" class="phpunit\MysqliTest" classname="phpunit.MysqliTest" assertions="7" time="0.005989"/>
      </testsuite>
      <testsuite name="phpunit\OptionsTest" file="/app/test/phpunit/OptionsTest.php" tests="19" assertions="27" errors="0" failures="0" skipped="0" time="0.049586">
        <testcase name="testNonInteractiveTimeouts" file="/app/test/phpunit/OptionsTest.php" line="30" class="phpunit\OptionsTest" classname="phpunit.OptionsTest" assertions="1" time="0.002495"/>
        <testcase name="testTransactionIsolationLevel" file="/app/test/phpunit/OptionsTest.php" line="37" class="phpunit\OptionsTest" classname="phpunit.OptionsTest" assertions="6" time="0.003934"/>
        <testcase name="testServerSideSelectTimeouts" file="/app/test/phpunit/OptionsTest.php" line="57" class="phpunit\OptionsTest" classname="phpunit.OptionsTest" assertions="1" time="0.002517"/>
        <testcase name="testErrorReporting" file="/app/test/phpunit/OptionsTest.php" line="64" class="phpunit\OptionsTest" classname="phpunit.OptionsTest" assertions="1" time="0.002487"/>
        <testcase name="testReadTimeout" file="/app/test/phpunit/OptionsTest.php" line="71" class="phpunit\OptionsTest" classname="phpunit.OptionsTest" assertions="1" time="0.002483"/>
        <testcase name="testNetworkBuffer" file="/app/test/phpunit/OptionsTest.php" line="81" class="phpunit\OptionsTest" classname="phpunit.OptionsTest" assertions="1" time="0.002454"/>
        <testcase name="testNetworkBufferMin" file="/app/test/phpunit/OptionsTest.php" line="91" class="phpunit\OptionsTest" classname="phpunit.OptionsTest" assertions="1" time="0.003898"/>
        <testcase name="testNetworkBufferMax" file="/app/test/phpunit/OptionsTest.php" line="101" class="phpunit\OptionsTest" classname="phpunit.OptionsTest" assertions="1" time="0.002402"/>
        <testcase name="testSetReadBuffer" file="/app/test/phpunit/OptionsTest.php" line="111" class="phpunit\OptionsTest" classname="phpunit.OptionsTest" assertions="1" time="0.002500"/>
        <testcase name="testSetReadBufferMin" file="/app/test/phpunit/OptionsTest.php" line="121" class="phpunit\OptionsTest" classname="phpunit.OptionsTest" assertions="1" time="0.002412"/>
        <testcase name="testSetReadBufferMax" file="/app/test/phpunit/OptionsTest.php" line="131" class="phpunit\OptionsTest" classname="phpunit.OptionsTest" assertions="1" time="0.002423"/>
        <testcase name="testMysqliReport" file="/app/test/phpunit/OptionsTest.php" line="141" class="phpunit\OptionsTest" classname="phpunit.OptionsTest" assertions="1" time="0.002469"/>
        <testcase name="testMysqliReportMin" file="/app/test/phpunit/OptionsTest.php" line="151" class="phpunit\OptionsTest" classname="phpunit.OptionsTest" assertions="1" time="0.002357"/>
        <testcase name="testMysqliReportMax" file="/app/test/phpunit/OptionsTest.php" line="161" class="phpunit\OptionsTest" classname="phpunit.OptionsTest" assertions="1" time="0.002374"/>
        <testcase name="testSetTimeZone" file="/app/test/phpunit/OptionsTest.php" line="168" class="phpunit\OptionsTest" classname="phpunit.OptionsTest" assertions="1" time="0.002405"/>
        <testcase name="testAutocommit" file="/app/test/phpunit/OptionsTest.php" line="175" class="phpunit\OptionsTest" classname="phpunit.OptionsTest" assertions="2" time="0.002486"/>
        <testcase name="testCharset" file="/app/test/phpunit/OptionsTest.php" line="184" class="phpunit\OptionsTest" classname="phpunit.OptionsTest" assertions="1" time="0.002412"/>
        <testcase name="testPersistent" file="/app/test/phpunit/OptionsTest.php" line="191" class="phpunit\OptionsTest" classname="phpunit.OptionsTest" assertions="2" time="0.002524"/>
        <testcase name="testReadonly" file="/app/test/phpunit/OptionsTest.php" line="200" class="phpunit\OptionsTest" classname="phpunit.OptionsTest" assertions="2" time="0.002553"/>
      </testsuite>
      <testsuite name="phpunit\QueryBuilderTest" file="/app/test/phpunit/QueryBuilderTest.php" tests="114" assertions="131" errors="0" failures="0" skipped="0" time="0.293660">
        <testsuite name="phpunit\QueryBuilderTest::testInsertOne" tests="9" assertions="18" errors="0" failures="0" skipped="0" time="0.024162">
          <testcase name="testInsertOne with data set &quot;simple int&quot;" file="/app/test/phpunit/QueryBuilderTest.php" line="88" class="phpunit\QueryBuilderTest" classname="phpunit.QueryBuilderTest" assertions="2" time="0.002959"/>
          <testcase name="testInsertOne with data set &quot;simple float&quot;" file="/app/test/phpunit/QueryBuilderTest.php" line="88" class="phpunit\QueryBuilderTest" classname="phpunit.QueryBuilderTest" assertions="2" time="0.002675"/>
          <testcase name="testInsertOne with data set &quot;expression&quot;" file="/app/test/phpunit/QueryBuilderTest.php" line="88" class="phpunit\QueryBuilderTest" classname="phpunit.QueryBuilderTest" assertions="2" time="0.002701"/>
          <testcase name="testInsertOne with data set &quot;raw null&quot;" file="/app/test/phpunit/QueryBuilderTest.php" line="88" class="phpunit\QueryBuilderTest" classname="phpunit.QueryBuilderTest" assertions="2" time="0.002663"/>
          <testcase name="testInsertOne with data set &quot;string caps null&quot;" file="/app/test/phpunit/QueryBuilderTest.php" line="88" class="phpunit\QueryBuilderTest" classname="phpunit.QueryBuilderTest" assertions="2" time="0.002643"/>
          <testcase name="testInsertOne with data set &quot;string lowercase null&quot;" file="/app/test/phpunit/QueryBuilderTest.php" line="88" class="phpunit\QueryBuilderTest" classname="phpunit.QueryBuilderTest" assertions="2" time="0.002606"/>
          <testcase name="testInsertOne with data set &quot;string 0x&quot;" file="/app/test/phpunit/QueryBuilderTest.php" line="88" class="phpunit\QueryBuilderTest" classname="phpunit.QueryBuilderTest" assertions="2" time="0.002593"/>
          <testcase name="testInsertOne with data set &quot;string 0x even&quot;" file="/app/test/phpunit/QueryBuilderTest.php" line="88" class="phpunit\QueryBuilderTest" classname="phpunit.QueryBuilderTest" assertions="2" time="0.002628"/>
          <testcase name="testInsertOne with data set &quot;string 0x mismatch&quot;" file="/app/test/phpunit/QueryBuilderTest.php" line="88" class="phpunit\QueryBuilderTest" classname="phpunit.QueryBuilderTest" assertions="2" time="0.002694"/>
        </testsuite>
        <testsuite name="phpunit\QueryBuilderTest::testReplaceOne" tests="9" assertions="9" errors="0" failures="0" skipped="0" time="0.022745">
          <testcase name="testReplaceOne with data set &quot;simple int&quot;" file="/app/test/phpunit/QueryBuilderTest.php" line="113" class="phpunit\QueryBuilderTest" classname="phpunit.QueryBuilderTest" assertions="1" time="0.002502"/>
          <testcase name="testReplaceOne with data set &quot;simple float&quot;" file="/app/test/phpunit/QueryBuilderTest.php" line="113" class="phpunit\QueryBuilderTest" classname="phpunit.QueryBuilderTest" assertions="1" time="0.002539"/>
          <testcase name="testReplaceOne with data set &quot;expression&quot;" file="/app/test/phpunit/QueryBuilderTest.php" line="113" class="phpunit\QueryBuilderTest" classname="phpunit.QueryBuilderTest" assertions="1" time="0.002515"/>
          <testcase name="testReplaceOne with data set &quot;raw null&quot;" file="/app/test/phpunit/QueryBuilderTest.php" line="113" class="phpunit\QueryBuilderTest" classname="phpunit.QueryBuilderTest" assertions="1" time="0.002491"/>
          <testcase name="testReplaceOne with data set &quot;string caps null&quot;" file="/app/test/phpunit/QueryBuilderTest.php" line="113" class="phpunit\QueryBuilderTest" classname="phpunit.QueryBuilderTest" assertions="1" time="0.002561"/>
          <testcase name="testReplaceOne with data set &quot;string lowercase null&quot;" file="/app/test/phpunit/QueryBuilderTest.php" line="113" class="phpunit\QueryBuilderTest" classname="phpunit.QueryBuilderTest" assertions="1" time="0.002518"/>
          <testcase name="testReplaceOne with data set &quot;string 0x&quot;" file="/app/test/phpunit/QueryBuilderTest.php" line="113" class="phpunit\QueryBuilderTest" classname="phpunit.QueryBuilderTest" assertions="1" time="0.002510"/>
          <testcase name="testReplaceOne with data set &quot;string 0x even&quot;" file="/app/test/phpunit/QueryBuilderTest.php" line="113" class="phpunit\QueryBuilderTest" classname="phpunit.QueryBuilderTest" assertions="1" time="0.002499"/>
          <testcase name="testReplaceOne with data set &quot;string 0x mismatch&quot;" file="/app/test/phpunit/QueryBuilderTest.php" line="113" class="phpunit\QueryBuilderTest" classname="phpunit.QueryBuilderTest" assertions="1" time="0.002609"/>
        </testsuite>
        <testsuite name="phpunit\QueryBuilderTest::testQuoteIdentifierAccepts" tests="5" assertions="5" errors="0" failures="0" skipped="0" time="0.012070">
          <testcase name="testQuoteIdentifierAccepts with data set &quot;simple&quot;" file="/app/test/phpunit/QueryBuilderTest.php" line="132" class="phpunit\QueryBuilderTest" classname="phpunit.QueryBuilderTest" assertions="1" time="0.002444"/>
          <testcase name="testQuoteIdentifierAccepts with data set &quot;underscore&quot;" file="/app/test/phpunit/QueryBuilderTest.php" line="132" class="phpunit\QueryBuilderTest" classname="phpunit.QueryBuilderTest" assertions="1" time="0.002385"/>
          <testcase name="testQuoteIdentifierAccepts with data set &quot;mixed&quot;" file="/app/test/phpunit/QueryBuilderTest.php" line="132" class="phpunit\QueryBuilderTest" classname="phpunit.QueryBuilderTest" assertions="1" time="0.002411"/>
          <testcase name="testQuoteIdentifierAccepts with data set &quot;db table&quot;" file="/app/test/phpunit/QueryBuilderTest.php" line="132" class="phpunit\QueryBuilderTest" classname="phpunit.QueryBuilderTest" assertions="1" time="0.002423"/>
          <testcase name="testQuoteIdentifierAccepts with data set &quot;uppercase&quot;" file="/app/test/phpunit/QueryBuilderTest.php" line="132" class="phpunit\QueryBuilderTest" classname="phpunit.QueryBuilderTest" assertions="1" time="0.002407"/>
        </testsuite>
        <testsuite name="phpunit\QueryBuilderTest::testQuoteIdentifierRejects" tests="13" assertions="13" errors="0" failures="0" skipped="0" time="0.031130">
          <testcase name="testQuoteIdentifierRejects with data set &quot;empty&quot;" file="/app/test/phpunit/QueryBuilderTest.php" line="152" class="phpunit\QueryBuilderTest" classname="phpunit.QueryBuilderTest" assertions="1" time="0.002383"/>
          <testcase name="testQuoteIdentifierRejects with data set &quot;backticked&quot;" file="/app/test/phpunit/QueryBuilderTest.php" line="152" class="phpunit\QueryBuilderTest" classname="phpunit.QueryBuilderTest" assertions="1" time="0.002363"/>
          <testcase name="testQuoteIdentifierRejects with data set &quot;backtick inside&quot;" file="/app/test/phpunit/QueryBuilderTest.php" line="152" class="phpunit\QueryBuilderTest" classname="phpunit.QueryBuilderTest" assertions="1" time="0.002355"/>
          <testcase name="testQuoteIdentifierRejects with data set &quot;semicolon&quot;" file="/app/test/phpunit/QueryBuilderTest.php" line="152" class="phpunit\QueryBuilderTest" classname="phpunit.QueryBuilderTest" assertions="1" time="0.002351"/>
          <testcase name="testQuoteIdentifierRejects with data set &quot;leading whitespace&quot;" file="/app/test/phpunit/QueryBuilderTest.php" line="152" class="phpunit\QueryBuilderTest" classname="phpunit.QueryBuilderTest" assertions="1" time="0.002376"/>
          <testcase name="testQuoteIdentifierRejects with data set &quot;trailing whitespace&quot;" file="/app/test/phpunit/QueryBuilderTest.php" line="152" class="phpunit\QueryBuilderTest" classname="phpunit.QueryBuilderTest" assertions="1" time="0.002402"/>
          <testcase name="testQuoteIdentifierRejects with data set &quot;space inside&quot;" file="/app/test/phpunit/QueryBuilderTest.php" line="152" class="phpunit\QueryBuilderTest" classname="phpunit.QueryBuilderTest" assertions="1" time="0.002368"/>
          <testcase name="testQuoteIdentifierRejects with data set &quot;dash&quot;" file="/app/test/phpunit/QueryBuilderTest.php" line="152" class="phpunit\QueryBuilderTest" classname="phpunit.QueryBuilderTest" assertions="1" time="0.002355"/>
          <testcase name="testQuoteIdentifierRejects with data set &quot;double dot&quot;" file="/app/test/phpunit/QueryBuilderTest.php" line="152" class="phpunit\QueryBuilderTest" classname="phpunit.QueryBuilderTest" assertions="1" time="0.002548"/>
          <testcase name="testQuoteIdentifierRejects with data set &quot;trailing dot&quot;" file="/app/test/phpunit/QueryBuilderTest.php" line="152" class="phpunit\QueryBuilderTest" classname="phpunit.QueryBuilderTest" assertions="1" time="0.002449"/>
          <testcase name="testQuoteIdentifierRejects with data set &quot;leading dot&quot;" file="/app/test/phpunit/QueryBuilderTest.php" line="152" class="phpunit\QueryBuilderTest" classname="phpunit.QueryBuilderTest" assertions="1" time="0.002384"/>
          <testcase name="testQuoteIdentifierRejects with data set &quot;quote&quot;" file="/app/test/phpunit/QueryBuilderTest.php" line="152" class="phpunit\QueryBuilderTest" classname="phpunit.QueryBuilderTest" assertions="1" time="0.002419"/>
          <testcase name="testQuoteIdentifierRejects with data set &quot;comment&quot;" file="/app/test/phpunit/QueryBuilderTest.php" line="152" class="phpunit\QueryBuilderTest" classname="phpunit.QueryBuilderTest" assertions="1" time="0.002378"/>
        </testsuite>
        <testsuite name="phpunit\QueryBuilderTest::testEscapeNonFiniteFloats" tests="2" assertions="4" errors="0" failures="0" skipped="0" time="0.005059">
          <testcase name="testEscapeNonFiniteFloats with data set &quot;inf&quot;" file="/app/test/phpunit/QueryBuilderTest.php" line="222" class="phpunit\QueryBuilderTest" classname="phpunit.QueryBuilderTest" assertions="2" time="0.002544"/>
          <testcase name="testEscapeNonFiniteFloats with data set &quot;nan&quot;" file="/app/test/phpunit/QueryBuilderTest.php" line="222" class="phpunit\QueryBuilderTest" classname="phpunit.QueryBuilderTest" assertions="2" time="0.002515"/>
        </testsuite>
        <testsuite name="phpunit\QueryBuilderTest::testBuildUpdateWhereMany" tests="2" assertions="2" errors="0" failures="0" skipped="0" time="0.005508">
          <testcase name="testBuildUpdateWhereMany with data set &quot;simple&quot;" file="/app/test/phpunit/QueryBuilderTest.php" line="260" class="phpunit\QueryBuilderTest" classname="phpunit.QueryBuilderTest" assertions="1" time="0.002772"/>
          <testcase name="testBuildUpdateWhereMany with data set &quot;prefixed simple&quot;" file="/app/test/phpunit/QueryBuilderTest.php" line="260" class="phpunit\QueryBuilderTest" classname="phpunit.QueryBuilderTest" assertions="1" time="0.002737"/>
        </testsuite>
        <testsuite name="phpunit\QueryBuilderTest::testBuildWhere" tests="48" assertions="48" errors="0" failures="0" skipped="0" time="0.125089">
          <testcase name="testBuildWhere with data set &quot;simple&quot;" file="/app/test/phpunit/QueryBuilderTest.php" line="267" class="phpunit\QueryBuilderTest" classname="phpunit.QueryBuilderTest" assertions="1" time="0.002532"/>
          <testcase name="testBuildWhere with data set &quot;expression&quot;" file="/app/test/phpunit/QueryBuilderTest.php" line="267" class="phpunit\QueryBuilderTest" classname="phpunit.QueryBuilderTest" assertions="1" time="0.002542"/>
          <testcase name="testBuildWhere with data set &quot;expression8&quot;" file="/app/test/phpunit/QueryBuilderTest.php" line="267" class="phpunit\QueryBuilderTest" classname="phpunit.QueryBuilderTest" assertions="1" time="0.002493"/>
          <testcase name="testBuildWhere with data set &quot;simple array count &gt;1&quot;" file="/app/test/phpunit/QueryBuilderTest.php" line="267" class="phpunit\QueryBuilderTest" classname="phpunit.QueryBuilderTest" assertions="1" time="0.002645"/>
          <testcase name="testBuildWhere with data set &quot;negative array count &gt;1&quot;" file="/app/test/phpunit/QueryBuilderTest.php" line="267" class="phpunit\QueryBuilderTest" classname="phpunit.QueryBuilderTest" assertions="1" time="0.002658"/>
          <testcase name="testBuildWhere with data set &quot;simple null array count &gt;1&quot;" file="/app/test/phpunit/QueryBuilderTest.php" line="267" class="phpunit\QueryBuilderTest" classname="phpunit.QueryBuilderTest" assertions="1" time="0.002655"/>
          <testcase name="testBuildWhere with data set &quot;negative null array count &gt;1&quot;" file="/app/test/phpunit/QueryBuilderTest.php" line="267" class="phpunit\QueryBuilderTest" classname="phpunit.QueryBuilderTest" assertions="1" time="0.002619"/>
          <testcase name="testBuildWhere with data set &quot;simple array count 1&quot;" file="/app/test/phpunit/QueryBuilderTest.php" line="267" class="phpunit\QueryBuilderTest" classname="phpunit.QueryBuilderTest" assertions="1" time="0.002616"/>
          <testcase name="testBuildWhere with data set &quot;negative array count 1&quot;" file="/app/test/phpunit/QueryBuilderTest.php" line="267" class="phpunit\QueryBuilderTest" classname="phpunit.QueryBuilderTest" assertions="1" time="0.002648"/>
          <testcase name="testBuildWhere with data set &quot;simple null&quot;" file="/app/test/phpunit/QueryBuilderTest.php" line="267" class="phpunit\QueryBuilderTest" classname="phpunit.QueryBuilderTest" assertions="1" time="0.002540"/>
          <testcase name="testBuildWhere with data set &quot;negative null&quot;" file="/app/test/phpunit/QueryBuilderTest.php" line="267" class="phpunit\QueryBuilderTest" classname="phpunit.QueryBuilderTest" assertions="1" time="0.002548"/>
          <testcase name="testBuildWhere with data set &quot;like null&quot;" file="/app/test/phpunit/QueryBuilderTest.php" line="267" class="phpunit\QueryBuilderTest" classname="phpunit.QueryBuilderTest" assertions="1" time="0.002563"/>
          <testcase name="testBuildWhere with data set #0" file="/app/test/phpunit/QueryBuilderTest.php" line="267" class="phpunit\QueryBuilderTest" classname="phpunit.QueryBuilderTest" assertions="1" time="0.002615"/>
          <testcase name="testBuildWhere with data set #1" file="/app/test/phpunit/QueryBuilderTest.php" line="267" class="phpunit\QueryBuilderTest" classname="phpunit.QueryBuilderTest" assertions="1" time="0.002563"/>
          <testcase name="testBuildWhere with data set #2" file="/app/test/phpunit/QueryBuilderTest.php" line="267" class="phpunit\QueryBuilderTest" classname="phpunit.QueryBuilderTest" assertions="1" time="0.002563"/>
          <testcase name="testBuildWhere with data set #3" file="/app/test/phpunit/QueryBuilderTest.php" line="267" class="phpunit\QueryBuilderTest" classname="phpunit.QueryBuilderTest" assertions="1" time="0.002584"/>
          <testcase name="testBuildWhere with data set #4" file="/app/test/phpunit/QueryBuilderTest.php" line="267" class="phpunit\QueryBuilderTest" classname="phpunit.QueryBuilderTest" assertions="1" time="0.002607"/>
          <testcase name="testBuildWhere with data set #5" file="/app/test/phpunit/QueryBuilderTest.php" line="267" class="phpunit\QueryBuilderTest" classname="phpunit.QueryBuilderTest" assertions="1" time="0.002598"/>
          <testcase name="testBuildWhere with data set #6" file="/app/test/phpunit/QueryBuilderTest.php" line="267" class="phpunit\QueryBuilderTest" classname="phpunit.QueryBuilderTest" assertions="1" time="0.002600"/>
          <testcase name="testBuildWhere with data set #7" file="/app/test/phpunit/QueryBuilderTest.php" line="267" class="phpunit\QueryBuilderTest" classname="phpunit.QueryBuilderTest" assertions="1" time="0.002556"/>
          <testcase name="testBuildWhere with data set #8" file="/app/test/phpunit/QueryBuilderTest.php" line="267" class="phpunit\QueryBuilderTest" classname="phpunit.QueryBuilderTest" assertions="1" time="0.002608"/>
          <testcase name="testBuildWhere with data set #9" file="/app/test/phpunit/QueryBuilderTest.php" line="267" class="phpunit\QueryBuilderTest" classname="phpunit.QueryBuilderTest" assertions="1" time="0.002599"/>
          <testcase name="testBuildWhere with data set #10" file="/app/test/phpunit/QueryBuilderTest.php" line="267" class="phpunit\QueryBuilderTest" classname="phpunit.QueryBuilderTest" assertions="1" time="0.002673"/>
          <testcase name="testBuildWhere with data set #11" file="/app/test/phpunit/QueryBuilderTest.php" line="267" class="phpunit\QueryBuilderTest" classname="phpunit.QueryBuilderTest" assertions="1" time="0.002602"/>
          <testcase name="testBuildWhere with data set #12" file="/app/test/phpunit/QueryBuilderTest.php" line="267" class="phpunit\QueryBuilderTest" classname="phpunit.QueryBuilderTest" assertions="1" time="0.002631"/>
          <testcase name="testBuildWhere with data set #13" file="/app/test/phpunit/QueryBuilderTest.php" line="267" class="phpunit\QueryBuilderTest" classname="phpunit.QueryBuilderTest" assertions="1" time="0.002659"/>
          <testcase name="testBuildWhere with data set #14" file="/app/test/phpunit/QueryBuilderTest.php" line="267" class="phpunit\QueryBuilderTest" classname="phpunit.QueryBuilderTest" assertions="1" time="0.002608"/>
          <testcase name="testBuildWhere with data set #15" file="/app/test/phpunit/QueryBuilderTest.php" line="267" class="phpunit\QueryBuilderTest" classname="phpunit.QueryBuilderTest" assertions="1" time="0.002597"/>
          <testcase name="testBuildWhere with data set #16" file="/app/test/phpunit/QueryBuilderTest.php" line="267" class="phpunit\QueryBuilderTest" classname="phpunit.QueryBuilderTest" assertions="1" time="0.002696"/>
          <testcase name="testBuildWhere with data set #17" file="/app/test/phpunit/QueryBuilderTest.php" line="267" class="phpunit\QueryBuilderTest" classname="phpunit.QueryBuilderTest" assertions="1" time="0.002640"/>
          <testcase name="testBuildWhere with data set #18" file="/app/test/phpunit/QueryBuilderTest.php" line="267" class="phpunit\QueryBuilderTest" classname="phpunit.QueryBuilderTest" assertions="1" time="0.002614"/>
          <testcase name="testBuildWhere with data set #19" file="/app/test/phpunit/QueryBuilderTest.php" line="267" class="phpunit\QueryBuilderTest" classname="phpunit.QueryBuilderTest" assertions="1" time="0.002569"/>
          <testcase name="testBuildWhere with data set #20" file="/app/test/phpunit/QueryBuilderTest.php" line="267" class="phpunit\QueryBuilderTest" classname="phpunit.QueryBuilderTest" assertions="1" time="0.002645"/>
          <testcase name="testBuildWhere with data set #21" file="/app/test/phpunit/QueryBuilderTest.php" line="267" class="phpunit\QueryBuilderTest" classname="phpunit.QueryBuilderTest" assertions="1" time="0.002603"/>
          <testcase name="testBuildWhere with data set #22" file="/app/test/phpunit/QueryBuilderTest.php" line="267" class="phpunit\QueryBuilderTest" classname="phpunit.QueryBuilderTest" assertions="1" time="0.002614"/>
          <testcase name="testBuildWhere with data set #23" file="/app/test/phpunit/QueryBuilderTest.php" line="267" class="phpunit\QueryBuilderTest" classname="phpunit.QueryBuilderTest" assertions="1" time="0.002616"/>
          <testcase name="testBuildWhere with data set #24" file="/app/test/phpunit/QueryBuilderTest.php" line="267" class="phpunit\QueryBuilderTest" classname="phpunit.QueryBuilderTest" assertions="1" time="0.002666"/>
          <testcase name="testBuildWhere with data set #25" file="/app/test/phpunit/QueryBuilderTest.php" line="267" class="phpunit\QueryBuilderTest" classname="phpunit.QueryBuilderTest" assertions="1" time="0.002609"/>
          <testcase name="testBuildWhere with data set #26" file="/app/test/phpunit/QueryBuilderTest.php" line="267" class="phpunit\QueryBuilderTest" classname="phpunit.QueryBuilderTest" assertions="1" time="0.002596"/>
          <testcase name="testBuildWhere with data set #27" file="/app/test/phpunit/QueryBuilderTest.php" line="267" class="phpunit\QueryBuilderTest" classname="phpunit.QueryBuilderTest" assertions="1" time="0.002606"/>
          <testcase name="testBuildWhere with data set #28" file="/app/test/phpunit/QueryBuilderTest.php" line="267" class="phpunit\QueryBuilderTest" classname="phpunit.QueryBuilderTest" assertions="1" time="0.002618"/>
          <testcase name="testBuildWhere with data set #29" file="/app/test/phpunit/QueryBuilderTest.php" line="267" class="phpunit\QueryBuilderTest" classname="phpunit.QueryBuilderTest" assertions="1" time="0.002606"/>
          <testcase name="testBuildWhere with data set #30" file="/app/test/phpunit/QueryBuilderTest.php" line="267" class="phpunit\QueryBuilderTest" classname="phpunit.QueryBuilderTest" assertions="1" time="0.002612"/>
          <testcase name="testBuildWhere with data set #31" file="/app/test/phpunit/QueryBuilderTest.php" line="267" class="phpunit\QueryBuilderTest" classname="phpunit.QueryBuilderTest" assertions="1" time="0.002609"/>
          <testcase name="testBuildWhere with data set #32" file="/app/test/phpunit/QueryBuilderTest.php" line="267" class="phpunit\QueryBuilderTest" classname="phpunit.QueryBuilderTest" assertions="1" time="0.002618"/>
          <testcase name="testBuildWhere with data set #33" file="/app/test/phpunit/QueryBuilderTest.php" line="267" class="phpunit\QueryBuilderTest" classname="phpunit.QueryBuilderTest" assertions="1" time="0.002606"/>
          <testcase name="testBuildWhere with data set #34" file="/app/test/phpunit/QueryBuilderTest.php" line="267" class="phpunit\QueryBuilderTest" classname="phpunit.QueryBuilderTest" assertions="1" time="0.002613"/>
          <testcase name="testBuildWhere with data set #35" file="/app/test/phpunit/QueryBuilderTest.php" line="267" class="phpunit\QueryBuilderTest" classname="phpunit.QueryBuilderTest" assertions="1" time="0.002608"/>
        </testsuite>
        <testcase name="testShowColumnsLike" file="/app/test/phpunit/QueryBuilderTest.php" line="60" class="phpunit\QueryBuilderTest" classname="phpunit.QueryBuilderTest" assertions="3" time="0.003641"/>
        <testcase name="testShowKeys" file="/app/test/phpunit/QueryBuilderTest.php" line="75" class="phpunit\QueryBuilderTest" classname="phpunit.QueryBuilderTest" assertions="3" time="0.003272"/>
        <testcase name="testInsertReplaceOneException" file="/app/test/phpunit/QueryBuilderTest.php" line="97" class="phpunit\QueryBuilderTest" classname="phpunit.QueryBuilderTest" assertions="1" time="0.003246"/>
        <testcase name="testEscape" file="/app/test/phpunit/QueryBuilderTest.php" line="120" class="phpunit\QueryBuilderTest" classname="phpunit.QueryBuilderTest" assertions="3" time="0.003350"/>
        <testcase name="testInsertOneRejectsBacktickedTable" file="/app/test/phpunit/QueryBuilderTest.php" line="180" class="phpunit\QueryBuilderTest" classname="phpunit.QueryBuilderTest" assertions="1" time="0.002735"/>
        <testcase name="testInsertOneRejectsSemicolonTable" file="/app/test/phpunit/QueryBuilderTest.php" line="186" class="phpunit\QueryBuilderTest" classname="phpunit.QueryBuilderTest" assertions="1" time="0.002753"/>
        <testcase name="testBuildDeleteWhereRejectsInjectedTable" file="/app/test/phpunit/QueryBuilderTest.php" line="192" class="phpunit\QueryBuilderTest" classname="phpunit.QueryBuilderTest" assertions="1" time="0.002482"/>
        <testcase name="testBuildUpdateWhereRejectsInjectedColumn" file="/app/test/phpunit/QueryBuilderTest.php" line="198" class="phpunit\QueryBuilderTest" classname="phpunit.QueryBuilderTest" assertions="1" time="0.002410"/>
        <testcase name="testBuildWhereRejectsInjectedColumn" file="/app/test/phpunit/QueryBuilderTest.php" line="204" class="phpunit\QueryBuilderTest" classname="phpunit.QueryBuilderTest" assertions="1" time="0.002338"/>
        <testcase name="testBuildWhereEmptyInList" file="/app/test/phpunit/QueryBuilderTest.php" line="232" class="phpunit\QueryBuilderTest" classname="phpunit.QueryBuilderTest" assertions="1" time="0.003034"/>
        <testcase name="testBuildInsertManyException" file="/app/test/phpunit/QueryBuilderTest.php" line="238" class="phpunit\QueryBuilderTest" classname="phpunit.QueryBuilderTest" assertions="1" time="0.003524"/>
        <testcase name="testInsertOneInvalidType" file="/app/test/phpunit/QueryBuilderTest.php" line="253" class="phpunit\QueryBuilderTest" classname="phpunit.QueryBuilderTest" assertions="1" time="0.002521"/>
        <testcase name="testBuildWhereException" file="/app/test/phpunit/QueryBuilderTest.php" line="273" class="phpunit\QueryBuilderTest" classname="phpunit.QueryBuilderTest" assertions="1" time="0.002331"/>
        <testcase name="testBuildUpdateWhereManyException1" file="/app/test/phpunit/QueryBuilderTest.php" line="279" class="phpunit\QueryBuilderTest" classname="phpunit.QueryBuilderTest" assertions="1" time="0.002365"/>
        <testcase name="testBuildUpdateWhereManyException2" file="/app/test/phpunit/QueryBuilderTest.php" line="285" class="phpunit\QueryBuilderTest" classname="phpunit.QueryBuilderTest" assertions="1" time="0.002345"/>
        <testcase name="testBuildUpdateWhereManyException3" file="/app/test/phpunit/QueryBuilderTest.php" line="291" class="phpunit\QueryBuilderTest" classname="phpunit.QueryBuilderTest" assertions="1" time="0.002337"/>
        <testcase name="testBuildUpdateWhereManyException4" file="/app/test/phpunit/QueryBuilderTest.php" line="297" class="phpunit\QueryBuilderTest" classname="phpunit.QueryBuilderTest" assertions="1" time="0.002330"/>
        <testcase name="testBuildUpdateWhereManyException5" file="/app/test/phpunit/QueryBuilderTest.php" line="303" class="phpunit\QueryBuilderTest" classname="phpunit.QueryBuilderTest" assertions="1" time="0.002343"/>
        <testcase name="testBuildUpdateWhereManyException6" file="/app/test/phpunit/QueryBuilderTest.php" line="309" class="phpunit\QueryBuilderTest" classname="phpunit.QueryBuilderTest" assertions="1" time="0.002335"/>
        <testcase name="testBuildUpdateWhereManyException7" file="/app/test/phpunit/QueryBuilderTest.php" line="315" class="phpunit\QueryBuilderTest" classname="phpunit.QueryBuilderTest" assertions="1" time="0.002326"/>
        <testcase name="testbuildDeleteWhereExceptions" file="/app/test/phpunit/QueryBuilderTest.php" line="474" class="phpunit\QueryBuilderTest" classname="phpunit.QueryBuilderTest" assertions="1" time="0.002275"/>
        <testcase name="testBuildUpdateWhereExceptions1" file="/app/test/phpunit/QueryBuilderTest.php" line="486" class="phpunit\QueryBuilderTest" classname="phpunit.QueryBuilderTest" assertions="1" time="0.002300"/>
        <testcase name="testBuildUpdateWhereExceptions2" file="/app/test/phpunit/QueryBuilderTest.php" line="492" class="phpunit\QueryBuilderTest" classname="phpunit.QueryBuilderTest" assertions="1" time="0.002323"/>
        <testcase name="testBuildUpdateWhereExceptions3" file="/app/test/phpunit/QueryBuilderTest.php" line="498" class="phpunit\QueryBuilderTest" classname="phpunit.QueryBuilderTest" assertions="1" time="0.002369"/>
        <testcase name="testBuildUpdateWhereExceptions4" file="/app/test/phpunit/QueryBuilderTest.php" line="504" class="phpunit\QueryBuilderTest" classname="phpunit.QueryBuilderTest" assertions="1" time="0.002306"/>
        <testcase name="testBuildUpdateWhereExceptions5" file="/app/test/phpunit/QueryBuilderTest.php" line="510" class="phpunit\QueryBuilderTest" classname="phpunit.QueryBuilderTest" assertions="1" time="0.002303"/>
      </testsuite>
      <testsuite name="phpunit\RegistryTest" file="/app/test/phpunit/RegistryTest.php" tests="10" assertions="9" errors="0" failures="0" skipped="0" time="0.026309">
        <testcase name="testRegistryEmpty1" file="/app/test/phpunit/RegistryTest.php" line="30" class="phpunit\RegistryTest" classname="phpunit.RegistryTest" assertions="1" time="0.002477"/>
        <testcase name="testRegistryEmpty2" file="/app/test/phpunit/RegistryTest.php" line="36" class="phpunit\RegistryTest" classname="phpunit.RegistryTest" assertions="1" time="0.002431"/>
        <testcase name="testRegistryEmpty3" file="/app/test/phpunit/RegistryTest.php" line="42" class="phpunit\RegistryTest" classname="phpunit.RegistryTest" assertions="1" time="0.003970"/>
        <testcase name="testRegistrySet" file="/app/test/phpunit/RegistryTest.php" line="49" class="phpunit\RegistryTest" classname="phpunit.RegistryTest" assertions="1" time="0.002363"/>
        <testcase name="testRegistrySetIntegerKey" file="/app/test/phpunit/RegistryTest.php" line="56" class="phpunit\RegistryTest" classname="phpunit.RegistryTest" assertions="1" time="0.002967"/>
        <testcase name="testRegistryUnSet1" file="/app/test/phpunit/RegistryTest.php" line="63" class="phpunit\RegistryTest" classname="phpunit.RegistryTest" assertions="1" time="0.002394"/>
        <testcase name="testRegistryUnSet2" file="/app/test/phpunit/RegistryTest.php" line="69" class="phpunit\RegistryTest" classname="phpunit.RegistryTest" assertions="0" time="0.002578"/>
        <testcase name="testRegistrySerialize1" file="/app/test/phpunit/RegistryTest.php" line="77" class="phpunit\RegistryTest" classname="phpunit.RegistryTest" assertions="1" time="0.002370"/>
        <testcase name="testRegistryUnserialize2" file="/app/test/phpunit/RegistryTest.php" line="84" class="phpunit\RegistryTest" classname="phpunit.RegistryTest" assertions="1" time="0.002374"/>
        <testcase name="testRegistryClone" file="/app/test/phpunit/RegistryTest.php" line="91" class="phpunit\RegistryTest" classname="phpunit.RegistryTest" assertions="1" time="0.002385"/>
      </testsuite>
      <testsuite name="phpunit\RepositoryTest" file="/app/test/phpunit/RepositoryTest.php" tests="1" assertions="2" errors="0" failures="0" skipped="0" time="0.006511">
        <testcase name="testRegistry" file="/app/test/phpunit/RepositoryTest.php" line="29" class="phpunit\RepositoryTest" classname="phpunit.RepositoryTest" assertions="2" time="0.006511"/>
      </testsuite>
      <testsuite name="phpunit\ResourceTest" file="/app/test/phpunit/ResourceTest.php" tests="22" assertions="50" errors="0" failures="0" skipped="0" time="0.093428">
        <testcase name="testSimpleClose" file="/app/test/phpunit/ResourceTest.php" line="71" class="phpunit\ResourceTest" classname="phpunit.ResourceTest" assertions="1" time="0.002769"/>
        <testcase name="testCloseNotConnected" file="/app/test/phpunit/ResourceTest.php" line="77" class="phpunit\ResourceTest" classname="phpunit.ResourceTest" assertions="1" time="0.002832"/>
        <testcase name="testWillCommitNotPersistentTransactionWhenNoAutocommitAndNoTransactionOnClose" file="/app/test/phpunit/ResourceTest.php" line="85" class="phpunit\ResourceTest" classname="phpunit.ResourceTest" assertions="2" time="0.003894"/>
        <testcase name="testWillCommitIsPersistentTransactionWhenNoAutocommitAndNoTransactionOnClose" file="/app/test/phpunit/ResourceTest.php" line="105" class="phpunit\ResourceTest" classname="phpunit.ResourceTest" assertions="2" time="0.003905"/>
        <testcase name="testTransactionExceptionOnNonPersistentClose" file="/app/test/phpunit/ResourceTest.php" line="141" class="phpunit\ResourceTest" classname="phpunit.ResourceTest" assertions="3" time="0.005172"/>
        <testcase name="testDisconnectExceptionOnClose" file="/app/test/phpunit/ResourceTest.php" line="160" class="phpunit\ResourceTest" classname="phpunit.ResourceTest" assertions="3" time="0.004639"/>
        <testcase name="testNoGcWhenNotConnected" file="/app/test/phpunit/ResourceTest.php" line="192" class="phpunit\ResourceTest" classname="phpunit.ResourceTest" assertions="1" time="0.002988"/>
        <testcase name="testGcWhenConnected" file="/app/test/phpunit/ResourceTest.php" line="202" class="phpunit\ResourceTest" classname="phpunit.ResourceTest" assertions="1" time="0.003475"/>
        <testcase name="testDoNoCommitTransactionWhenAutocommitEnabledOnClose" file="/app/test/phpunit/ResourceTest.php" line="218" class="phpunit\ResourceTest" classname="phpunit.ResourceTest" assertions="1" time="0.003740"/>
        <testcase name="testDoNoCommitTransactionWhenTransactionExplicitlyStartedOnClose" file="/app/test/phpunit/ResourceTest.php" line="234" class="phpunit\ResourceTest" classname="phpunit.ResourceTest" assertions="1" time="0.003599"/>
        <testcase name="testQueryBadClientRequest" file="/app/test/phpunit/ResourceTest.php" line="249" class="phpunit\ResourceTest" classname="phpunit.ResourceTest" assertions="3" time="0.003685"/>
        <testcase name="testQueryBadServerResponse" file="/app/test/phpunit/ResourceTest.php" line="262" class="phpunit\ResourceTest" classname="phpunit.ResourceTest" assertions="3" time="0.003806"/>
        <testcase name="testQueryBadServerResponsePacketFieldCountIsNotZeroButBadResult" file="/app/test/phpunit/ResourceTest.php" line="295" class="phpunit\ResourceTest" classname="phpunit.ResourceTest" assertions="4" time="0.004788"/>
        <testcase name="testOpen" file="/app/test/phpunit/ResourceTest.php" line="36" class="phpunit\ResourceTest" classname="phpunit.ResourceTest" assertions="1" time="0.004623"/>
        <testcase name="testOpenCloseError" file="/app/test/phpunit/ResourceTest.php" line="42" class="phpunit\ResourceTest" classname="phpunit.ResourceTest" assertions="2" time="0.003452"/>
        <testcase name="testOpenAutocommitFailed" file="/app/test/phpunit/ResourceTest.php" line="55" class="phpunit\ResourceTest" classname="phpunit.ResourceTest" assertions="2" time="0.005263"/>
        <testcase name="testTransactionExceptionOnPersistentClose" file="/app/test/phpunit/ResourceTest.php" line="122" class="phpunit\ResourceTest" classname="phpunit.ResourceTest" assertions="3" time="0.003718"/>
        <testcase name="testUncaughtExceptionBecomesInternalExceptionOnClose" file="/app/test/phpunit/ResourceTest.php" line="176" class="phpunit\ResourceTest" classname="phpunit.ResourceTest" assertions="3" time="0.003531"/>
        <testcase name="testQueryBadServerResponsePacketFieldCountIsZero" file="/app/test/phpunit/ResourceTest.php" line="276" class="phpunit\ResourceTest" classname="phpunit.ResourceTest" assertions="4" time="0.004069"/>
        <testcase name="testConnectingDefaultsFailed" file="/app/test/phpunit/ResourceTest.php" line="315" class="phpunit\ResourceTest" classname="phpunit.ResourceTest" assertions="3" time="0.006169"/>
        <testcase name="testConnectingTransactionIsolationFailed" file="/app/test/phpunit/ResourceTest.php" line="341" class="phpunit\ResourceTest" classname="phpunit.ResourceTest" assertions="3" time="0.007278"/>
        <testcase name="testConnectingTransactionAutocommitFailed" file="/app/test/phpunit/ResourceTest.php" line="364" class="phpunit\ResourceTest" classname="phpunit.ResourceTest" assertions="3" time="0.006036"/>
      </testsuite>
      <testsuite name="phpunit\SelectTest" file="/app/test/phpunit/SelectTest.php" tests="15" assertions="20" errors="0" failures="0" skipped="0" time="0.088475">
        <testsuite name="phpunit\SelectTest::testSimpleSelect" tests="13" assertions="13" errors="0" failures="0" skipped="0" time="0.075708">
          <testcase name="testSimpleSelect with data set &quot;simple select all&quot;" file="/app/test/phpunit/SelectTest.php" line="146" class="phpunit\SelectTest" classname="phpunit.SelectTest" assertions="1" time="0.007881"/>
          <testcase name="testSimpleSelect with data set &quot;complex select all&quot;" file="/app/test/phpunit/SelectTest.php" line="146" class="phpunit\SelectTest" classname="phpunit.SelectTest" assertions="1" time="0.006488"/>
          <testcase name="testSimpleSelect with data set &quot;simple select JOIN&quot;" file="/app/test/phpunit/SelectTest.php" line="146" class="phpunit\SelectTest" classname="phpunit.SelectTest" assertions="1" time="0.006025"/>
          <testcase name="testSimpleSelect with data set &quot;simple select UNION&quot;" file="/app/test/phpunit/SelectTest.php" line="146" class="phpunit\SelectTest" classname="phpunit.SelectTest" assertions="1" time="0.005277"/>
          <testcase name="testSimpleSelect with data set &quot;simple select ORDER BY&quot;" file="/app/test/phpunit/SelectTest.php" line="146" class="phpunit\SelectTest" classname="phpunit.SelectTest" assertions="1" time="0.007255"/>
          <testcase name="testSimpleSelect with data set &quot;simple select WHERE&quot;" file="/app/test/phpunit/SelectTest.php" line="146" class="phpunit\SelectTest" classname="phpunit.SelectTest" assertions="1" time="0.006108"/>
          <testcase name="testSimpleSelect with data set &quot;simple select COUNT&quot;" file="/app/test/phpunit/SelectTest.php" line="146" class="phpunit\SelectTest" classname="phpunit.SelectTest" assertions="1" time="0.005028"/>
          <testcase name="testSimpleSelect with data set &quot;simple select GROUP BY&quot;" file="/app/test/phpunit/SelectTest.php" line="146" class="phpunit\SelectTest" classname="phpunit.SelectTest" assertions="1" time="0.005856"/>
          <testcase name="testSimpleSelect with data set &quot;simple select HAVING&quot;" file="/app/test/phpunit/SelectTest.php" line="146" class="phpunit\SelectTest" classname="phpunit.SelectTest" assertions="1" time="0.005481"/>
          <testcase name="testSimpleSelect with data set &quot;simple select LIMIT&quot;" file="/app/test/phpunit/SelectTest.php" line="146" class="phpunit\SelectTest" classname="phpunit.SelectTest" assertions="1" time="0.005198"/>
          <testcase name="testSimpleSelect with data set &quot;simple select LIMIT OFFSET&quot;" file="/app/test/phpunit/SelectTest.php" line="146" class="phpunit\SelectTest" classname="phpunit.SelectTest" assertions="1" time="0.005143"/>
          <testcase name="testSimpleSelect with data set &quot;simple select ALL&quot;" file="/app/test/phpunit/SelectTest.php" line="146" class="phpunit\SelectTest" classname="phpunit.SelectTest" assertions="1" time="0.004987"/>
          <testcase name="testSimpleSelect with data set &quot;simple select SQL_SMALL_RESULT&quot;" file="/app/test/phpunit/SelectTest.php" line="146" class="phpunit\SelectTest" classname="phpunit.SelectTest" assertions="1" time="0.004982"/>
        </testsuite>
        <testcase name="testServerGoneDuringQuery" file="/app/test/phpunit/SelectTest.php" line="175" class="phpunit\SelectTest" classname="phpunit.SelectTest" assertions="3" time="0.005797"/>
        <testcase name="testTerminationDuringQuery" file="/app/test/phpunit/SelectTest.php" line="153" class="phpunit\SelectTest" classname="phpunit.SelectTest" assertions="4" time="0.006970"/>
      </testsuite>
      <testsuite name="phpunit\TransactionsTest" file="/app/test/phpunit/TransactionsTest.php" tests="11" assertions="19" errors="0" failures="0" skipped="0" time="0.051402">
        <testcase name="testBeginTransactionReadonlySuccess" file="/app/test/phpunit/TransactionsTest.php" line="93" class="phpunit\TransactionsTest" classname="phpunit.TransactionsTest" assertions="1" time="0.003378"/>
        <testcase name="testBeginTransactionReadonlyFailure" file="/app/test/phpunit/TransactionsTest.php" line="106" class="phpunit\TransactionsTest" classname="phpunit.TransactionsTest" assertions="2" time="0.003490"/>
        <testcase name="testBeginTransactionReadwriteSuccess" file="/app/test/phpunit/TransactionsTest.php" line="120" class="phpunit\TransactionsTest" classname="phpunit.TransactionsTest" assertions="1" time="0.003309"/>
        <testcase name="testRollbackTransactionSuccess" file="/app/test/phpunit/TransactionsTest.php" line="147" class="phpunit\TransactionsTest" classname="phpunit.TransactionsTest" assertions="1" time="0.003104"/>
        <testcase name="testCommitTransactionSuccess" file="/app/test/phpunit/TransactionsTest.php" line="172" class="phpunit\TransactionsTest" classname="phpunit.TransactionsTest" assertions="1" time="0.003227"/>
        <testcase name="testCommitTransactionFailure" file="/app/test/phpunit/TransactionsTest.php" line="184" class="phpunit\TransactionsTest" classname="phpunit.TransactionsTest" assertions="2" time="0.003317"/>
        <testcase name="testBeginTransactionReadwriteFailure" file="/app/test/phpunit/TransactionsTest.php" line="133" class="phpunit\TransactionsTest" classname="phpunit.TransactionsTest" assertions="2" time="0.004843"/>
        <testcase name="testRollbackTransactionFailure" file="/app/test/phpunit/TransactionsTest.php" line="159" class="phpunit\TransactionsTest" classname="phpunit.TransactionsTest" assertions="2" time="0.004518"/>
        <testcase name="testBeginTransactionReadonlyReal" file="/app/test/phpunit/TransactionsTest.php" line="37" class="phpunit\TransactionsTest" classname="phpunit.TransactionsTest" assertions="1" time="0.006178"/>
        <testcase name="testBeginTransactionReadWriteReal" file="/app/test/phpunit/TransactionsTest.php" line="57" class="phpunit\TransactionsTest" classname="phpunit.TransactionsTest" assertions="1" time="0.005239"/>
        <testcase name="testTransactionIsolationLevel" file="/app/test/phpunit/TransactionsTest.php" line="70" class="phpunit\TransactionsTest" classname="phpunit.TransactionsTest" assertions="5" time="0.010799"/>
      </testsuite>
      <testsuite name="phpunit\UpdateTest" file="/app/test/phpunit/UpdateTest.php" tests="7" assertions="16" errors="0" failures="0" skipped="0" time="0.039709">
        <testcase name="testUpdateReturnsNull" file="/app/test/phpunit/UpdateTest.php" line="178" class="phpunit\UpdateTest" classname="phpunit.UpdateTest" assertions="2" time="0.003673"/>
        <testcase name="testDeleteWhereReturnsNull" file="/app/test/phpunit/UpdateTest.php" line="191" class="phpunit\UpdateTest" classname="phpunit.UpdateTest" assertions="2" time="0.002969"/>
        <testcase name="testUpdateInternalError" file="/app/test/phpunit/UpdateTest.php" line="158" class="phpunit\UpdateTest" classname="phpunit.UpdateTest" assertions="2" time="0.005430"/>
        <testcase name="testUpdate" file="/app/test/phpunit/UpdateTest.php" line="73" class="phpunit\UpdateTest" classname="phpunit.UpdateTest" assertions="3" time="0.006530"/>
        <testcase name="testUpdateMany" file="/app/test/phpunit/UpdateTest.php" line="100" class="phpunit\UpdateTest" classname="phpunit.UpdateTest" assertions="2" time="0.006693"/>
        <testcase name="testUpdateWhere" file="/app/test/phpunit/UpdateTest.php" line="31" class="phpunit\UpdateTest" classname="phpunit.UpdateTest" assertions="4" time="0.008659"/>
        <testcase name="testUpdateManyMultiColumn" file="/app/test/phpunit/UpdateTest.php" line="132" class="phpunit\UpdateTest" classname="phpunit.UpdateTest" assertions="1" time="0.005755"/>
      </testsuite>
    </testsuite>
  </testsuite>
</testsuites>
