<?xml version="1.0" encoding="UTF-8"?>
<!DOCTYPE coverage SYSTEM "http://cobertura.sourceforge.net/xml/coverage-04.dtd">
<coverage line-rate="0.97519379844961" branch-rate="0" lines-covered="629" lines-valid="645" branches-covered="0" branches-valid="0" complexity="395" version="0.4" timestamp="1668343708">
  <sources>
    <source>/app/src/sql</source>
  </sources>
  <packages>
    <package name="Mydb.php" line-rate="0.92788461538462" branch-rate="0" complexity="101">
      <classes>
        <class name="sql\Mydb" filename="Mydb.php" line-rate="0.92788461538462" branch-rate="0" complexity="101">
          <methods>
            <method name="__construct" signature="sql\MydbCredentialsInterface $credentials, Psr\Log\LoggerInterface $logger, ?sql\MydbOptionsInterface $options, ?sql\MydbMysqliInterface $mysqli, ?sql\MydbEnvironmentInterface $environment, ?sql\MydbQueryBuilderInterface $queryBuilder" line-rate="1" branch-rate="0" complexity="1">
              <lines>
                <line number="83" hits="81"/>
                <line number="84" hits="81"/>
                <line number="85" hits="81"/>
                <line number="86" hits="81"/>
                <line number="87" hits="81"/>
                <line number="88" hits="81"/>
              </lines>
            </method>
            <method name="__destruct" signature="" line-rate="1" branch-rate="0" complexity="1">
              <lines>
                <line number="100" hits="81"/>
                <line number="101" hits="81"/>
              </lines>
            </method>
            <method name="async" signature="string $command" line-rate="1" branch-rate="0" complexity="7">
              <lines>
                <line number="112" hits="6"/>
                <line number="113" hits="1"/>
                <line number="116" hits="5"/>
                <line number="117" hits="3"/>
                <line number="118" hits="3"/>
                <line number="119" hits="2"/>
                <line number="122" hits="3"/>
                <line number="123" hits="1"/>
                <line number="126" hits="2"/>
                <line number="127" hits="1"/>
              </lines>
            </method>
            <method name="open" signature="int $retry" line-rate="1" branch-rate="0" complexity="1">
              <lines>
                <line number="138" hits="27"/>
              </lines>
            </method>
            <method name="query" signature="string $query" line-rate="1" branch-rate="0" complexity="6">
              <lines>
                <line number="154" hits="41"/>
                <line number="155" hits="1"/>
                <line number="158" hits="40"/>
                <line number="159" hits="40"/>
                <line number="161" hits="38"/>
                <line number="162" hits="3"/>
                <line number="165" hits="35"/>
                <line number="166" hits="34"/>
                <line number="167" hits="34"/>
                <line number="168" hits="1"/>
                <line number="169" hits="1"/>
                <line number="177" hits="33"/>
                <line number="180" hits="1"/>
              </lines>
            </method>
            <method name="command" signature="string $query" line-rate="1" branch-rate="0" complexity="3">
              <lines>
                <line number="189" hits="16"/>
                <line number="190" hits="1"/>
                <line number="193" hits="15"/>
                <line number="195" hits="15"/>
                <line number="196" hits="2"/>
                <line number="199" hits="13"/>
                <line number="201" hits="13"/>
              </lines>
            </method>
            <method name="getEnumValues" signature="string $table, string $column" line-rate="1" branch-rate="0" complexity="7">
              <lines>
                <line number="211" hits="3"/>
                <line number="213" hits="3"/>
                <line number="214" hits="3"/>
                <line number="215" hits="2"/>
                <line number="216" hits="3"/>
                <line number="218" hits="3"/>
                <line number="219" hits="3"/>
                <line number="220" hits="3"/>
                <line number="221" hits="3"/>
                <line number="222" hits="2"/>
                <line number="224" hits="2"/>
                <line number="228" hits="3"/>
                <line number="229" hits="1"/>
                <line number="235" hits="2"/>
                <line number="243" hits="2"/>
                <line number="245" hits="2"/>
              </lines>
            </method>
            <method name="escape" signature="$unescaped, string $quote" line-rate="1" branch-rate="0" complexity="2">
              <lines>
                <line number="257" hits="4"/>
                <line number="258" hits="1"/>
                <line number="261" hits="3"/>
              </lines>
            </method>
            <method name="getPrimaryKey" signature="string $table" line-rate="0.90909090909091" branch-rate="0" complexity="6">
              <lines>
                <line number="271" hits="3"/>
                <line number="273" hits="3"/>
                <line number="274" hits="1"/>
                <line number="277" hits="2"/>
                <line number="278" hits="1"/>
                <line number="279" hits="0"/>
                <line number="282" hits="1"/>
                <line number="283" hits="1"/>
                <line number="284" hits="1"/>
                <line number="285" hits="1"/>
                <line number="289" hits="1"/>
              </lines>
            </method>
            <method name="beginTransaction" signature="" line-rate="1" branch-rate="0" complexity="5">
              <lines>
                <line number="297" hits="18"/>
                <line number="298" hits="1"/>
                <line number="301" hits="17"/>
                <line number="302" hits="3"/>
                <line number="303" hits="2"/>
                <line number="305" hits="1"/>
                <line number="307" hits="14"/>
                <line number="308" hits="13"/>
                <line number="310" hits="1"/>
              </lines>
            </method>
            <method name="rollbackTransaction" signature="" line-rate="1" branch-rate="0" complexity="3">
              <lines>
                <line number="319" hits="14"/>
                <line number="320" hits="1"/>
                <line number="323" hits="13"/>
                <line number="324" hits="12"/>
                <line number="327" hits="1"/>
              </lines>
            </method>
            <method name="commitTransaction" signature="" line-rate="1" branch-rate="0" complexity="3">
              <lines>
                <line number="336" hits="4"/>
                <line number="337" hits="1"/>
                <line number="340" hits="3"/>
                <line number="341" hits="2"/>
                <line number="344" hits="1"/>
              </lines>
            </method>
            <method name="close" signature="" line-rate="0.64705882352941" branch-rate="0" complexity="10">
              <lines>
                <line number="352" hits="81"/>
                <line number="353" hits="54"/>
                <line number="363" hits="46"/>
                <line number="368" hits="41"/>
                <line number="369" hits="1"/>
                <line number="370" hits="41"/>
                <line number="372" hits="41"/>
                <line number="373" hits="0"/>
                <line number="381" hits="46"/>
                <line number="382" hits="0"/>
                <line number="384" hits="0"/>
                <line number="385" hits="0"/>
                <line number="386" hits="0"/>
                <line number="387" hits="0"/>
                <line number="390" hits="46"/>
                <line number="391" hits="27"/>
                <line number="394" hits="19"/>
              </lines>
            </method>
            <method name="replace" signature="string $query" line-rate="1" branch-rate="0" complexity="1">
              <lines>
                <line number="403" hits="3"/>
              </lines>
            </method>
            <method name="insert" signature="string $query" line-rate="1" branch-rate="0" complexity="2">
              <lines>
                <line number="412" hits="6"/>
                <line number="413" hits="5"/>
                <line number="416" hits="1"/>
              </lines>
            </method>
            <method name="select" signature="string $query" line-rate="1" branch-rate="0" complexity="1">
              <lines>
                <line number="426" hits="31"/>
              </lines>
            </method>
            <method name="delete" signature="string $query" line-rate="1" branch-rate="0" complexity="3">
              <lines>
                <line number="434" hits="4"/>
                <line number="435" hits="3"/>
                <line number="436" hits="3"/>
                <line number="437" hits="1"/>
                <line number="440" hits="2"/>
                <line number="443" hits="1"/>
              </lines>
            </method>
            <method name="update" signature="string $query" line-rate="0.83333333333333" branch-rate="0" complexity="3">
              <lines>
                <line number="451" hits="4"/>
                <line number="452" hits="4"/>
                <line number="453" hits="4"/>
                <line number="454" hits="1"/>
                <line number="457" hits="3"/>
                <line number="460" hits="0"/>
              </lines>
            </method>
            <method name="deleteWhere" signature="array $whereFields, string $table, array $whereNotFields" line-rate="0.75" branch-rate="0" complexity="2">
              <lines>
                <line number="468" hits="1"/>
                <line number="469" hits="1"/>
                <line number="470" hits="0"/>
                <line number="473" hits="1"/>
              </lines>
            </method>
            <method name="updateWhere" signature="array $update, array $whereFields, string $table, array $whereNotFields" line-rate="0.8" branch-rate="0" complexity="3">
              <lines>
                <line number="482" hits="1"/>
                <line number="484" hits="1"/>
                <line number="485" hits="1"/>
                <line number="487" hits="1"/>
                <line number="490" hits="0"/>
              </lines>
            </method>
            <method name="updateWhereMany" signature="array $columnSetWhere, array $where, string $table" line-rate="1" branch-rate="0" complexity="1">
              <lines>
                <line number="501" hits="1"/>
                <line number="502" hits="1"/>
              </lines>
            </method>
            <method name="insertMany" signature="array $data, array $cols, string $table, bool $ignore, string $onDuplicateSql" line-rate="1" branch-rate="0" complexity="1">
              <lines>
                <line number="516" hits="1"/>
                <line number="517" hits="1"/>
              </lines>
            </method>
            <method name="replaceOne" signature="array $data, string $table" line-rate="1" branch-rate="0" complexity="1">
              <lines>
                <line number="526" hits="1"/>
                <line number="528" hits="1"/>
              </lines>
            </method>
            <method name="insertOne" signature="array $data, string $table" line-rate="1" branch-rate="0" complexity="1">
              <lines>
                <line number="537" hits="1"/>
                <line number="539" hits="1"/>
              </lines>
            </method>
            <method name="sendClientRequest" signature="string $query" line-rate="0.85714285714286" branch-rate="0" complexity="2">
              <lines>
                <line number="548" hits="44"/>
                <line number="549" hits="44"/>
                <line number="551" hits="44"/>
                <line number="553" hits="44"/>
                <line number="554" hits="44"/>
                <line number="555" hits="0"/>
                <line number="558" hits="44"/>
              </lines>
            </method>
            <method name="readServerResponse" signature="string $query" line-rate="0.92307692307692" branch-rate="0" complexity="6">
              <lines>
                <line number="566" hits="42"/>
                <line number="567" hits="42"/>
                <line number="568" hits="3"/>
                <line number="571" hits="39"/>
                <line number="572" hits="39"/>
                <line number="573" hits="3"/>
                <line number="574" hits="3"/>
                <line number="578" hits="39"/>
                <line number="579" hits="39"/>
                <line number="580" hits="2"/>
                <line number="584" hits="0"/>
                <line number="586" hits="2"/>
                <line number="589" hits="37"/>
              </lines>
            </method>
            <method name="onWarning" signature="string $warningMessage, ?string $sql" line-rate="1" branch-rate="0" complexity="1">
              <lines>
                <line number="594" hits="10"/>
              </lines>
            </method>
            <method name="onError" signature="sql\MydbException $exception, ?string $sql" line-rate="1" branch-rate="0" complexity="1">
              <lines>
                <line number="602" hits="10"/>
                <line number="604" hits="10"/>
              </lines>
            </method>
            <method name="afterConnectionSuccess" signature="" line-rate="0.8" branch-rate="0" complexity="5">
              <lines>
                <line number="612" hits="40"/>
                <line number="613" hits="40"/>
                <line number="614" hits="0"/>
                <line number="620" hits="40"/>
                <line number="621" hits="40"/>
                <line number="622" hits="40"/>
                <line number="624" hits="40"/>
                <line number="625" hits="39"/>
                <line number="628" hits="1"/>
                <line number="629" hits="0"/>
                <line number="632" hits="1"/>
                <line number="633" hits="1"/>
                <line number="634" hits="1"/>
                <line number="635" hits="1"/>
                <line number="637" hits="0"/>
              </lines>
            </method>
            <method name="connect" signature="int $retry" line-rate="1" branch-rate="0" complexity="12">
              <lines>
                <line number="650" hits="67"/>
                <line number="651" hits="35"/>
                <line number="654" hits="49"/>
                <line number="655" hits="49"/>
                <line number="656" hits="49"/>
                <line number="658" hits="49"/>
                <line number="659" hits="47"/>
                <line number="661" hits="47"/>
                <line number="662" hits="47"/>
                <line number="663" hits="47"/>
                <line number="664" hits="47"/>
                <line number="665" hits="47"/>
                <line number="666" hits="47"/>
                <line number="667" hits="47"/>
                <line number="668" hits="47"/>
                <line number="671" hits="47"/>
                <line number="674" hits="49"/>
                <line number="675" hits="8"/>
                <line number="676" hits="8"/>
                <line number="678" hits="8"/>
                <line number="679" hits="1"/>
                <line number="682" hits="7"/>
                <line number="684" hits="7"/>
                <line number="685" hits="1"/>
                <line number="687" hits="1"/>
                <line number="690" hits="7"/>
                <line number="693" hits="41"/>
                <line number="695" hits="41"/>
                <line number="696" hits="1"/>
                <line number="699" hits="40"/>
                <line number="701" hits="40"/>
              </lines>
            </method>
          </methods>
          <lines>
            <line number="83" hits="81"/>
            <line number="84" hits="81"/>
            <line number="85" hits="81"/>
            <line number="86" hits="81"/>
            <line number="87" hits="81"/>
            <line number="88" hits="81"/>
            <line number="100" hits="81"/>
            <line number="101" hits="81"/>
            <line number="112" hits="6"/>
            <line number="113" hits="1"/>
            <line number="116" hits="5"/>
            <line number="117" hits="3"/>
            <line number="118" hits="3"/>
            <line number="119" hits="2"/>
            <line number="122" hits="3"/>
            <line number="123" hits="1"/>
            <line number="126" hits="2"/>
            <line number="127" hits="1"/>
            <line number="138" hits="27"/>
            <line number="154" hits="41"/>
            <line number="155" hits="1"/>
            <line number="158" hits="40"/>
            <line number="159" hits="40"/>
            <line number="161" hits="38"/>
            <line number="162" hits="3"/>
            <line number="165" hits="35"/>
            <line number="166" hits="34"/>
            <line number="167" hits="34"/>
            <line number="168" hits="1"/>
            <line number="169" hits="1"/>
            <line number="177" hits="33"/>
            <line number="180" hits="1"/>
            <line number="189" hits="16"/>
            <line number="190" hits="1"/>
            <line number="193" hits="15"/>
            <line number="195" hits="15"/>
            <line number="196" hits="2"/>
            <line number="199" hits="13"/>
            <line number="201" hits="13"/>
            <line number="211" hits="3"/>
            <line number="213" hits="3"/>
            <line number="214" hits="3"/>
            <line number="215" hits="2"/>
            <line number="216" hits="3"/>
            <line number="218" hits="3"/>
            <line number="219" hits="3"/>
            <line number="220" hits="3"/>
            <line number="221" hits="3"/>
            <line number="222" hits="2"/>
            <line number="224" hits="2"/>
            <line number="228" hits="3"/>
            <line number="229" hits="1"/>
            <line number="235" hits="2"/>
            <line number="243" hits="2"/>
            <line number="245" hits="2"/>
            <line number="257" hits="4"/>
            <line number="258" hits="1"/>
            <line number="261" hits="3"/>
            <line number="271" hits="3"/>
            <line number="273" hits="3"/>
            <line number="274" hits="1"/>
            <line number="277" hits="2"/>
            <line number="278" hits="1"/>
            <line number="279" hits="0"/>
            <line number="282" hits="1"/>
            <line number="283" hits="1"/>
            <line number="284" hits="1"/>
            <line number="285" hits="1"/>
            <line number="289" hits="1"/>
            <line number="297" hits="18"/>
            <line number="298" hits="1"/>
            <line number="301" hits="17"/>
            <line number="302" hits="3"/>
            <line number="303" hits="2"/>
            <line number="305" hits="1"/>
            <line number="307" hits="14"/>
            <line number="308" hits="13"/>
            <line number="310" hits="1"/>
            <line number="319" hits="14"/>
            <line number="320" hits="1"/>
            <line number="323" hits="13"/>
            <line number="324" hits="12"/>
            <line number="327" hits="1"/>
            <line number="336" hits="4"/>
            <line number="337" hits="1"/>
            <line number="340" hits="3"/>
            <line number="341" hits="2"/>
            <line number="344" hits="1"/>
            <line number="352" hits="81"/>
            <line number="353" hits="54"/>
            <line number="363" hits="46"/>
            <line number="368" hits="41"/>
            <line number="369" hits="1"/>
            <line number="370" hits="41"/>
            <line number="372" hits="41"/>
            <line number="373" hits="0"/>
            <line number="381" hits="46"/>
            <line number="382" hits="0"/>
            <line number="384" hits="0"/>
            <line number="385" hits="0"/>
            <line number="386" hits="0"/>
            <line number="387" hits="0"/>
            <line number="390" hits="46"/>
            <line number="391" hits="27"/>
            <line number="394" hits="19"/>
            <line number="403" hits="3"/>
            <line number="412" hits="6"/>
            <line number="413" hits="5"/>
            <line number="416" hits="1"/>
            <line number="426" hits="31"/>
            <line number="434" hits="4"/>
            <line number="435" hits="3"/>
            <line number="436" hits="3"/>
            <line number="437" hits="1"/>
            <line number="440" hits="2"/>
            <line number="443" hits="1"/>
            <line number="451" hits="4"/>
            <line number="452" hits="4"/>
            <line number="453" hits="4"/>
            <line number="454" hits="1"/>
            <line number="457" hits="3"/>
            <line number="460" hits="0"/>
            <line number="468" hits="1"/>
            <line number="469" hits="1"/>
            <line number="470" hits="0"/>
            <line number="473" hits="1"/>
            <line number="482" hits="1"/>
            <line number="484" hits="1"/>
            <line number="485" hits="1"/>
            <line number="487" hits="1"/>
            <line number="490" hits="0"/>
            <line number="501" hits="1"/>
            <line number="502" hits="1"/>
            <line number="516" hits="1"/>
            <line number="517" hits="1"/>
            <line number="526" hits="1"/>
            <line number="528" hits="1"/>
            <line number="537" hits="1"/>
            <line number="539" hits="1"/>
            <line number="548" hits="44"/>
            <line number="549" hits="44"/>
            <line number="551" hits="44"/>
            <line number="553" hits="44"/>
            <line number="554" hits="44"/>
            <line number="555" hits="0"/>
            <line number="558" hits="44"/>
            <line number="566" hits="42"/>
            <line number="567" hits="42"/>
            <line number="568" hits="3"/>
            <line number="571" hits="39"/>
            <line number="572" hits="39"/>
            <line number="573" hits="3"/>
            <line number="574" hits="3"/>
            <line number="578" hits="39"/>
            <line number="579" hits="39"/>
            <line number="580" hits="2"/>
            <line number="584" hits="0"/>
            <line number="586" hits="2"/>
            <line number="589" hits="37"/>
            <line number="594" hits="10"/>
            <line number="602" hits="10"/>
            <line number="604" hits="10"/>
            <line number="612" hits="40"/>
            <line number="613" hits="40"/>
            <line number="614" hits="0"/>
            <line number="620" hits="40"/>
            <line number="621" hits="40"/>
            <line number="622" hits="40"/>
            <line number="624" hits="40"/>
            <line number="625" hits="39"/>
            <line number="628" hits="1"/>
            <line number="629" hits="0"/>
            <line number="632" hits="1"/>
            <line number="633" hits="1"/>
            <line number="634" hits="1"/>
            <line number="635" hits="1"/>
            <line number="637" hits="0"/>
            <line number="650" hits="67"/>
            <line number="651" hits="35"/>
            <line number="654" hits="49"/>
            <line number="655" hits="49"/>
            <line number="656" hits="49"/>
            <line number="658" hits="49"/>
            <line number="659" hits="47"/>
            <line number="661" hits="47"/>
            <line number="662" hits="47"/>
            <line number="663" hits="47"/>
            <line number="664" hits="47"/>
            <line number="665" hits="47"/>
            <line number="666" hits="47"/>
            <line number="667" hits="47"/>
            <line number="668" hits="47"/>
            <line number="671" hits="47"/>
            <line number="674" hits="49"/>
            <line number="675" hits="8"/>
            <line number="676" hits="8"/>
            <line number="678" hits="8"/>
            <line number="679" hits="1"/>
            <line number="682" hits="7"/>
            <line number="684" hits="7"/>
            <line number="685" hits="1"/>
            <line number="687" hits="1"/>
            <line number="690" hits="7"/>
            <line number="693" hits="41"/>
            <line number="695" hits="41"/>
            <line number="696" hits="1"/>
            <line number="699" hits="40"/>
            <line number="701" hits="40"/>
          </lines>
        </class>
      </classes>
    </package>
    <package name="MydbCredentials.php" line-rate="1" branch-rate="0" complexity="8">
      <classes>
        <class name="sql\MydbCredentials" filename="MydbCredentials.php" line-rate="1" branch-rate="0" complexity="8">
          <methods>
            <method name="__construct" signature="string $host, string $username, string $passwd, string $dbname, ?int $port, ?string $socket, int $flags" line-rate="1" branch-rate="0" complexity="1">
              <lines>
                <line number="96" hits="81"/>
                <line number="97" hits="81"/>
                <line number="98" hits="81"/>
                <line number="99" hits="81"/>
                <line number="100" hits="81"/>
                <line number="101" hits="81"/>
                <line number="102" hits="81"/>
              </lines>
            </method>
            <method name="getHost" signature="" line-rate="1" branch-rate="0" complexity="1">
              <lines>
                <line number="107" hits="47"/>
              </lines>
            </method>
            <method name="getUsername" signature="" line-rate="1" branch-rate="0" complexity="1">
              <lines>
                <line number="112" hits="47"/>
              </lines>
            </method>
            <method name="getPasswd" signature="" line-rate="1" branch-rate="0" complexity="1">
              <lines>
                <line number="117" hits="47"/>
              </lines>
            </method>
            <method name="getDbname" signature="" line-rate="1" branch-rate="0" complexity="1">
              <lines>
                <line number="122" hits="47"/>
              </lines>
            </method>
            <method name="getPort" signature="" line-rate="1" branch-rate="0" complexity="1">
              <lines>
                <line number="127" hits="47"/>
              </lines>
            </method>
            <method name="getSocket" signature="" line-rate="1" branch-rate="0" complexity="1">
              <lines>
                <line number="132" hits="47"/>
              </lines>
            </method>
            <method name="getFlags" signature="" line-rate="1" branch-rate="0" complexity="1">
              <lines>
                <line number="137" hits="47"/>
              </lines>
            </method>
          </methods>
          <lines>
            <line number="96" hits="81"/>
            <line number="97" hits="81"/>
            <line number="98" hits="81"/>
            <line number="99" hits="81"/>
            <line number="100" hits="81"/>
            <line number="101" hits="81"/>
            <line number="102" hits="81"/>
            <line number="107" hits="47"/>
            <line number="112" hits="47"/>
            <line number="117" hits="47"/>
            <line number="122" hits="47"/>
            <line number="127" hits="47"/>
            <line number="132" hits="47"/>
            <line number="137" hits="47"/>
          </lines>
        </class>
      </classes>
    </package>
    <package name="MydbCredentialsInterface.php" line-rate="0" branch-rate="0" complexity="0">
      <classes/>
    </package>
    <package name="MydbEnvironment.php" line-rate="1" branch-rate="0" complexity="18">
      <classes>
        <class name="sql\MydbEnvironment" filename="MydbEnvironment.php" line-rate="1" branch-rate="0" complexity="18">
          <methods>
            <method name="gc_collect_cycles" signature="" line-rate="1" branch-rate="0" complexity="2">
              <lines>
                <line number="72" hits="14"/>
                <line number="78" hits="14"/>
              </lines>
            </method>
            <method name="restore_error_handler" signature="" line-rate="1" branch-rate="0" complexity="1">
              <lines>
                <line number="90" hits="44"/>
              </lines>
            </method>
            <method name="set_error_handler" signature="?callable $callback, int $error_levels" line-rate="1" branch-rate="0" complexity="1">
              <lines>
                <line number="106" hits="44"/>
              </lines>
            </method>
            <method name="setMysqlndNetReadTimeout" signature="string $timeoutSeconds" line-rate="1" branch-rate="0" complexity="1">
              <lines>
                <line number="134" hits="46"/>
              </lines>
            </method>
            <method name="error_reporting" signature="int $level" line-rate="1" branch-rate="0" complexity="1">
              <lines>
                <line number="146" hits="47"/>
              </lines>
            </method>
            <method name="ignore_user_abort" signature="" line-rate="1" branch-rate="0" complexity="1">
              <lines>
                <line number="158" hits="46"/>
              </lines>
            </method>
            <method name="ini_set" signature="string $key, string $value" line-rate="1" branch-rate="0" complexity="2">
              <lines>
                <line number="171" hits="46"/>
                <line number="172" hits="46"/>
                <line number="178" hits="46"/>
              </lines>
            </method>
            <method name="endSignalsTrap" signature="" line-rate="1" branch-rate="0" complexity="5">
              <lines>
                <line number="196" hits="48"/>
                <line number="202" hits="48"/>
                <line number="203" hits="48"/>
                <line number="208" hits="48"/>
                <line number="213" hits="48"/>
                <line number="215" hits="48"/>
                <line number="217" hits="48"/>
                <line number="218" hits="4"/>
                <line number="219" hits="48"/>
              </lines>
            </method>
            <method name="startSignalsTrap" signature="" line-rate="1" branch-rate="0" complexity="3">
              <lines>
                <line number="232" hits="48"/>
                <line number="234" hits="48"/>
                <line number="235" hits="4"/>
                <line number="238" hits="48"/>
                <line number="239" hits="48"/>
                <line number="240" hits="48"/>
                <line number="242" hits="48"/>
              </lines>
            </method>
            <method name="getNullErrorHandler" signature="" line-rate="1" branch-rate="0" complexity="1">
              <lines>
                <line number="256" hits="44"/>
                <line number="257" hits="2"/>
              </lines>
            </method>
          </methods>
          <lines>
            <line number="72" hits="14"/>
            <line number="78" hits="14"/>
            <line number="90" hits="44"/>
            <line number="106" hits="44"/>
            <line number="134" hits="46"/>
            <line number="146" hits="47"/>
            <line number="158" hits="46"/>
            <line number="171" hits="46"/>
            <line number="172" hits="46"/>
            <line number="178" hits="46"/>
            <line number="196" hits="48"/>
            <line number="202" hits="48"/>
            <line number="203" hits="48"/>
            <line number="208" hits="48"/>
            <line number="213" hits="48"/>
            <line number="215" hits="48"/>
            <line number="217" hits="48"/>
            <line number="218" hits="4"/>
            <line number="219" hits="48"/>
            <line number="232" hits="48"/>
            <line number="234" hits="48"/>
            <line number="235" hits="4"/>
            <line number="238" hits="48"/>
            <line number="239" hits="48"/>
            <line number="240" hits="48"/>
            <line number="242" hits="48"/>
            <line number="256" hits="44"/>
            <line number="257" hits="2"/>
          </lines>
        </class>
      </classes>
    </package>
    <package name="MydbEnvironmentInterface.php" line-rate="0" branch-rate="0" complexity="0">
      <classes/>
    </package>
    <package name="MydbException.php" line-rate="0" branch-rate="0" complexity="0">
      <classes>
        <class name="sql\MydbException" filename="MydbException.php" line-rate="0" branch-rate="0" complexity="0">
          <methods/>
          <lines/>
        </class>
      </classes>
    </package>
    <package name="MydbException/AsyncException.php" line-rate="0" branch-rate="0" complexity="0">
      <classes>
        <class name="sql\MydbException\AsyncException" filename="MydbException/AsyncException.php" line-rate="0" branch-rate="0" complexity="0">
          <methods/>
          <lines/>
        </class>
      </classes>
    </package>
    <package name="MydbException/ConnectException.php" line-rate="0" branch-rate="0" complexity="0">
      <classes>
        <class name="sql\MydbException\ConnectException" filename="MydbException/ConnectException.php" line-rate="0" branch-rate="0" complexity="0">
          <methods/>
          <lines/>
        </class>
      </classes>
    </package>
    <package name="MydbException/DeleteException.php" line-rate="0" branch-rate="0" complexity="0">
      <classes>
        <class name="sql\MydbException\DeleteException" filename="MydbException/DeleteException.php" line-rate="0" branch-rate="0" complexity="0">
          <methods/>
          <lines/>
        </class>
      </classes>
    </package>
    <package name="MydbException/DisconnectException.php" line-rate="0" branch-rate="0" complexity="0">
      <classes>
        <class name="sql\MydbException\DisconnectException" filename="MydbException/DisconnectException.php" line-rate="0" branch-rate="0" complexity="0">
          <methods/>
          <lines/>
        </class>
      </classes>
    </package>
    <package name="MydbException/EnvironmentException.php" line-rate="0" branch-rate="0" complexity="0">
      <classes>
        <class name="sql\MydbException\EnvironmentException" filename="MydbException/EnvironmentException.php" line-rate="0" branch-rate="0" complexity="0">
          <methods/>
          <lines/>
        </class>
      </classes>
    </package>
    <package name="MydbException/InternalException.php" line-rate="0" branch-rate="0" complexity="0">
      <classes>
        <class name="sql\MydbException\InternalException" filename="MydbException/InternalException.php" line-rate="0" branch-rate="0" complexity="0">
          <methods/>
          <lines/>
        </class>
      </classes>
    </package>
    <package name="MydbException/LoggerException.php" line-rate="0" branch-rate="0" complexity="0">
      <classes>
        <class name="sql\MydbException\LoggerException" filename="MydbException/LoggerException.php" line-rate="0" branch-rate="0" complexity="0">
          <methods/>
          <lines/>
        </class>
      </classes>
    </package>
    <package name="MydbException/OptionException.php" line-rate="0" branch-rate="0" complexity="0">
      <classes>
        <class name="sql\MydbException\OptionException" filename="MydbException/OptionException.php" line-rate="0" branch-rate="0" complexity="0">
          <methods/>
          <lines/>
        </class>
      </classes>
    </package>
    <package name="MydbException/QueryBuilderEscapeException.php" line-rate="1" branch-rate="0" complexity="1">
      <classes>
        <class name="sql\MydbException\QueryBuilderEscapeException" filename="MydbException/QueryBuilderEscapeException.php" line-rate="1" branch-rate="0" complexity="1">
          <methods>
            <method name="__construct" signature="string $message, int $code, ?Throwable $previous" line-rate="1" branch-rate="0" complexity="1">
              <lines>
                <line number="34" hits="2"/>
              </lines>
            </method>
          </methods>
          <lines>
            <line number="34" hits="2"/>
          </lines>
        </class>
      </classes>
    </package>
    <package name="MydbException/QueryBuilderException.php" line-rate="0" branch-rate="0" complexity="0">
      <classes>
        <class name="sql\MydbException\QueryBuilderException" filename="MydbException/QueryBuilderException.php" line-rate="0" branch-rate="0" complexity="0">
          <methods/>
          <lines/>
        </class>
      </classes>
    </package>
    <package name="MydbException/RegistryException.php" line-rate="0" branch-rate="0" complexity="0">
      <classes>
        <class name="sql\MydbException\RegistryException" filename="MydbException/RegistryException.php" line-rate="0" branch-rate="0" complexity="0">
          <methods/>
          <lines/>
        </class>
      </classes>
    </package>
    <package name="MydbException/TerminationSignalException.php" line-rate="0" branch-rate="0" complexity="0">
      <classes>
        <class name="sql\MydbException\TerminationSignalException" filename="MydbException/TerminationSignalException.php" line-rate="0" branch-rate="0" complexity="0">
          <methods/>
          <lines/>
        </class>
      </classes>
    </package>
    <package name="MydbException/TransactionAutocommitException.php" line-rate="0" branch-rate="0" complexity="0">
      <classes>
        <class name="sql\MydbException\TransactionAutocommitException" filename="MydbException/TransactionAutocommitException.php" line-rate="0" branch-rate="0" complexity="0">
          <methods/>
          <lines/>
        </class>
      </classes>
    </package>
    <package name="MydbException/TransactionBeginException.php" line-rate="0" branch-rate="0" complexity="0">
      <classes>
        <class name="sql\MydbException\TransactionBeginException" filename="MydbException/TransactionBeginException.php" line-rate="0" branch-rate="0" complexity="0">
          <methods/>
          <lines/>
        </class>
      </classes>
    </package>
    <package name="MydbException/TransactionBeginReadonlyException.php" line-rate="0" branch-rate="0" complexity="0">
      <classes>
        <class name="sql\MydbException\TransactionBeginReadonlyException" filename="MydbException/TransactionBeginReadonlyException.php" line-rate="0" branch-rate="0" complexity="0">
          <methods/>
          <lines/>
        </class>
      </classes>
    </package>
    <package name="MydbException/TransactionBeginReadwriteException.php" line-rate="0" branch-rate="0" complexity="0">
      <classes>
        <class name="sql\MydbException\TransactionBeginReadwriteException" filename="MydbException/TransactionBeginReadwriteException.php" line-rate="0" branch-rate="0" complexity="0">
          <methods/>
          <lines/>
        </class>
      </classes>
    </package>
    <package name="MydbException/TransactionCommitException.php" line-rate="0" branch-rate="0" complexity="0">
      <classes>
        <class name="sql\MydbException\TransactionCommitException" filename="MydbException/TransactionCommitException.php" line-rate="0" branch-rate="0" complexity="0">
          <methods/>
          <lines/>
        </class>
      </classes>
    </package>
    <package name="MydbException/TransactionRollbackException.php" line-rate="0" branch-rate="0" complexity="0">
      <classes>
        <class name="sql\MydbException\TransactionRollbackException" filename="MydbException/TransactionRollbackException.php" line-rate="0" branch-rate="0" complexity="0">
          <methods/>
          <lines/>
        </class>
      </classes>
    </package>
    <package name="MydbException/UpdateException.php" line-rate="0" branch-rate="0" complexity="0">
      <classes>
        <class name="sql\MydbException\UpdateException" filename="MydbException/UpdateException.php" line-rate="0" branch-rate="0" complexity="0">
          <methods/>
          <lines/>
        </class>
      </classes>
    </package>
    <package name="MydbExpression.php" line-rate="1" branch-rate="0" complexity="2">
      <classes>
        <class name="sql\MydbExpression" filename="MydbExpression.php" line-rate="1" branch-rate="0" complexity="2">
          <methods>
            <method name="__construct" signature="string $input" line-rate="1" branch-rate="0" complexity="1">
              <lines>
                <line number="30" hits="4"/>
              </lines>
            </method>
            <method name="__toString" signature="" line-rate="1" branch-rate="0" complexity="1">
              <lines>
                <line number="35" hits="8"/>
              </lines>
            </method>
          </methods>
          <lines>
            <line number="30" hits="4"/>
            <line number="35" hits="8"/>
          </lines>
        </class>
      </classes>
    </package>
    <package name="MydbInterface.php" line-rate="0" branch-rate="0" complexity="0">
      <classes/>
    </package>
    <package name="MydbInterface/AdministrationStatementsInterface.php" line-rate="0" branch-rate="0" complexity="0">
      <classes/>
    </package>
    <package name="MydbInterface/AsyncInterface.php" line-rate="0" branch-rate="0" complexity="0">
      <classes/>
    </package>
    <package name="MydbInterface/CommandInterface.php" line-rate="0" branch-rate="0" complexity="0">
      <classes/>
    </package>
    <package name="MydbInterface/DataManipulationStatementsInterface.php" line-rate="0" branch-rate="0" complexity="0">
      <classes/>
    </package>
    <package name="MydbInterface/EncoderInterface.php" line-rate="0" branch-rate="0" complexity="0">
      <classes/>
    </package>
    <package name="MydbInterface/QueryInterface.php" line-rate="0" branch-rate="0" complexity="0">
      <classes/>
    </package>
    <package name="MydbInterface/RemoteResourceInterface.php" line-rate="0" branch-rate="0" complexity="0">
      <classes/>
    </package>
    <package name="MydbInterface/TransactionInterface.php" line-rate="0" branch-rate="0" complexity="0">
      <classes/>
    </package>
    <package name="MydbLogger.php" line-rate="1" branch-rate="0" complexity="42">
      <classes>
        <class name="sql\MydbLogger" filename="MydbLogger.php" line-rate="1" branch-rate="0" complexity="42">
          <methods>
            <method name="__construct" signature="$stdout, $stderr, string $stdeol" line-rate="1" branch-rate="0" complexity="3">
              <lines>
                <line number="84" hits="15"/>
                <line number="85" hits="2"/>
                <line number="88" hits="15"/>
                <line number="89" hits="15"/>
                <line number="90" hits="15"/>
              </lines>
            </method>
            <method name="__destruct" signature="" line-rate="1" branch-rate="0" complexity="3">
              <lines>
                <line number="98" hits="15"/>
                <line number="99" hits="15"/>
                <line number="100" hits="15"/>
                <line number="106" hits="15"/>
                <line number="107" hits="15"/>
                <line number="108" hits="15"/>
                <line number="110" hits="15"/>
              </lines>
            </method>
            <method name="error" signature="$message, array $context" line-rate="1" branch-rate="0" complexity="4">
              <lines>
                <line number="119" hits="6"/>
                <line number="120" hits="4"/>
                <line number="123" hits="3"/>
                <line number="124" hits="2"/>
                <line number="127" hits="1"/>
              </lines>
            </method>
            <method name="log" signature="$level, $message, array $context" line-rate="1" branch-rate="0" complexity="4">
              <lines>
                <line number="138" hits="9"/>
                <line number="139" hits="8"/>
                <line number="142" hits="6"/>
                <line number="143" hits="5"/>
                <line number="146" hits="1"/>
              </lines>
            </method>
            <method name="warning" signature="$message, array $context" line-rate="1" branch-rate="0" complexity="1">
              <lines>
                <line number="155" hits="6"/>
              </lines>
            </method>
            <method name="emergency" signature="$message, array $context" line-rate="1" branch-rate="0" complexity="1">
              <lines>
                <line number="164" hits="2"/>
              </lines>
            </method>
            <method name="alert" signature="$message, array $context" line-rate="1" branch-rate="0" complexity="1">
              <lines>
                <line number="173" hits="2"/>
              </lines>
            </method>
            <method name="critical" signature="$message, array $context" line-rate="1" branch-rate="0" complexity="1">
              <lines>
                <line number="182" hits="2"/>
              </lines>
            </method>
            <method name="notice" signature="$message, array $context" line-rate="1" branch-rate="0" complexity="1">
              <lines>
                <line number="191" hits="3"/>
              </lines>
            </method>
            <method name="info" signature="$message, array $context" line-rate="1" branch-rate="0" complexity="1">
              <lines>
                <line number="200" hits="6"/>
              </lines>
            </method>
            <method name="debug" signature="$message, array $context" line-rate="1" branch-rate="0" complexity="1">
              <lines>
                <line number="209" hits="3"/>
              </lines>
            </method>
            <method name="checkStreamResource" signature="$stream" line-rate="1" branch-rate="0" complexity="7">
              <lines>
                <line number="224" hits="13"/>
                <line number="225" hits="2"/>
                <line number="228" hits="11"/>
                <line number="230" hits="11"/>
                <line number="231" hits="2"/>
                <line number="234" hits="9"/>
                <line number="235" hits="2"/>
              </lines>
            </method>
            <method name="writeOutput" signature="$stream, string $data" line-rate="1" branch-rate="0" complexity="9">
              <lines>
                <line number="248" hits="13"/>
                <line number="250" hits="7"/>
                <line number="251" hits="7"/>
                <line number="254" hits="7"/>
                <line number="255" hits="7"/>
                <line number="256" hits="7"/>
                <line number="262" hits="7"/>
                <line number="264" hits="7"/>
                <line number="270" hits="7"/>
                <line number="276" hits="7"/>
                <line number="278" hits="7"/>
                <line number="284" hits="7"/>
                <line number="290" hits="7"/>
              </lines>
            </method>
            <method name="fwrite" signature="$stream, string $data" line-rate="1" branch-rate="0" complexity="3">
              <lines>
                <line number="303" hits="7"/>
                <line number="308" hits="7"/>
                <line number="309" hits="7"/>
                <line number="318" hits="7"/>
                <line number="320" hits="7"/>
                <line number="322" hits="7"/>
                <line number="328" hits="7"/>
              </lines>
            </method>
            <method name="formatter" signature="$var" line-rate="1" branch-rate="0" complexity="2">
              <lines>
                <line number="336" hits="13"/>
                <line number="337" hits="12"/>
                <line number="340" hits="2"/>
              </lines>
            </method>
          </methods>
          <lines>
            <line number="84" hits="15"/>
            <line number="85" hits="2"/>
            <line number="88" hits="15"/>
            <line number="89" hits="15"/>
            <line number="90" hits="15"/>
            <line number="98" hits="15"/>
            <line number="99" hits="15"/>
            <line number="100" hits="15"/>
            <line number="106" hits="15"/>
            <line number="107" hits="15"/>
            <line number="108" hits="15"/>
            <line number="110" hits="15"/>
            <line number="119" hits="6"/>
            <line number="120" hits="4"/>
            <line number="123" hits="3"/>
            <line number="124" hits="2"/>
            <line number="127" hits="1"/>
            <line number="138" hits="9"/>
            <line number="139" hits="8"/>
            <line number="142" hits="6"/>
            <line number="143" hits="5"/>
            <line number="146" hits="1"/>
            <line number="155" hits="6"/>
            <line number="164" hits="2"/>
            <line number="173" hits="2"/>
            <line number="182" hits="2"/>
            <line number="191" hits="3"/>
            <line number="200" hits="6"/>
            <line number="209" hits="3"/>
            <line number="224" hits="13"/>
            <line number="225" hits="2"/>
            <line number="228" hits="11"/>
            <line number="230" hits="11"/>
            <line number="231" hits="2"/>
            <line number="234" hits="9"/>
            <line number="235" hits="2"/>
            <line number="248" hits="13"/>
            <line number="250" hits="7"/>
            <line number="251" hits="7"/>
            <line number="254" hits="7"/>
            <line number="255" hits="7"/>
            <line number="256" hits="7"/>
            <line number="262" hits="7"/>
            <line number="264" hits="7"/>
            <line number="270" hits="7"/>
            <line number="276" hits="7"/>
            <line number="278" hits="7"/>
            <line number="284" hits="7"/>
            <line number="290" hits="7"/>
            <line number="303" hits="7"/>
            <line number="308" hits="7"/>
            <line number="309" hits="7"/>
            <line number="318" hits="7"/>
            <line number="320" hits="7"/>
            <line number="322" hits="7"/>
            <line number="328" hits="7"/>
            <line number="336" hits="13"/>
            <line number="337" hits="12"/>
            <line number="340" hits="2"/>
          </lines>
        </class>
      </classes>
    </package>
    <package name="MydbMysqli.php" line-rate="1" branch-rate="0" complexity="89">
      <classes>
        <class name="sql\MydbMysqli" filename="MydbMysqli.php" line-rate="1" branch-rate="0" complexity="89">
          <methods>
            <method name="__construct" signature="?mysqli $resource" line-rate="1" branch-rate="0" complexity="2">
              <lines>
                <line number="179" hits="60"/>
                <line number="180" hits="59"/>
                <line number="183" hits="1"/>
              </lines>
            </method>
            <method name="init" signature="" line-rate="1" branch-rate="0" complexity="2">
              <lines>
                <line number="192" hits="47"/>
                <line number="196" hits="1"/>
                <line number="203" hits="46"/>
                <line number="204" hits="46"/>
                <line number="206" hits="46"/>
              </lines>
            </method>
            <method name="setTransportOptions" signature="sql\MydbOptionsInterface $options, sql\MydbEnvironmentInterface $environment" line-rate="1" branch-rate="0" complexity="8">
              <lines>
                <line number="217" hits="47"/>
                <line number="218" hits="1"/>
                <line number="221" hits="46"/>
                <line number="222" hits="46"/>
                <line number="230" hits="46"/>
                <line number="231" hits="46"/>
                <line number="232" hits="46"/>
                <line number="235" hits="46"/>
                <line number="236" hits="46"/>
                <line number="237" hits="46"/>
                <line number="240" hits="46"/>
                <line number="241" hits="46"/>
                <line number="242" hits="46"/>
                <line number="243" hits="46"/>
                <line number="244" hits="46"/>
                <line number="245" hits="46"/>
              </lines>
            </method>
            <method name="isTransactionOpen" signature="" line-rate="1" branch-rate="0" complexity="1">
              <lines>
                <line number="253" hits="39"/>
              </lines>
            </method>
            <method name="isConnected" signature="" line-rate="1" branch-rate="0" complexity="2">
              <lines>
                <line number="258" hits="49"/>
              </lines>
            </method>
            <method name="getMysqli" signature="" line-rate="1" branch-rate="0" complexity="1">
              <lines>
                <line number="263" hits="41"/>
              </lines>
            </method>
            <method name="realQuery" signature="string $query" line-rate="1" branch-rate="0" complexity="3">
              <lines>
                <line number="271" hits="36"/>
                <line number="272" hits="35"/>
                <line number="275" hits="1"/>
              </lines>
            </method>
            <method name="readServerResponse" signature="sql\MydbEnvironmentInterface $environment" line-rate="1" branch-rate="0" complexity="8">
              <lines>
                <line number="283" hits="36"/>
                <line number="284" hits="35"/>
                <line number="286" hits="35"/>
                <line number="288" hits="35"/>
                <line number="290" hits="35"/>
                <line number="292" hits="35"/>
                <line number="293" hits="1"/>
                <line number="295" hits="35"/>
                <line number="296" hits="2"/>
                <line number="300" hits="35"/>
                <line number="302" hits="35"/>
                <line number="303" hits="35"/>
                <line number="304" hits="2"/>
                <line number="307" hits="35"/>
                <line number="308" hits="35"/>
                <line number="309" hits="2"/>
                <line number="312" hits="35"/>
                <line number="315" hits="1"/>
              </lines>
            </method>
            <method name="realEscapeString" signature="string $string" line-rate="1" branch-rate="0" complexity="3">
              <lines>
                <line number="323" hits="5"/>
                <line number="324" hits="1"/>
                <line number="327" hits="4"/>
              </lines>
            </method>
            <method name="beginTransactionReadwrite" signature="" line-rate="1" branch-rate="0" complexity="4">
              <lines>
                <line number="335" hits="13"/>
                <line number="336" hits="12"/>
                <line number="337" hits="12"/>
                <line number="338" hits="12"/>
                <line number="340" hits="12"/>
                <line number="343" hits="1"/>
              </lines>
            </method>
            <method name="beginTransactionReadonly" signature="" line-rate="1" branch-rate="0" complexity="4">
              <lines>
                <line number="351" hits="2"/>
                <line number="352" hits="1"/>
                <line number="353" hits="1"/>
                <line number="354" hits="1"/>
                <line number="356" hits="1"/>
                <line number="359" hits="1"/>
              </lines>
            </method>
            <method name="rollback" signature="" line-rate="1" branch-rate="0" complexity="4">
              <lines>
                <line number="367" hits="12"/>
                <line number="368" hits="11"/>
                <line number="370" hits="11"/>
                <line number="373" hits="1"/>
              </lines>
            </method>
            <method name="commitAndRelease" signature="" line-rate="1" branch-rate="0" complexity="4">
              <lines>
                <line number="381" hits="39"/>
                <line number="382" hits="38"/>
                <line number="384" hits="38"/>
                <line number="387" hits="1"/>
              </lines>
            </method>
            <method name="commit" signature="" line-rate="1" branch-rate="0" complexity="4">
              <lines>
                <line number="392" hits="2"/>
                <line number="393" hits="1"/>
                <line number="395" hits="1"/>
                <line number="398" hits="1"/>
              </lines>
            </method>
            <method name="realConnect" signature="string $host, string $username, string $password, string $dbname, ?int $port, ?string $socket, int $flags" line-rate="1" branch-rate="0" complexity="4">
              <lines>
                <line number="410" hits="46"/>
                <line number="415" hits="46"/>
                <line number="416" hits="46"/>
                <line number="419" hits="40"/>
                <line number="421" hits="40"/>
                <line number="424" hits="6"/>
              </lines>
            </method>
            <method name="mysqliReport" signature="int $level" line-rate="1" branch-rate="0" complexity="1">
              <lines>
                <line number="429" hits="40"/>
              </lines>
            </method>
            <method name="mysqliQueryAsync" signature="string $command" line-rate="1" branch-rate="0" complexity="3">
              <lines>
                <line number="434" hits="2"/>
                <line number="435" hits="2"/>
                <line number="436" hits="1"/>
                <line number="439" hits="1"/>
              </lines>
            </method>
            <method name="close" signature="" line-rate="1" branch-rate="0" complexity="3">
              <lines>
                <line number="444" hits="47"/>
                <line number="445" hits="46"/>
                <line number="449" hits="40"/>
                <line number="450" hits="40"/>
                <line number="453" hits="46"/>
                <line number="455" hits="46"/>
                <line number="458" hits="1"/>
              </lines>
            </method>
            <method name="getConnectErrno" signature="" line-rate="1" branch-rate="0" complexity="2">
              <lines>
                <line number="463" hits="6"/>
                <line number="464" hits="6"/>
                <line number="465" hits="6"/>
              </lines>
            </method>
            <method name="getConnectError" signature="" line-rate="1" branch-rate="0" complexity="2">
              <lines>
                <line number="470" hits="6"/>
                <line number="471" hits="6"/>
                <line number="472" hits="6"/>
              </lines>
            </method>
            <method name="isServerGone" signature="" line-rate="1" branch-rate="0" complexity="1">
              <lines>
                <line number="477" hits="2"/>
              </lines>
            </method>
            <method name="getError" signature="" line-rate="1" branch-rate="0" complexity="2">
              <lines>
                <line number="482" hits="35"/>
                <line number="483" hits="35"/>
                <line number="484" hits="35"/>
              </lines>
            </method>
            <method name="getErrNo" signature="" line-rate="1" branch-rate="0" complexity="2">
              <lines>
                <line number="489" hits="35"/>
                <line number="490" hits="35"/>
                <line number="491" hits="35"/>
              </lines>
            </method>
            <method name="getAffectedRows" signature="" line-rate="1" branch-rate="0" complexity="4">
              <lines>
                <line number="496" hits="6"/>
                <line number="497" hits="5"/>
                <line number="498" hits="6"/>
                <line number="499" hits="6"/>
                <line number="500" hits="5"/>
                <line number="510" hits="1"/>
              </lines>
            </method>
            <method name="getInsertId" signature="" line-rate="1" branch-rate="0" complexity="2">
              <lines>
                <line number="518" hits="5"/>
                <line number="519" hits="5"/>
                <line number="520" hits="5"/>
              </lines>
            </method>
            <method name="autocommit" signature="bool $enable" line-rate="1" branch-rate="0" complexity="4">
              <lines>
                <line number="525" hits="41"/>
                <line number="526" hits="40"/>
                <line number="531" hits="1"/>
                <line number="534" hits="40"/>
                <line number="537" hits="1"/>
              </lines>
            </method>
            <method name="extractServerResponse" signature="sql\MydbEnvironmentInterface $environment, array $events" line-rate="1" branch-rate="0" complexity="3">
              <lines>
                <line number="546" hits="36"/>
                <line number="547" hits="1"/>
                <line number="553" hits="35"/>
                <line number="555" hits="2"/>
                <line number="557" hits="2"/>
                <line number="560" hits="35"/>
                <line number="561" hits="35"/>
                <line number="563" hits="35"/>
                <line number="564" hits="13"/>
                <line number="567" hits="33"/>
              </lines>
            </method>
            <method name="getWarnings" signature="" line-rate="1" branch-rate="0" complexity="2">
              <lines>
                <line number="572" hits="2"/>
                <line number="573" hits="1"/>
                <line number="574" hits="1"/>
                <line number="576" hits="1"/>
                <line number="577" hits="1"/>
                <line number="579" hits="1"/>
                <line number="582" hits="1"/>
              </lines>
            </method>
            <method name="getFieldCount" signature="" line-rate="1" branch-rate="0" complexity="2">
              <lines>
                <line number="592" hits="35"/>
              </lines>
            </method>
            <method name="getWarningCount" signature="" line-rate="1" branch-rate="0" complexity="2">
              <lines>
                <line number="602" hits="35"/>
                <line number="603" hits="35"/>
                <line number="604" hits="35"/>
              </lines>
            </method>
          </methods>
          <lines>
            <line number="179" hits="60"/>
            <line number="180" hits="59"/>
            <line number="183" hits="1"/>
            <line number="192" hits="47"/>
            <line number="196" hits="1"/>
            <line number="203" hits="46"/>
            <line number="204" hits="46"/>
            <line number="206" hits="46"/>
            <line number="217" hits="47"/>
            <line number="218" hits="1"/>
            <line number="221" hits="46"/>
            <line number="222" hits="46"/>
            <line number="230" hits="46"/>
            <line number="231" hits="46"/>
            <line number="232" hits="46"/>
            <line number="235" hits="46"/>
            <line number="236" hits="46"/>
            <line number="237" hits="46"/>
            <line number="240" hits="46"/>
            <line number="241" hits="46"/>
            <line number="242" hits="46"/>
            <line number="243" hits="46"/>
            <line number="244" hits="46"/>
            <line number="245" hits="46"/>
            <line number="253" hits="39"/>
            <line number="258" hits="49"/>
            <line number="263" hits="41"/>
            <line number="271" hits="36"/>
            <line number="272" hits="35"/>
            <line number="275" hits="1"/>
            <line number="283" hits="36"/>
            <line number="284" hits="35"/>
            <line number="286" hits="35"/>
            <line number="288" hits="35"/>
            <line number="290" hits="35"/>
            <line number="292" hits="35"/>
            <line number="293" hits="1"/>
            <line number="295" hits="35"/>
            <line number="296" hits="2"/>
            <line number="300" hits="35"/>
            <line number="302" hits="35"/>
            <line number="303" hits="35"/>
            <line number="304" hits="2"/>
            <line number="307" hits="35"/>
            <line number="308" hits="35"/>
            <line number="309" hits="2"/>
            <line number="312" hits="35"/>
            <line number="315" hits="1"/>
            <line number="323" hits="5"/>
            <line number="324" hits="1"/>
            <line number="327" hits="4"/>
            <line number="335" hits="13"/>
            <line number="336" hits="12"/>
            <line number="337" hits="12"/>
            <line number="338" hits="12"/>
            <line number="340" hits="12"/>
            <line number="343" hits="1"/>
            <line number="351" hits="2"/>
            <line number="352" hits="1"/>
            <line number="353" hits="1"/>
            <line number="354" hits="1"/>
            <line number="356" hits="1"/>
            <line number="359" hits="1"/>
            <line number="367" hits="12"/>
            <line number="368" hits="11"/>
            <line number="370" hits="11"/>
            <line number="373" hits="1"/>
            <line number="381" hits="39"/>
            <line number="382" hits="38"/>
            <line number="384" hits="38"/>
            <line number="387" hits="1"/>
            <line number="392" hits="2"/>
            <line number="393" hits="1"/>
            <line number="395" hits="1"/>
            <line number="398" hits="1"/>
            <line number="410" hits="46"/>
            <line number="415" hits="46"/>
            <line number="416" hits="46"/>
            <line number="419" hits="40"/>
            <line number="421" hits="40"/>
            <line number="424" hits="6"/>
            <line number="429" hits="40"/>
            <line number="434" hits="2"/>
            <line number="435" hits="2"/>
            <line number="436" hits="1"/>
            <line number="439" hits="1"/>
            <line number="444" hits="47"/>
            <line number="445" hits="46"/>
            <line number="449" hits="40"/>
            <line number="450" hits="40"/>
            <line number="453" hits="46"/>
            <line number="455" hits="46"/>
            <line number="458" hits="1"/>
            <line number="463" hits="6"/>
            <line number="464" hits="6"/>
            <line number="465" hits="6"/>
            <line number="470" hits="6"/>
            <line number="471" hits="6"/>
            <line number="472" hits="6"/>
            <line number="477" hits="2"/>
            <line number="482" hits="35"/>
            <line number="483" hits="35"/>
            <line number="484" hits="35"/>
            <line number="489" hits="35"/>
            <line number="490" hits="35"/>
            <line number="491" hits="35"/>
            <line number="496" hits="6"/>
            <line number="497" hits="5"/>
            <line number="498" hits="6"/>
            <line number="499" hits="6"/>
            <line number="500" hits="5"/>
            <line number="510" hits="1"/>
            <line number="518" hits="5"/>
            <line number="519" hits="5"/>
            <line number="520" hits="5"/>
            <line number="525" hits="41"/>
            <line number="526" hits="40"/>
            <line number="531" hits="1"/>
            <line number="534" hits="40"/>
            <line number="537" hits="1"/>
            <line number="546" hits="36"/>
            <line number="547" hits="1"/>
            <line number="553" hits="35"/>
            <line number="555" hits="2"/>
            <line number="557" hits="2"/>
            <line number="560" hits="35"/>
            <line number="561" hits="35"/>
            <line number="563" hits="35"/>
            <line number="564" hits="13"/>
            <line number="567" hits="33"/>
            <line number="572" hits="2"/>
            <line number="573" hits="1"/>
            <line number="574" hits="1"/>
            <line number="576" hits="1"/>
            <line number="577" hits="1"/>
            <line number="579" hits="1"/>
            <line number="582" hits="1"/>
            <line number="592" hits="35"/>
            <line number="602" hits="35"/>
            <line number="603" hits="35"/>
            <line number="604" hits="35"/>
          </lines>
        </class>
      </classes>
    </package>
    <package name="MydbMysqli/MydbMysqliEscapeStringInterface.php" line-rate="0" branch-rate="0" complexity="0">
      <classes/>
    </package>
    <package name="MydbMysqli/MydbMysqliResult.php" line-rate="1" branch-rate="0" complexity="13">
      <classes>
        <class name="sql\MydbMysqli\MydbMysqliResult" filename="MydbMysqli/MydbMysqliResult.php" line-rate="1" branch-rate="0" complexity="13">
          <methods>
            <method name="__construct" signature="?mysqli_result $result, array $warnings, int $fieldsCount" line-rate="1" branch-rate="0" complexity="2">
              <lines>
                <line number="49" hits="37"/>
                <line number="50" hits="33"/>
                <line number="51" hits="33"/>
                <line number="54" hits="37"/>
                <line number="55" hits="37"/>
              </lines>
            </method>
            <method name="getFieldCount" signature="" line-rate="1" branch-rate="0" complexity="1">
              <lines>
                <line number="60" hits="33"/>
              </lines>
            </method>
            <method name="getWarnings" signature="" line-rate="1" branch-rate="0" complexity="1">
              <lines>
                <line number="68" hits="37"/>
              </lines>
            </method>
            <method name="setErrorMessage" signature="string $errorMessage" line-rate="1" branch-rate="0" complexity="1">
              <lines>
                <line number="73" hits="2"/>
              </lines>
            </method>
            <method name="setErrorNumber" signature="int $errorNumber" line-rate="1" branch-rate="0" complexity="1">
              <lines>
                <line number="78" hits="2"/>
              </lines>
            </method>
            <method name="getError" signature="" line-rate="1" branch-rate="0" complexity="6">
              <lines>
                <line number="83" hits="37"/>
                <line number="84" hits="31"/>
                <line number="87" hits="16"/>
                <line number="88" hits="2"/>
                <line number="89" hits="2"/>
                <line number="97" hits="14"/>
              </lines>
            </method>
            <method name="getResult" signature="" line-rate="1" branch-rate="0" complexity="1">
              <lines>
                <line number="102" hits="33"/>
              </lines>
            </method>
          </methods>
          <lines>
            <line number="49" hits="37"/>
            <line number="50" hits="33"/>
            <line number="51" hits="33"/>
            <line number="54" hits="37"/>
            <line number="55" hits="37"/>
            <line number="60" hits="33"/>
            <line number="68" hits="37"/>
            <line number="73" hits="2"/>
            <line number="78" hits="2"/>
            <line number="83" hits="37"/>
            <line number="84" hits="31"/>
            <line number="87" hits="16"/>
            <line number="88" hits="2"/>
            <line number="89" hits="2"/>
            <line number="97" hits="14"/>
            <line number="102" hits="33"/>
          </lines>
        </class>
      </classes>
    </package>
    <package name="MydbMysqli/MydbMysqliResultInterface.php" line-rate="0" branch-rate="0" complexity="0">
      <classes/>
    </package>
    <package name="MydbMysqliInterface.php" line-rate="0" branch-rate="0" complexity="0">
      <classes/>
    </package>
    <package name="MydbOptions.php" line-rate="1" branch-rate="0" complexity="32">
      <classes>
        <class name="sql\MydbOptions" filename="MydbOptions.php" line-rate="1" branch-rate="0" complexity="32">
          <methods>
            <method name="getNonInteractiveTimeout" signature="" line-rate="1" branch-rate="0" complexity="1">
              <lines>
                <line number="181" hits="41"/>
              </lines>
            </method>
            <method name="setNonInteractiveTimeout" signature="int $nonInteractiveTimeout" line-rate="1" branch-rate="0" complexity="1">
              <lines>
                <line number="186" hits="1"/>
              </lines>
            </method>
            <method name="getServerSideSelectTimeout" signature="" line-rate="1" branch-rate="0" complexity="1">
              <lines>
                <line number="191" hits="47"/>
              </lines>
            </method>
            <method name="setServerSideSelectTimeout" signature="int $seconds" line-rate="1" branch-rate="0" complexity="1">
              <lines>
                <line number="196" hits="1"/>
              </lines>
            </method>
            <method name="getConnectTimeout" signature="" line-rate="1" branch-rate="0" complexity="1">
              <lines>
                <line number="201" hits="46"/>
              </lines>
            </method>
            <method name="setConnectTimeout" signature="int $seconds" line-rate="1" branch-rate="0" complexity="1">
              <lines>
                <line number="206" hits="8"/>
              </lines>
            </method>
            <method name="getErrorReporting" signature="" line-rate="1" branch-rate="0" complexity="1">
              <lines>
                <line number="211" hits="48"/>
              </lines>
            </method>
            <method name="setErrorReporting" signature="int $errorReporting" line-rate="1" branch-rate="0" complexity="1">
              <lines>
                <line number="216" hits="1"/>
              </lines>
            </method>
            <method name="getReadTimeout" signature="" line-rate="1" branch-rate="0" complexity="1">
              <lines>
                <line number="221" hits="47"/>
              </lines>
            </method>
            <method name="setReadTimeout" signature="int $seconds" line-rate="1" branch-rate="0" complexity="1">
              <lines>
                <line number="226" hits="1"/>
              </lines>
            </method>
            <method name="getNetworkBufferSize" signature="" line-rate="1" branch-rate="0" complexity="1">
              <lines>
                <line number="231" hits="47"/>
              </lines>
            </method>
            <method name="setNetworkBufferSize" signature="int $bytes" line-rate="1" branch-rate="0" complexity="3">
              <lines>
                <line number="240" hits="3"/>
                <line number="241" hits="2"/>
                <line number="243" hits="1"/>
              </lines>
            </method>
            <method name="getNetworkReadBuffer" signature="" line-rate="1" branch-rate="0" complexity="1">
              <lines>
                <line number="248" hits="47"/>
              </lines>
            </method>
            <method name="setNetworkReadBuffer" signature="int $bytes" line-rate="1" branch-rate="0" complexity="3">
              <lines>
                <line number="256" hits="3"/>
                <line number="257" hits="2"/>
                <line number="259" hits="1"/>
              </lines>
            </method>
            <method name="getClientErrorLevel" signature="" line-rate="1" branch-rate="0" complexity="1">
              <lines>
                <line number="264" hits="42"/>
              </lines>
            </method>
            <method name="setClientErrorLevel" signature="int $mysqliReport" line-rate="1" branch-rate="0" complexity="3">
              <lines>
                <line number="272" hits="3"/>
                <line number="273" hits="2"/>
                <line number="275" hits="1"/>
              </lines>
            </method>
            <method name="getTimeZone" signature="" line-rate="1" branch-rate="0" complexity="1">
              <lines>
                <line number="280" hits="41"/>
              </lines>
            </method>
            <method name="setTimeZone" signature="string $timeZone" line-rate="1" branch-rate="0" complexity="1">
              <lines>
                <line number="285" hits="1"/>
              </lines>
            </method>
            <method name="isAutocommit" signature="" line-rate="1" branch-rate="0" complexity="1">
              <lines>
                <line number="290" hits="48"/>
              </lines>
            </method>
            <method name="setAutocommit" signature="bool $autocommit" line-rate="1" branch-rate="0" complexity="1">
              <lines>
                <line number="295" hits="6"/>
              </lines>
            </method>
            <method name="getCharset" signature="" line-rate="1" branch-rate="0" complexity="1">
              <lines>
                <line number="300" hits="41"/>
              </lines>
            </method>
            <method name="setCharset" signature="string $charset" line-rate="1" branch-rate="0" complexity="1">
              <lines>
                <line number="305" hits="1"/>
              </lines>
            </method>
            <method name="isPersistent" signature="" line-rate="1" branch-rate="0" complexity="1">
              <lines>
                <line number="310" hits="52"/>
              </lines>
            </method>
            <method name="setPersistent" signature="bool $persistent" line-rate="1" branch-rate="0" complexity="1">
              <lines>
                <line number="315" hits="5"/>
              </lines>
            </method>
            <method name="isReadonly" signature="" line-rate="1" branch-rate="0" complexity="1">
              <lines>
                <line number="320" hits="44"/>
              </lines>
            </method>
            <method name="setReadonly" signature="bool $readonly" line-rate="1" branch-rate="0" complexity="1">
              <lines>
                <line number="325" hits="7"/>
              </lines>
            </method>
          </methods>
          <lines>
            <line number="181" hits="41"/>
            <line number="186" hits="1"/>
            <line number="191" hits="47"/>
            <line number="196" hits="1"/>
            <line number="201" hits="46"/>
            <line number="206" hits="8"/>
            <line number="211" hits="48"/>
            <line number="216" hits="1"/>
            <line number="221" hits="47"/>
            <line number="226" hits="1"/>
            <line number="231" hits="47"/>
            <line number="240" hits="3"/>
            <line number="241" hits="2"/>
            <line number="243" hits="1"/>
            <line number="248" hits="47"/>
            <line number="256" hits="3"/>
            <line number="257" hits="2"/>
            <line number="259" hits="1"/>
            <line number="264" hits="42"/>
            <line number="272" hits="3"/>
            <line number="273" hits="2"/>
            <line number="275" hits="1"/>
            <line number="280" hits="41"/>
            <line number="285" hits="1"/>
            <line number="290" hits="48"/>
            <line number="295" hits="6"/>
            <line number="300" hits="41"/>
            <line number="305" hits="1"/>
            <line number="310" hits="52"/>
            <line number="315" hits="5"/>
            <line number="320" hits="44"/>
            <line number="325" hits="7"/>
          </lines>
        </class>
      </classes>
    </package>
    <package name="MydbOptionsInterface.php" line-rate="0" branch-rate="0" complexity="0">
      <classes/>
    </package>
    <package name="MydbQueryBuilder.php" line-rate="0.99137931034483" branch-rate="0" complexity="68">
      <classes>
        <class name="sql\MydbQueryBuilder" filename="MydbQueryBuilder.php" line-rate="0.99137931034483" branch-rate="0" complexity="68">
          <methods>
            <method name="__construct" signature="sql\MydbMysqli\MydbMysqliEscapeStringInterface $mysqli" line-rate="1" branch-rate="0" complexity="1">
              <lines>
                <line number="51" hits="138"/>
              </lines>
            </method>
            <method name="showColumnsLike" signature="string $table, string $column" line-rate="1" branch-rate="0" complexity="3">
              <lines>
                <line number="59" hits="4"/>
                <line number="60" hits="1"/>
                <line number="63" hits="4"/>
              </lines>
            </method>
            <method name="showKeys" signature="string $table" line-rate="1" branch-rate="0" complexity="2">
              <lines>
                <line number="71" hits="4"/>
                <line number="72" hits="1"/>
                <line number="75" hits="4"/>
              </lines>
            </method>
            <method name="insertOne" signature="array $data, string $table, string $type" line-rate="1" branch-rate="0" complexity="4">
              <lines>
                <line number="85" hits="21"/>
                <line number="86" hits="10"/>
                <line number="89" hits="20"/>
                <line number="91" hits="20"/>
                <line number="92" hits="20"/>
                <line number="93" hits="20"/>
                <line number="96" hits="20"/>
              </lines>
            </method>
            <method name="buildUpdateWhereMany" signature="array $columnSetWhere, array $where, string $table" line-rate="1" branch-rate="0" complexity="10">
              <lines>
                <line number="108" hits="10"/>
                <line number="109" hits="1"/>
                <line number="112" hits="9"/>
                <line number="117" hits="9"/>
                <line number="121" hits="9"/>
                <line number="122" hits="2"/>
                <line number="127" hits="7"/>
                <line number="129" hits="7"/>
                <line number="130" hits="7"/>
                <line number="131" hits="4"/>
                <line number="134" hits="3"/>
                <line number="135" hits="3"/>
                <line number="140" hits="3"/>
                <line number="141" hits="3"/>
                <line number="147" hits="3"/>
                <line number="150" hits="3"/>
                <line number="152" hits="3"/>
                <line number="153" hits="3"/>
                <line number="156" hits="3"/>
              </lines>
            </method>
            <method name="buildUpdateWhere" signature="array $update, array $whereFields, string $table, array $whereNotFields" line-rate="0.91666666666667" branch-rate="0" complexity="5">
              <lines>
                <line number="169" hits="2"/>
                <line number="170" hits="0"/>
                <line number="173" hits="2"/>
                <line number="174" hits="2"/>
                <line number="176" hits="1"/>
                <line number="181" hits="1"/>
                <line number="182" hits="1"/>
                <line number="185" hits="1"/>
                <line number="187" hits="1"/>
                <line number="188" hits="1"/>
                <line number="189" hits="1"/>
                <line number="192" hits="1"/>
              </lines>
            </method>
            <method name="buildDeleteWhere" signature="string $table, array $fields, array $negativeFields" line-rate="1" branch-rate="0" complexity="4">
              <lines>
                <line number="200" hits="2"/>
                <line number="201" hits="1"/>
                <line number="204" hits="1"/>
                <line number="207" hits="1"/>
              </lines>
            </method>
            <method name="buildWhere" signature="array $fields, array $negativeFields, array $likeFields" line-rate="1" branch-rate="0" complexity="17">
              <lines>
                <line number="217" hits="29"/>
                <line number="218" hits="2"/>
                <line number="221" hits="27"/>
                <line number="223" hits="27"/>
                <line number="227" hits="27"/>
                <line number="228" hits="27"/>
                <line number="229" hits="27"/>
                <line number="235" hits="27"/>
                <line number="236" hits="3"/>
                <line number="237" hits="24"/>
                <line number="238" hits="9"/>
                <line number="239" hits="2"/>
                <line number="240" hits="2"/>
                <line number="241" hits="2"/>
                <line number="242" hits="2"/>
                <line number="244" hits="7"/>
                <line number="245" hits="7"/>
                <line number="247" hits="7"/>
                <line number="248" hits="7"/>
                <line number="249" hits="2"/>
                <line number="251" hits="7"/>
                <line number="252" hits="7"/>
                <line number="256" hits="7"/>
                <line number="259" hits="16"/>
                <line number="261" hits="16"/>
                <line number="262" hits="6"/>
                <line number="265" hits="16"/>
                <line number="266" hits="16"/>
                <line number="267" hits="16"/>
                <line number="270" hits="27"/>
                <line number="271" hits="2"/>
                <line number="274" hits="2"/>
                <line number="276" hits="2"/>
                <line number="280" hits="27"/>
                <line number="283" hits="27"/>
                <line number="284" hits="27"/>
                <line number="286" hits="27"/>
              </lines>
            </method>
            <method name="buildInsertMany" signature="array $data, array $cols, string $table, bool $ignore, string $onDuplicate" line-rate="1" branch-rate="0" complexity="7">
              <lines>
                <line number="295" hits="2"/>
                <line number="296" hits="1"/>
                <line number="303" hits="1"/>
                <line number="304" hits="1"/>
                <line number="306" hits="1"/>
                <line number="308" hits="1"/>
                <line number="312" hits="1"/>
                <line number="315" hits="1"/>
                <line number="317" hits="1"/>
                <line number="318" hits="1"/>
                <line number="320" hits="1"/>
                <line number="321" hits="1"/>
                <line number="324" hits="1"/>
              </lines>
            </method>
            <method name="escape" signature="$unescaped, string $quote" line-rate="1" branch-rate="0" complexity="15">
              <lines>
                <line number="336" hits="57"/>
                <line number="337" hits="8"/>
                <line number="340" hits="53"/>
                <line number="341" hits="30"/>
                <line number="347" hits="48"/>
                <line number="348" hits="4"/>
                <line number="349" hits="2"/>
                <line number="353" hits="48"/>
                <line number="354" hits="8"/>
                <line number="357" hits="48"/>
                <line number="358" hits="3"/>
                <line number="361" hits="48"/>
                <line number="362" hits="47"/>
                <line number="365" hits="9"/>
                <line number="366" hits="9"/>
                <line number="367" hits="1"/>
                <line number="370" hits="8"/>
              </lines>
            </method>
          </methods>
          <lines>
            <line number="51" hits="138"/>
            <line number="59" hits="4"/>
            <line number="60" hits="1"/>
            <line number="63" hits="4"/>
            <line number="71" hits="4"/>
            <line number="72" hits="1"/>
            <line number="75" hits="4"/>
            <line number="85" hits="21"/>
            <line number="86" hits="10"/>
            <line number="89" hits="20"/>
            <line number="91" hits="20"/>
            <line number="92" hits="20"/>
            <line number="93" hits="20"/>
            <line number="96" hits="20"/>
            <line number="108" hits="10"/>
            <line number="109" hits="1"/>
            <line number="112" hits="9"/>
            <line number="117" hits="9"/>
            <line number="121" hits="9"/>
            <line number="122" hits="2"/>
            <line number="127" hits="7"/>
            <line number="129" hits="7"/>
            <line number="130" hits="7"/>
            <line number="131" hits="4"/>
            <line number="134" hits="3"/>
            <line number="135" hits="3"/>
            <line number="140" hits="3"/>
            <line number="141" hits="3"/>
            <line number="147" hits="3"/>
            <line number="150" hits="3"/>
            <line number="152" hits="3"/>
            <line number="153" hits="3"/>
            <line number="156" hits="3"/>
            <line number="169" hits="2"/>
            <line number="170" hits="0"/>
            <line number="173" hits="2"/>
            <line number="174" hits="2"/>
            <line number="176" hits="1"/>
            <line number="181" hits="1"/>
            <line number="182" hits="1"/>
            <line number="185" hits="1"/>
            <line number="187" hits="1"/>
            <line number="188" hits="1"/>
            <line number="189" hits="1"/>
            <line number="192" hits="1"/>
            <line number="200" hits="2"/>
            <line number="201" hits="1"/>
            <line number="204" hits="1"/>
            <line number="207" hits="1"/>
            <line number="217" hits="29"/>
            <line number="218" hits="2"/>
            <line number="221" hits="27"/>
            <line number="223" hits="27"/>
            <line number="227" hits="27"/>
            <line number="228" hits="27"/>
            <line number="229" hits="27"/>
            <line number="235" hits="27"/>
            <line number="236" hits="3"/>
            <line number="237" hits="24"/>
            <line number="238" hits="9"/>
            <line number="239" hits="2"/>
            <line number="240" hits="2"/>
            <line number="241" hits="2"/>
            <line number="242" hits="2"/>
            <line number="244" hits="7"/>
            <line number="245" hits="7"/>
            <line number="247" hits="7"/>
            <line number="248" hits="7"/>
            <line number="249" hits="2"/>
            <line number="251" hits="7"/>
            <line number="252" hits="7"/>
            <line number="256" hits="7"/>
            <line number="259" hits="16"/>
            <line number="261" hits="16"/>
            <line number="262" hits="6"/>
            <line number="265" hits="16"/>
            <line number="266" hits="16"/>
            <line number="267" hits="16"/>
            <line number="270" hits="27"/>
            <line number="271" hits="2"/>
            <line number="274" hits="2"/>
            <line number="276" hits="2"/>
            <line number="280" hits="27"/>
            <line number="283" hits="27"/>
            <line number="284" hits="27"/>
            <line number="286" hits="27"/>
            <line number="295" hits="2"/>
            <line number="296" hits="1"/>
            <line number="303" hits="1"/>
            <line number="304" hits="1"/>
            <line number="306" hits="1"/>
            <line number="308" hits="1"/>
            <line number="312" hits="1"/>
            <line number="315" hits="1"/>
            <line number="317" hits="1"/>
            <line number="318" hits="1"/>
            <line number="320" hits="1"/>
            <line number="321" hits="1"/>
            <line number="324" hits="1"/>
            <line number="336" hits="57"/>
            <line number="337" hits="8"/>
            <line number="340" hits="53"/>
            <line number="341" hits="30"/>
            <line number="347" hits="48"/>
            <line number="348" hits="4"/>
            <line number="349" hits="2"/>
            <line number="353" hits="48"/>
            <line number="354" hits="8"/>
            <line number="357" hits="48"/>
            <line number="358" hits="3"/>
            <line number="361" hits="48"/>
            <line number="362" hits="47"/>
            <line number="365" hits="9"/>
            <line number="366" hits="9"/>
            <line number="367" hits="1"/>
            <line number="370" hits="8"/>
          </lines>
        </class>
      </classes>
    </package>
    <package name="MydbQueryBuilderInterface.php" line-rate="0" branch-rate="0" complexity="0">
      <classes/>
    </package>
    <package name="MydbRegistry.php" line-rate="1" branch-rate="0" complexity="21">
      <classes>
        <class name="sql\MydbRegistry" filename="MydbRegistry.php" line-rate="1" branch-rate="0" complexity="21">
          <methods>
            <method name="serialize" signature="" line-rate="1" branch-rate="0" complexity="1">
              <lines>
                <line number="51" hits="1"/>
              </lines>
            </method>
            <method name="unserialize" signature="$data" line-rate="1" branch-rate="0" complexity="1">
              <lines>
                <line number="60" hits="1"/>
              </lines>
            </method>
            <method name="current" signature="" line-rate="1" branch-rate="0" complexity="2">
              <lines>
                <line number="68" hits="82"/>
                <line number="69" hits="82"/>
                <line number="70" hits="1"/>
                <line number="73" hits="81"/>
              </lines>
            </method>
            <method name="key" signature="" line-rate="1" branch-rate="0" complexity="2">
              <lines>
                <line number="81" hits="82"/>
                <line number="82" hits="82"/>
                <line number="83" hits="1"/>
                <line number="86" hits="81"/>
              </lines>
            </method>
            <method name="next" signature="" line-rate="1" branch-rate="0" complexity="1">
              <lines>
                <line number="94" hits="81"/>
              </lines>
            </method>
            <method name="rewind" signature="" line-rate="1" branch-rate="0" complexity="1">
              <lines>
                <line number="102" hits="81"/>
              </lines>
            </method>
            <method name="valid" signature="" line-rate="1" branch-rate="0" complexity="1">
              <lines>
                <line number="112" hits="81"/>
              </lines>
            </method>
            <method name="count" signature="" line-rate="1" branch-rate="0" complexity="1">
              <lines>
                <line number="117" hits="120"/>
              </lines>
            </method>
            <method name="offsetExists" signature="$offset" line-rate="1" branch-rate="0" complexity="1">
              <lines>
                <line number="129" hits="83"/>
              </lines>
            </method>
            <method name="offsetGet" signature="$offset" line-rate="1" branch-rate="0" complexity="2">
              <lines>
                <line number="141" hits="82"/>
                <line number="142" hits="81"/>
                <line number="145" hits="1"/>
              </lines>
            </method>
            <method name="offsetSet" signature="$offset, $value" line-rate="1" branch-rate="0" complexity="3">
              <lines>
                <line number="158" hits="82"/>
                <line number="159" hits="81"/>
                <line number="161" hits="81"/>
                <line number="164" hits="1"/>
              </lines>
            </method>
            <method name="offsetUnset" signature="$offset" line-rate="1" branch-rate="0" complexity="2">
              <lines>
                <line number="175" hits="82"/>
                <line number="176" hits="1"/>
                <line number="179" hits="81"/>
              </lines>
            </method>
            <method name="__clone" signature="" line-rate="1" branch-rate="0" complexity="1">
              <lines>
                <line number="187" hits="1"/>
              </lines>
            </method>
            <method name="__serialize" signature="" line-rate="1" branch-rate="0" complexity="1">
              <lines>
                <line number="195" hits="1"/>
              </lines>
            </method>
            <method name="__unserialize" signature="array $data" line-rate="1" branch-rate="0" complexity="1">
              <lines>
                <line number="203" hits="1"/>
              </lines>
            </method>
          </methods>
          <lines>
            <line number="51" hits="1"/>
            <line number="60" hits="1"/>
            <line number="68" hits="82"/>
            <line number="69" hits="82"/>
            <line number="70" hits="1"/>
            <line number="73" hits="81"/>
            <line number="81" hits="82"/>
            <line number="82" hits="82"/>
            <line number="83" hits="1"/>
            <line number="86" hits="81"/>
            <line number="94" hits="81"/>
            <line number="102" hits="81"/>
            <line number="112" hits="81"/>
            <line number="117" hits="120"/>
            <line number="129" hits="83"/>
            <line number="141" hits="82"/>
            <line number="142" hits="81"/>
            <line number="145" hits="1"/>
            <line number="158" hits="82"/>
            <line number="159" hits="81"/>
            <line number="161" hits="81"/>
            <line number="164" hits="1"/>
            <line number="175" hits="82"/>
            <line number="176" hits="1"/>
            <line number="179" hits="81"/>
            <line number="187" hits="1"/>
            <line number="195" hits="1"/>
            <line number="203" hits="1"/>
          </lines>
        </class>
      </classes>
    </package>
  </packages>
</coverage>
