<?xml version="1.0" encoding="UTF-8"?>
<coverage generated="1704233754">
  <project timestamp="1704233754">
    <file name="/app/src/sql/Mydb.php">
      <class name="sql\Mydb" namespace="global">
        <metrics complexity="96" methods="28" coveredmethods="28" conditionals="0" coveredconditionals="0" statements="199" coveredstatements="199" elements="227" coveredelements="227"/>
      </class>
      <line num="72" type="method" name="__construct" visibility="public" complexity="1" crap="1" count="91"/>
      <line num="81" type="stmt" count="91"/>
      <line num="82" type="stmt" count="91"/>
      <line num="83" type="stmt" count="91"/>
      <line num="84" type="stmt" count="91"/>
      <line num="85" type="stmt" count="91"/>
      <line num="86" type="stmt" count="91"/>
      <line num="87" type="stmt" count="91"/>
      <line num="97" type="method" name="__destruct" visibility="public" complexity="1" crap="1" count="91"/>
      <line num="99" type="stmt" count="91"/>
      <line num="100" type="stmt" count="91"/>
      <line num="108" type="method" name="open" visibility="public" complexity="1" crap="1" count="31"/>
      <line num="110" type="stmt" count="31"/>
      <line num="123" type="method" name="query" visibility="public" complexity="6" crap="6" count="46"/>
      <line num="126" type="stmt" count="46"/>
      <line num="127" type="stmt" count="1"/>
      <line num="130" type="stmt" count="45"/>
      <line num="134" type="stmt" count="45"/>
      <line num="136" type="stmt" count="42"/>
      <line num="137" type="stmt" count="3"/>
      <line num="140" type="stmt" count="39"/>
      <line num="141" type="stmt" count="38"/>
      <line num="142" type="stmt" count="38"/>
      <line num="143" type="stmt" count="1"/>
      <line num="144" type="stmt" count="1"/>
      <line num="152" type="stmt" count="37"/>
      <line num="155" type="stmt" count="1"/>
      <line num="162" type="method" name="command" visibility="public" complexity="3" crap="3" count="17"/>
      <line num="164" type="stmt" count="17"/>
      <line num="165" type="stmt" count="1"/>
      <line num="169" type="stmt" count="16"/>
      <line num="171" type="stmt" count="16"/>
      <line num="172" type="stmt" count="3"/>
      <line num="175" type="stmt" count="13"/>
      <line num="177" type="stmt" count="13"/>
      <line num="185" type="method" name="getEnumValues" visibility="public" complexity="7" crap="7" count="3"/>
      <line num="187" type="stmt" count="3"/>
      <line num="189" type="stmt" count="3"/>
      <line num="190" type="stmt" count="3"/>
      <line num="191" type="stmt" count="2"/>
      <line num="192" type="stmt" count="1"/>
      <line num="194" type="stmt" count="3"/>
      <line num="195" type="stmt" count="3"/>
      <line num="196" type="stmt" count="3"/>
      <line num="197" type="stmt" count="3"/>
      <line num="198" type="stmt" count="2"/>
      <line num="200" type="stmt" count="2"/>
      <line num="204" type="stmt" count="3"/>
      <line num="205" type="stmt" count="1"/>
      <line num="208" type="stmt" count="2"/>
      <line num="219" type="stmt" count="2"/>
      <line num="221" type="stmt" count="2"/>
      <line num="231" type="method" name="escape" visibility="public" complexity="2" crap="2" count="4"/>
      <line num="233" type="stmt" count="4"/>
      <line num="234" type="stmt" count="1"/>
      <line num="237" type="stmt" count="3"/>
      <line num="245" type="method" name="getPrimaryKeys" visibility="public" complexity="7" crap="7" count="5"/>
      <line num="247" type="stmt" count="5"/>
      <line num="249" type="stmt" count="5"/>
      <line num="250" type="stmt" count="1"/>
      <line num="253" type="stmt" count="4"/>
      <line num="254" type="stmt" count="4"/>
      <line num="255" type="stmt" count="3"/>
      <line num="256" type="stmt" count="2"/>
      <line num="260" type="stmt" count="4"/>
      <line num="266" type="method" name="beginTransaction" visibility="public" complexity="5" crap="5" count="18"/>
      <line num="268" type="stmt" count="18"/>
      <line num="269" type="stmt" count="1"/>
      <line num="272" type="stmt" count="17"/>
      <line num="273" type="stmt" count="3"/>
      <line num="274" type="stmt" count="2"/>
      <line num="276" type="stmt" count="1"/>
      <line num="278" type="stmt" count="14"/>
      <line num="279" type="stmt" count="13"/>
      <line num="281" type="stmt" count="1"/>
      <line num="288" type="method" name="rollbackTransaction" visibility="public" complexity="3" crap="3" count="14"/>
      <line num="290" type="stmt" count="14"/>
      <line num="291" type="stmt" count="1"/>
      <line num="294" type="stmt" count="13"/>
      <line num="295" type="stmt" count="12"/>
      <line num="298" type="stmt" count="1"/>
      <line num="305" type="method" name="commitTransaction" visibility="public" complexity="3" crap="3" count="4"/>
      <line num="307" type="stmt" count="4"/>
      <line num="308" type="stmt" count="1"/>
      <line num="311" type="stmt" count="3"/>
      <line num="312" type="stmt" count="2"/>
      <line num="315" type="stmt" count="1"/>
      <line num="321" type="method" name="close" visibility="public" complexity="10" crap="10" count="91"/>
      <line num="323" type="stmt" count="91"/>
      <line num="324" type="stmt" count="62"/>
      <line num="334" type="stmt" count="53"/>
      <line num="339" type="stmt" count="48"/>
      <line num="340" type="stmt" count="2"/>
      <line num="341" type="stmt" count="46"/>
      <line num="343" type="stmt" count="48"/>
      <line num="344" type="stmt" count="2"/>
      <line num="352" type="stmt" count="51"/>
      <line num="353" type="stmt" count="1"/>
      <line num="355" type="stmt" count="4"/>
      <line num="356" type="stmt" count="3"/>
      <line num="357" type="stmt" count="1"/>
      <line num="358" type="stmt" count="1"/>
      <line num="361" type="stmt" count="49"/>
      <line num="362" type="stmt" count="30"/>
      <line num="365" type="stmt" count="19"/>
      <line num="372" type="method" name="replace" visibility="public" complexity="1" crap="1" count="3"/>
      <line num="374" type="stmt" count="3"/>
      <line num="381" type="method" name="insert" visibility="public" complexity="2" crap="2" count="6"/>
      <line num="383" type="stmt" count="6"/>
      <line num="384" type="stmt" count="5"/>
      <line num="387" type="stmt" count="1"/>
      <line num="395" type="method" name="select" visibility="public" complexity="1" crap="1" count="32"/>
      <line num="397" type="stmt" count="32"/>
      <line num="403" type="method" name="delete" visibility="public" complexity="3" crap="3" count="4"/>
      <line num="405" type="stmt" count="4"/>
      <line num="406" type="stmt" count="3"/>
      <line num="407" type="stmt" count="3"/>
      <line num="408" type="stmt" count="1"/>
      <line num="411" type="stmt" count="2"/>
      <line num="414" type="stmt" count="1"/>
      <line num="420" type="method" name="update" visibility="public" complexity="3" crap="3" count="5"/>
      <line num="422" type="stmt" count="5"/>
      <line num="423" type="stmt" count="4"/>
      <line num="424" type="stmt" count="4"/>
      <line num="425" type="stmt" count="1"/>
      <line num="428" type="stmt" count="3"/>
      <line num="431" type="stmt" count="1"/>
      <line num="437" type="method" name="deleteWhere" visibility="public" complexity="2" crap="2" count="2"/>
      <line num="439" type="stmt" count="2"/>
      <line num="440" type="stmt" count="2"/>
      <line num="441" type="stmt" count="1"/>
      <line num="444" type="stmt" count="1"/>
      <line num="451" type="method" name="updateWhere" visibility="public" complexity="3" crap="3" count="2"/>
      <line num="453" type="stmt" count="2"/>
      <line num="455" type="stmt" count="2"/>
      <line num="456" type="stmt" count="1"/>
      <line num="459" type="stmt" count="1"/>
      <line num="468" type="method" name="updateWhereMany" visibility="public" complexity="1" crap="1" count="1"/>
      <line num="470" type="stmt" count="1"/>
      <line num="471" type="stmt" count="1"/>
      <line num="480" type="method" name="insertMany" visibility="public" complexity="1" crap="1" count="1"/>
      <line num="487" type="stmt" count="1"/>
      <line num="488" type="stmt" count="1"/>
      <line num="495" type="method" name="replaceOne" visibility="public" complexity="1" crap="1" count="1"/>
      <line num="497" type="stmt" count="1"/>
      <line num="499" type="stmt" count="1"/>
      <line num="506" type="method" name="insertOne" visibility="public" complexity="1" crap="1" count="1"/>
      <line num="508" type="stmt" count="1"/>
      <line num="510" type="stmt" count="1"/>
      <line num="518" type="method" name="sendClientRequest" visibility="protected" complexity="3" crap="3" count="50"/>
      <line num="520" type="stmt" count="50"/>
      <line num="521" type="stmt" count="50"/>
      <line num="523" type="stmt" count="50"/>
      <line num="524" type="stmt" count="50"/>
      <line num="525" type="stmt" count="50"/>
      <line num="527" type="stmt" count="50"/>
      <line num="528" type="stmt" count="50"/>
      <line num="529" type="stmt" count="50"/>
      <line num="530" type="stmt" count="1"/>
      <line num="533" type="stmt" count="50"/>
      <line num="539" type="method" name="readServerResponse" visibility="protected" complexity="6" crap="6" count="47"/>
      <line num="541" type="stmt" count="47"/>
      <line num="542" type="stmt" count="47"/>
      <line num="543" type="stmt" count="3"/>
      <line num="546" type="stmt" count="44"/>
      <line num="547" type="stmt" count="44"/>
      <line num="548" type="stmt" count="3"/>
      <line num="549" type="stmt" count="3"/>
      <line num="553" type="stmt" count="44"/>
      <line num="554" type="stmt" count="44"/>
      <line num="555" type="stmt" count="3"/>
      <line num="559" type="stmt" count="1"/>
      <line num="560" type="stmt" count="1"/>
      <line num="562" type="stmt" count="2"/>
      <line num="566" type="stmt" count="41"/>
      <line num="569" type="method" name="onWarning" visibility="protected" complexity="1" crap="1" count="9"/>
      <line num="571" type="stmt" count="9"/>
      <line num="577" type="method" name="onError" visibility="protected" complexity="1" crap="1" count="15"/>
      <line num="579" type="stmt" count="15"/>
      <line num="581" type="stmt" count="15"/>
      <line num="593" type="method" name="connect" visibility="protected" complexity="17" crap="17" count="70"/>
      <line num="595" type="stmt" count="70"/>
      <line num="596" type="stmt" count="34"/>
      <line num="599" type="stmt" count="55"/>
      <line num="600" type="stmt" count="55"/>
      <line num="601" type="stmt" count="55"/>
      <line num="603" type="stmt" count="55"/>
      <line num="604" type="stmt" count="54"/>
      <line num="606" type="stmt" count="54"/>
      <line num="607" type="stmt" count="54"/>
      <line num="609" type="stmt" count="54"/>
      <line num="610" type="stmt" count="54"/>
      <line num="611" type="stmt" count="54"/>
      <line num="613" type="stmt" count="54"/>
      <line num="614" type="stmt" count="54"/>
      <line num="616" type="stmt" count="54"/>
      <line num="617" type="stmt" count="54"/>
      <line num="618" type="stmt" count="54"/>
      <line num="620" type="stmt" count="54"/>
      <line num="621" type="stmt" count="54"/>
      <line num="623" type="stmt" count="54"/>
      <line num="626" type="stmt" count="55"/>
      <line num="627" type="stmt" count="7"/>
      <line num="628" type="stmt" count="7"/>
      <line num="630" type="stmt" count="7"/>
      <line num="631" type="stmt" count="1"/>
      <line num="634" type="stmt" count="6"/>
      <line num="636" type="stmt" count="6"/>
      <line num="637" type="stmt" count="1"/>
      <line num="639" type="stmt" count="1"/>
      <line num="642" type="stmt" count="6"/>
      <line num="645" type="stmt" count="48"/>
      <line num="647" type="stmt" count="48"/>
      <line num="648" type="stmt" count="1"/>
      <line num="663" type="stmt" count="47"/>
      <line num="664" type="stmt" count="47"/>
      <line num="666" type="stmt" count="47"/>
      <line num="667" type="stmt" count="47"/>
      <line num="668" type="stmt" count="47"/>
      <line num="672" type="stmt" count="47"/>
      <line num="673" type="stmt" count="1"/>
      <line num="676" type="stmt" count="46"/>
      <line num="677" type="stmt" count="46"/>
      <line num="678" type="stmt" count="1"/>
      <line num="681" type="stmt" count="45"/>
      <line num="682" type="stmt" count="1"/>
      <line num="685" type="stmt" count="44"/>
      <metrics loc="688" ncloc="509" classes="1" methods="28" coveredmethods="28" conditionals="0" coveredconditionals="0" statements="199" coveredstatements="199" elements="227" coveredelements="227"/>
    </file>
    <file name="/app/src/sql/MydbCredentials.php">
      <class name="sql\MydbCredentials" namespace="global">
        <metrics complexity="8" methods="8" coveredmethods="8" conditionals="0" coveredconditionals="0" statements="14" coveredstatements="14" elements="22" coveredelements="22"/>
      </class>
      <line num="87" type="method" name="__construct" visibility="public" complexity="1" crap="1" count="91"/>
      <line num="96" type="stmt" count="91"/>
      <line num="97" type="stmt" count="91"/>
      <line num="98" type="stmt" count="91"/>
      <line num="99" type="stmt" count="91"/>
      <line num="100" type="stmt" count="91"/>
      <line num="101" type="stmt" count="91"/>
      <line num="102" type="stmt" count="91"/>
      <line num="105" type="method" name="getHost" visibility="public" complexity="1" crap="1" count="54"/>
      <line num="107" type="stmt" count="54"/>
      <line num="110" type="method" name="getUsername" visibility="public" complexity="1" crap="1" count="54"/>
      <line num="112" type="stmt" count="54"/>
      <line num="115" type="method" name="getPasswd" visibility="public" complexity="1" crap="1" count="54"/>
      <line num="117" type="stmt" count="54"/>
      <line num="120" type="method" name="getDbname" visibility="public" complexity="1" crap="1" count="54"/>
      <line num="122" type="stmt" count="54"/>
      <line num="125" type="method" name="getPort" visibility="public" complexity="1" crap="1" count="54"/>
      <line num="127" type="stmt" count="54"/>
      <line num="130" type="method" name="getSocket" visibility="public" complexity="1" crap="1" count="54"/>
      <line num="132" type="stmt" count="54"/>
      <line num="135" type="method" name="getFlags" visibility="public" complexity="1" crap="1" count="54"/>
      <line num="137" type="stmt" count="54"/>
      <metrics loc="140" ncloc="77" classes="1" methods="8" coveredmethods="8" conditionals="0" coveredconditionals="0" statements="14" coveredstatements="14" elements="22" coveredelements="22"/>
    </file>
    <file name="/app/src/sql/MydbCredentialsInterface.php">
      <metrics loc="39" ncloc="23" classes="0" methods="0" coveredmethods="0" conditionals="0" coveredconditionals="0" statements="0" coveredstatements="0" elements="0" coveredelements="0"/>
    </file>
    <file name="/app/src/sql/MydbEnvironment.php">
      <class name="sql\MydbEnvironment" namespace="global">
        <metrics complexity="18" methods="10" coveredmethods="10" conditionals="0" coveredconditionals="0" statements="30" coveredstatements="30" elements="40" coveredelements="40"/>
      </class>
      <line num="69" type="method" name="gc_collect_cycles" visibility="public" complexity="2" crap="2" count="14"/>
      <line num="71" type="stmt" count="14"/>
      <line num="77" type="stmt" count="14"/>
      <line num="87" type="method" name="restore_error_handler" visibility="public" complexity="1" crap="1" count="49"/>
      <line num="89" type="stmt" count="49"/>
      <line num="100" type="method" name="set_error_handler" visibility="public" complexity="1" crap="1" count="49"/>
      <line num="103" type="stmt" count="49"/>
      <line num="105" type="stmt" count="49"/>
      <line num="131" type="method" name="setMysqlndNetReadTimeout" visibility="public" complexity="1" crap="1" count="50"/>
      <line num="133" type="stmt" count="50"/>
      <line num="143" type="method" name="error_reporting" visibility="public" complexity="1" crap="1" count="51"/>
      <line num="145" type="stmt" count="51"/>
      <line num="155" type="method" name="ignore_user_abort" visibility="public" complexity="1" crap="1" count="50"/>
      <line num="157" type="stmt" count="50"/>
      <line num="168" type="method" name="ini_set" visibility="public" complexity="2" crap="2" count="50"/>
      <line num="170" type="stmt" count="50"/>
      <line num="171" type="stmt" count="50"/>
      <line num="177" type="stmt" count="50"/>
      <line num="190" type="method" name="endSignalsTrap" visibility="public" complexity="5" crap="5" count="53"/>
      <line num="195" type="stmt" count="53"/>
      <line num="201" type="stmt" count="53"/>
      <line num="202" type="stmt" count="53"/>
      <line num="206" type="stmt" count="53"/>
      <line num="211" type="stmt" count="53"/>
      <line num="216" type="stmt" count="53"/>
      <line num="218" type="stmt" count="53"/>
      <line num="220" type="stmt" count="53"/>
      <line num="221" type="stmt" count="4"/>
      <line num="222" type="stmt" count="53"/>
      <line num="233" type="method" name="startSignalsTrap" visibility="public" complexity="3" crap="3" count="53"/>
      <line num="235" type="stmt" count="53"/>
      <line num="237" type="stmt" count="53"/>
      <line num="238" type="stmt" count="4"/>
      <line num="241" type="stmt" count="53"/>
      <line num="242" type="stmt" count="53"/>
      <line num="243" type="stmt" count="53"/>
      <line num="245" type="stmt" count="53"/>
      <line num="257" type="method" name="getNullErrorHandler" visibility="protected" complexity="1" crap="1" count="49"/>
      <line num="259" type="stmt" count="49"/>
      <line num="260" type="stmt" count="2"/>
      <metrics loc="264" ncloc="128" classes="1" methods="10" coveredmethods="10" conditionals="0" coveredconditionals="0" statements="30" coveredstatements="30" elements="40" coveredelements="40"/>
    </file>
    <file name="/app/src/sql/MydbEnvironmentInterface.php">
      <metrics loc="71" ncloc="31" classes="0" methods="0" coveredmethods="0" conditionals="0" coveredconditionals="0" statements="0" coveredstatements="0" elements="0" coveredelements="0"/>
    </file>
    <file name="/app/src/sql/MydbEvent.php">
      <class name="sql\MydbEvent" namespace="global">
        <metrics complexity="5" methods="2" coveredmethods="2" conditionals="0" coveredconditionals="0" statements="6" coveredstatements="6" elements="8" coveredelements="8"/>
      </class>
      <line num="36" type="method" name="notify" visibility="public" complexity="4" crap="4" count="67"/>
      <line num="38" type="stmt" count="67"/>
      <line num="39" type="stmt" count="67"/>
      <line num="40" type="stmt" count="66"/>
      <line num="41" type="stmt" count="1"/>
      <line num="44" type="stmt" count="1"/>
      <line num="49" type="method" name="getEventName" visibility="public" complexity="1" crap="1" count="66"/>
      <line num="51" type="stmt" count="66"/>
      <metrics loc="54" ncloc="34" classes="1" methods="2" coveredmethods="2" conditionals="0" coveredconditionals="0" statements="6" coveredstatements="6" elements="8" coveredelements="8"/>
    </file>
    <file name="/app/src/sql/MydbEvent/InternalConnectionBegin.php">
      <class name="sql\MydbEvent\InternalConnectionBegin" namespace="global">
        <metrics complexity="1" methods="1" coveredmethods="1" conditionals="0" coveredconditionals="0" statements="1" coveredstatements="1" elements="2" coveredelements="2"/>
      </class>
      <line num="20" type="method" name="__construct" visibility="public" complexity="1" crap="1" count="54"/>
      <line num="22" type="stmt" count="54"/>
      <metrics loc="28" ncloc="17" classes="1" methods="1" coveredmethods="1" conditionals="0" coveredconditionals="0" statements="1" coveredstatements="1" elements="2" coveredelements="2"/>
    </file>
    <file name="/app/src/sql/MydbEvent/InternalConnectionEnd.php">
      <class name="sql\MydbEvent\InternalConnectionEnd" namespace="global">
        <metrics complexity="1" methods="1" coveredmethods="1" conditionals="0" coveredconditionals="0" statements="1" coveredstatements="1" elements="2" coveredelements="2"/>
      </class>
      <line num="20" type="method" name="__construct" visibility="public" complexity="1" crap="1" count="54"/>
      <line num="22" type="stmt" count="54"/>
      <metrics loc="29" ncloc="18" classes="1" methods="1" coveredmethods="1" conditionals="0" coveredconditionals="0" statements="1" coveredstatements="1" elements="2" coveredelements="2"/>
    </file>
    <file name="/app/src/sql/MydbEvent/InternalEvent.php">
      <class name="sql\MydbEvent\InternalEvent" namespace="global">
        <metrics complexity="3" methods="3" coveredmethods="3" conditionals="0" coveredconditionals="0" statements="4" coveredstatements="4" elements="7" coveredelements="7"/>
      </class>
      <line num="34" type="method" name="getEventMetadata" visibility="public" complexity="1" crap="1" count="66"/>
      <line num="36" type="stmt" count="66"/>
      <line num="42" type="method" name="setListeners" visibility="public" complexity="1" crap="1" count="65"/>
      <line num="44" type="stmt" count="65"/>
      <line num="46" type="stmt" count="65"/>
      <line num="52" type="method" name="getListeners" visibility="protected" complexity="1" crap="1" count="65"/>
      <line num="54" type="stmt" count="65"/>
      <metrics loc="57" ncloc="34" classes="1" methods="3" coveredmethods="3" conditionals="0" coveredconditionals="0" statements="4" coveredstatements="4" elements="7" coveredelements="7"/>
    </file>
    <file name="/app/src/sql/MydbEvent/InternalQueryBegin.php">
      <class name="sql\MydbEvent\InternalQueryBegin" namespace="global">
        <metrics complexity="1" methods="1" coveredmethods="1" conditionals="0" coveredconditionals="0" statements="1" coveredstatements="1" elements="2" coveredelements="2"/>
      </class>
      <line num="20" type="method" name="__construct" visibility="public" complexity="1" crap="1" count="50"/>
      <line num="22" type="stmt" count="50"/>
      <metrics loc="27" ncloc="16" classes="1" methods="1" coveredmethods="1" conditionals="0" coveredconditionals="0" statements="1" coveredstatements="1" elements="2" coveredelements="2"/>
    </file>
    <file name="/app/src/sql/MydbEvent/InternalQueryEnd.php">
      <class name="sql\MydbEvent\InternalQueryEnd" namespace="global">
        <metrics complexity="1" methods="1" coveredmethods="1" conditionals="0" coveredconditionals="0" statements="1" coveredstatements="1" elements="2" coveredelements="2"/>
      </class>
      <line num="20" type="method" name="__construct" visibility="public" complexity="1" crap="1" count="50"/>
      <line num="22" type="stmt" count="50"/>
      <metrics loc="28" ncloc="17" classes="1" methods="1" coveredmethods="1" conditionals="0" coveredconditionals="0" statements="1" coveredstatements="1" elements="2" coveredelements="2"/>
    </file>
    <file name="/app/src/sql/MydbEventInterface.php">
      <metrics loc="22" ncloc="11" classes="0" methods="0" coveredmethods="0" conditionals="0" coveredconditionals="0" statements="0" coveredstatements="0" elements="0" coveredelements="0"/>
    </file>
    <file name="/app/src/sql/MydbEventMetadataInterface.php">
      <metrics loc="27" ncloc="13" classes="0" methods="0" coveredmethods="0" conditionals="0" coveredconditionals="0" statements="0" coveredstatements="0" elements="0" coveredelements="0"/>
    </file>
    <file name="/app/src/sql/MydbException.php">
      <class name="sql\MydbException" namespace="global">
        <metrics complexity="0" methods="0" coveredmethods="0" conditionals="0" coveredconditionals="0" statements="0" coveredstatements="0" elements="0" coveredelements="0"/>
      </class>
      <metrics loc="29" ncloc="13" classes="0" methods="0" coveredmethods="0" conditionals="0" coveredconditionals="0" statements="0" coveredstatements="0" elements="0" coveredelements="0"/>
    </file>
    <file name="/app/src/sql/MydbException/ConnectDefaultsException.php">
      <class name="sql\MydbException\ConnectDefaultsException" namespace="global">
        <metrics complexity="0" methods="0" coveredmethods="0" conditionals="0" coveredconditionals="0" statements="0" coveredstatements="0" elements="0" coveredelements="0"/>
      </class>
      <metrics loc="30" ncloc="13" classes="0" methods="0" coveredmethods="0" conditionals="0" coveredconditionals="0" statements="0" coveredstatements="0" elements="0" coveredelements="0"/>
    </file>
    <file name="/app/src/sql/MydbException/ConnectException.php">
      <class name="sql\MydbException\ConnectException" namespace="global">
        <metrics complexity="0" methods="0" coveredmethods="0" conditionals="0" coveredconditionals="0" statements="0" coveredstatements="0" elements="0" coveredelements="0"/>
      </class>
      <metrics loc="30" ncloc="13" classes="0" methods="0" coveredmethods="0" conditionals="0" coveredconditionals="0" statements="0" coveredstatements="0" elements="0" coveredelements="0"/>
    </file>
    <file name="/app/src/sql/MydbException/DeleteException.php">
      <class name="sql\MydbException\DeleteException" namespace="global">
        <metrics complexity="0" methods="0" coveredmethods="0" conditionals="0" coveredconditionals="0" statements="0" coveredstatements="0" elements="0" coveredelements="0"/>
      </class>
      <metrics loc="30" ncloc="13" classes="0" methods="0" coveredmethods="0" conditionals="0" coveredconditionals="0" statements="0" coveredstatements="0" elements="0" coveredelements="0"/>
    </file>
    <file name="/app/src/sql/MydbException/DisconnectException.php">
      <class name="sql\MydbException\DisconnectException" namespace="global">
        <metrics complexity="0" methods="0" coveredmethods="0" conditionals="0" coveredconditionals="0" statements="0" coveredstatements="0" elements="0" coveredelements="0"/>
      </class>
      <metrics loc="30" ncloc="13" classes="0" methods="0" coveredmethods="0" conditionals="0" coveredconditionals="0" statements="0" coveredstatements="0" elements="0" coveredelements="0"/>
    </file>
    <file name="/app/src/sql/MydbException/EnvironmentException.php">
      <class name="sql\MydbException\EnvironmentException" namespace="global">
        <metrics complexity="0" methods="0" coveredmethods="0" conditionals="0" coveredconditionals="0" statements="0" coveredstatements="0" elements="0" coveredelements="0"/>
      </class>
      <metrics loc="30" ncloc="13" classes="0" methods="0" coveredmethods="0" conditionals="0" coveredconditionals="0" statements="0" coveredstatements="0" elements="0" coveredelements="0"/>
    </file>
    <file name="/app/src/sql/MydbException/EventException.php">
      <class name="sql\MydbException\EventException" namespace="global">
        <metrics complexity="0" methods="0" coveredmethods="0" conditionals="0" coveredconditionals="0" statements="0" coveredstatements="0" elements="0" coveredelements="0"/>
      </class>
      <metrics loc="30" ncloc="13" classes="0" methods="0" coveredmethods="0" conditionals="0" coveredconditionals="0" statements="0" coveredstatements="0" elements="0" coveredelements="0"/>
    </file>
    <file name="/app/src/sql/MydbException/InternalException.php">
      <class name="sql\MydbException\InternalException" namespace="global">
        <metrics complexity="0" methods="0" coveredmethods="0" conditionals="0" coveredconditionals="0" statements="0" coveredstatements="0" elements="0" coveredelements="0"/>
      </class>
      <metrics loc="30" ncloc="13" classes="0" methods="0" coveredmethods="0" conditionals="0" coveredconditionals="0" statements="0" coveredstatements="0" elements="0" coveredelements="0"/>
    </file>
    <file name="/app/src/sql/MydbException/LoggerException.php">
      <class name="sql\MydbException\LoggerException" namespace="global">
        <metrics complexity="0" methods="0" coveredmethods="0" conditionals="0" coveredconditionals="0" statements="0" coveredstatements="0" elements="0" coveredelements="0"/>
      </class>
      <metrics loc="30" ncloc="13" classes="0" methods="0" coveredmethods="0" conditionals="0" coveredconditionals="0" statements="0" coveredstatements="0" elements="0" coveredelements="0"/>
    </file>
    <file name="/app/src/sql/MydbException/OptionException.php">
      <class name="sql\MydbException\OptionException" namespace="global">
        <metrics complexity="0" methods="0" coveredmethods="0" conditionals="0" coveredconditionals="0" statements="0" coveredstatements="0" elements="0" coveredelements="0"/>
      </class>
      <metrics loc="30" ncloc="13" classes="0" methods="0" coveredmethods="0" conditionals="0" coveredconditionals="0" statements="0" coveredstatements="0" elements="0" coveredelements="0"/>
    </file>
    <file name="/app/src/sql/MydbException/QueryBuilderEscapeException.php">
      <class name="sql\MydbException\QueryBuilderEscapeException" namespace="global">
        <metrics complexity="1" methods="1" coveredmethods="1" conditionals="0" coveredconditionals="0" statements="1" coveredstatements="1" elements="2" coveredelements="2"/>
      </class>
      <line num="32" type="method" name="__construct" visibility="public" complexity="1" crap="1" count="2"/>
      <line num="34" type="stmt" count="2"/>
      <metrics loc="37" ncloc="20" classes="1" methods="1" coveredmethods="1" conditionals="0" coveredconditionals="0" statements="1" coveredstatements="1" elements="2" coveredelements="2"/>
    </file>
    <file name="/app/src/sql/MydbException/QueryBuilderException.php">
      <class name="sql\MydbException\QueryBuilderException" namespace="global">
        <metrics complexity="0" methods="0" coveredmethods="0" conditionals="0" coveredconditionals="0" statements="0" coveredstatements="0" elements="0" coveredelements="0"/>
      </class>
      <metrics loc="30" ncloc="13" classes="0" methods="0" coveredmethods="0" conditionals="0" coveredconditionals="0" statements="0" coveredstatements="0" elements="0" coveredelements="0"/>
    </file>
    <file name="/app/src/sql/MydbException/RegistryException.php">
      <class name="sql\MydbException\RegistryException" namespace="global">
        <metrics complexity="0" methods="0" coveredmethods="0" conditionals="0" coveredconditionals="0" statements="0" coveredstatements="0" elements="0" coveredelements="0"/>
      </class>
      <metrics loc="30" ncloc="13" classes="0" methods="0" coveredmethods="0" conditionals="0" coveredconditionals="0" statements="0" coveredstatements="0" elements="0" coveredelements="0"/>
    </file>
    <file name="/app/src/sql/MydbException/ServerGoneException.php">
      <class name="sql\MydbException\ServerGoneException" namespace="global">
        <metrics complexity="0" methods="0" coveredmethods="0" conditionals="0" coveredconditionals="0" statements="0" coveredstatements="0" elements="0" coveredelements="0"/>
      </class>
      <metrics loc="30" ncloc="13" classes="0" methods="0" coveredmethods="0" conditionals="0" coveredconditionals="0" statements="0" coveredstatements="0" elements="0" coveredelements="0"/>
    </file>
    <file name="/app/src/sql/MydbException/TerminationSignalException.php">
      <class name="sql\MydbException\TerminationSignalException" namespace="global">
        <metrics complexity="0" methods="0" coveredmethods="0" conditionals="0" coveredconditionals="0" statements="0" coveredstatements="0" elements="0" coveredelements="0"/>
      </class>
      <metrics loc="30" ncloc="13" classes="0" methods="0" coveredmethods="0" conditionals="0" coveredconditionals="0" statements="0" coveredstatements="0" elements="0" coveredelements="0"/>
    </file>
    <file name="/app/src/sql/MydbException/TransactionAutocommitException.php">
      <class name="sql\MydbException\TransactionAutocommitException" namespace="global">
        <metrics complexity="0" methods="0" coveredmethods="0" conditionals="0" coveredconditionals="0" statements="0" coveredstatements="0" elements="0" coveredelements="0"/>
      </class>
      <metrics loc="30" ncloc="13" classes="0" methods="0" coveredmethods="0" conditionals="0" coveredconditionals="0" statements="0" coveredstatements="0" elements="0" coveredelements="0"/>
    </file>
    <file name="/app/src/sql/MydbException/TransactionBeginException.php">
      <class name="sql\MydbException\TransactionBeginException" namespace="global">
        <metrics complexity="0" methods="0" coveredmethods="0" conditionals="0" coveredconditionals="0" statements="0" coveredstatements="0" elements="0" coveredelements="0"/>
      </class>
      <metrics loc="30" ncloc="13" classes="0" methods="0" coveredmethods="0" conditionals="0" coveredconditionals="0" statements="0" coveredstatements="0" elements="0" coveredelements="0"/>
    </file>
    <file name="/app/src/sql/MydbException/TransactionBeginReadonlyException.php">
      <class name="sql\MydbException\TransactionBeginReadonlyException" namespace="global">
        <metrics complexity="0" methods="0" coveredmethods="0" conditionals="0" coveredconditionals="0" statements="0" coveredstatements="0" elements="0" coveredelements="0"/>
      </class>
      <metrics loc="28" ncloc="11" classes="0" methods="0" coveredmethods="0" conditionals="0" coveredconditionals="0" statements="0" coveredstatements="0" elements="0" coveredelements="0"/>
    </file>
    <file name="/app/src/sql/MydbException/TransactionBeginReadwriteException.php">
      <class name="sql\MydbException\TransactionBeginReadwriteException" namespace="global">
        <metrics complexity="0" methods="0" coveredmethods="0" conditionals="0" coveredconditionals="0" statements="0" coveredstatements="0" elements="0" coveredelements="0"/>
      </class>
      <metrics loc="28" ncloc="11" classes="0" methods="0" coveredmethods="0" conditionals="0" coveredconditionals="0" statements="0" coveredstatements="0" elements="0" coveredelements="0"/>
    </file>
    <file name="/app/src/sql/MydbException/TransactionCommitException.php">
      <class name="sql\MydbException\TransactionCommitException" namespace="global">
        <metrics complexity="0" methods="0" coveredmethods="0" conditionals="0" coveredconditionals="0" statements="0" coveredstatements="0" elements="0" coveredelements="0"/>
      </class>
      <metrics loc="30" ncloc="13" classes="0" methods="0" coveredmethods="0" conditionals="0" coveredconditionals="0" statements="0" coveredstatements="0" elements="0" coveredelements="0"/>
    </file>
    <file name="/app/src/sql/MydbException/TransactionIsolationException.php">
      <class name="sql\MydbException\TransactionIsolationException" namespace="global">
        <metrics complexity="0" methods="0" coveredmethods="0" conditionals="0" coveredconditionals="0" statements="0" coveredstatements="0" elements="0" coveredelements="0"/>
      </class>
      <metrics loc="28" ncloc="11" classes="0" methods="0" coveredmethods="0" conditionals="0" coveredconditionals="0" statements="0" coveredstatements="0" elements="0" coveredelements="0"/>
    </file>
    <file name="/app/src/sql/MydbException/TransactionRollbackException.php">
      <class name="sql\MydbException\TransactionRollbackException" namespace="global">
        <metrics complexity="0" methods="0" coveredmethods="0" conditionals="0" coveredconditionals="0" statements="0" coveredstatements="0" elements="0" coveredelements="0"/>
      </class>
      <metrics loc="30" ncloc="13" classes="0" methods="0" coveredmethods="0" conditionals="0" coveredconditionals="0" statements="0" coveredstatements="0" elements="0" coveredelements="0"/>
    </file>
    <file name="/app/src/sql/MydbException/UpdateException.php">
      <class name="sql\MydbException\UpdateException" namespace="global">
        <metrics complexity="0" methods="0" coveredmethods="0" conditionals="0" coveredconditionals="0" statements="0" coveredstatements="0" elements="0" coveredelements="0"/>
      </class>
      <metrics loc="30" ncloc="13" classes="0" methods="0" coveredmethods="0" conditionals="0" coveredconditionals="0" statements="0" coveredstatements="0" elements="0" coveredelements="0"/>
    </file>
    <file name="/app/src/sql/MydbExpression.php">
      <class name="sql\MydbExpression" namespace="global">
        <metrics complexity="2" methods="2" coveredmethods="2" conditionals="0" coveredconditionals="0" statements="2" coveredstatements="2" elements="4" coveredelements="4"/>
      </class>
      <line num="28" type="method" name="__construct" visibility="public" complexity="1" crap="1" count="4"/>
      <line num="30" type="stmt" count="4"/>
      <line num="33" type="method" name="__toString" visibility="public" complexity="1" crap="1" count="9"/>
      <line num="35" type="stmt" count="9"/>
      <metrics loc="38" ncloc="22" classes="1" methods="2" coveredmethods="2" conditionals="0" coveredconditionals="0" statements="2" coveredstatements="2" elements="4" coveredelements="4"/>
    </file>
    <file name="/app/src/sql/MydbInterface.php">
      <metrics loc="33" ncloc="17" classes="0" methods="0" coveredmethods="0" conditionals="0" coveredconditionals="0" statements="0" coveredstatements="0" elements="0" coveredelements="0"/>
    </file>
    <file name="/app/src/sql/MydbInterface/AdministrationStatementsInterface.php">
      <metrics loc="38" ncloc="13" classes="0" methods="0" coveredmethods="0" conditionals="0" coveredconditionals="0" statements="0" coveredstatements="0" elements="0" coveredelements="0"/>
    </file>
    <file name="/app/src/sql/MydbInterface/CommandInterface.php">
      <metrics loc="33" ncloc="11" classes="0" methods="0" coveredmethods="0" conditionals="0" coveredconditionals="0" statements="0" coveredstatements="0" elements="0" coveredelements="0"/>
    </file>
    <file name="/app/src/sql/MydbInterface/DataManipulationStatementsInterface.php">
      <metrics loc="74" ncloc="37" classes="0" methods="0" coveredmethods="0" conditionals="0" coveredconditionals="0" statements="0" coveredstatements="0" elements="0" coveredelements="0"/>
    </file>
    <file name="/app/src/sql/MydbInterface/EncoderInterface.php">
      <metrics loc="34" ncloc="11" classes="0" methods="0" coveredmethods="0" conditionals="0" coveredconditionals="0" statements="0" coveredstatements="0" elements="0" coveredelements="0"/>
    </file>
    <file name="/app/src/sql/MydbInterface/QueryInterface.php">
      <metrics loc="31" ncloc="11" classes="0" methods="0" coveredmethods="0" conditionals="0" coveredconditionals="0" statements="0" coveredstatements="0" elements="0" coveredelements="0"/>
    </file>
    <file name="/app/src/sql/MydbInterface/RemoteResourceInterface.php">
      <metrics loc="37" ncloc="13" classes="0" methods="0" coveredmethods="0" conditionals="0" coveredconditionals="0" statements="0" coveredstatements="0" elements="0" coveredelements="0"/>
    </file>
    <file name="/app/src/sql/MydbInterface/TransactionInterface.php">
      <metrics loc="32" ncloc="15" classes="0" methods="0" coveredmethods="0" conditionals="0" coveredconditionals="0" statements="0" coveredstatements="0" elements="0" coveredelements="0"/>
    </file>
    <file name="/app/src/sql/MydbListener.php">
      <class name="sql\MydbListener" namespace="global">
        <metrics complexity="1" methods="1" coveredmethods="1" conditionals="0" coveredconditionals="0" statements="1" coveredstatements="1" elements="2" coveredelements="2"/>
      </class>
      <line num="22" type="method" name="observe" visibility="public" complexity="1" crap="1" count="67"/>
      <line num="24" type="stmt" count="67"/>
      <metrics loc="27" ncloc="16" classes="1" methods="1" coveredmethods="1" conditionals="0" coveredconditionals="0" statements="1" coveredstatements="1" elements="2" coveredelements="2"/>
    </file>
    <file name="/app/src/sql/MydbListener/InternalListener.php">
      <class name="sql\MydbListener\InternalListener" namespace="global">
        <metrics complexity="5" methods="2" coveredmethods="2" conditionals="0" coveredconditionals="0" statements="6" coveredstatements="6" elements="8" coveredelements="8"/>
      </class>
      <line num="32" type="method" name="__construct" visibility="public" complexity="1" crap="1" count="92"/>
      <line num="34" type="stmt" count="92"/>
      <line num="37" type="method" name="onEvent" visibility="protected" complexity="4" crap="4" count="66"/>
      <line num="39" type="stmt" count="66"/>
      <line num="40" type="stmt" count="54"/>
      <line num="41" type="stmt" count="54"/>
      <line num="42" type="stmt" count="54"/>
      <line num="47" type="stmt" count="66"/>
      <metrics loc="50" ncloc="39" classes="1" methods="2" coveredmethods="2" conditionals="0" coveredconditionals="0" statements="6" coveredstatements="6" elements="8" coveredelements="8"/>
    </file>
    <file name="/app/src/sql/MydbListenerInterface.php">
      <metrics loc="22" ncloc="11" classes="0" methods="0" coveredmethods="0" conditionals="0" coveredconditionals="0" statements="0" coveredstatements="0" elements="0" coveredelements="0"/>
    </file>
    <file name="/app/src/sql/MydbLogger.php">
      <class name="sql\MydbLogger" namespace="global">
        <metrics complexity="42" methods="15" coveredmethods="15" conditionals="0" coveredconditionals="0" statements="59" coveredstatements="59" elements="74" coveredelements="74"/>
      </class>
      <line num="79" type="method" name="__construct" visibility="public" complexity="3" crap="3" count="15"/>
      <line num="84" type="stmt" count="15"/>
      <line num="85" type="stmt" count="2"/>
      <line num="88" type="stmt" count="15"/>
      <line num="89" type="stmt" count="15"/>
      <line num="90" type="stmt" count="15"/>
      <line num="93" type="method" name="__destruct" visibility="public" complexity="3" crap="3" count="15"/>
      <line num="98" type="stmt" count="15"/>
      <line num="99" type="stmt" count="15"/>
      <line num="100" type="stmt" count="15"/>
      <line num="106" type="stmt" count="15"/>
      <line num="107" type="stmt" count="15"/>
      <line num="108" type="stmt" count="15"/>
      <line num="110" type="stmt" count="15"/>
      <line num="117" type="method" name="error" visibility="public" complexity="4" crap="4" count="6"/>
      <line num="119" type="stmt" count="6"/>
      <line num="120" type="stmt" count="4"/>
      <line num="123" type="stmt" count="3"/>
      <line num="124" type="stmt" count="2"/>
      <line num="127" type="stmt" count="1"/>
      <line num="136" type="method" name="log" visibility="public" complexity="4" crap="4" count="9"/>
      <line num="138" type="stmt" count="9"/>
      <line num="139" type="stmt" count="8"/>
      <line num="142" type="stmt" count="6"/>
      <line num="143" type="stmt" count="5"/>
      <line num="146" type="stmt" count="1"/>
      <line num="153" type="method" name="warning" visibility="public" complexity="1" crap="1" count="6"/>
      <line num="155" type="stmt" count="6"/>
      <line num="162" type="method" name="emergency" visibility="public" complexity="1" crap="1" count="2"/>
      <line num="164" type="stmt" count="2"/>
      <line num="171" type="method" name="alert" visibility="public" complexity="1" crap="1" count="2"/>
      <line num="173" type="stmt" count="2"/>
      <line num="180" type="method" name="critical" visibility="public" complexity="1" crap="1" count="2"/>
      <line num="182" type="stmt" count="2"/>
      <line num="189" type="method" name="notice" visibility="public" complexity="1" crap="1" count="3"/>
      <line num="191" type="stmt" count="3"/>
      <line num="198" type="method" name="info" visibility="public" complexity="1" crap="1" count="6"/>
      <line num="200" type="stmt" count="6"/>
      <line num="207" type="method" name="debug" visibility="public" complexity="1" crap="1" count="3"/>
      <line num="209" type="stmt" count="3"/>
      <line num="217" type="method" name="checkStreamResource" visibility="protected" complexity="7" crap="7" count="13"/>
      <line num="224" type="stmt" count="13"/>
      <line num="225" type="stmt" count="2"/>
      <line num="228" type="stmt" count="11"/>
      <line num="230" type="stmt" count="11"/>
      <line num="231" type="stmt" count="2"/>
      <line num="234" type="stmt" count="9"/>
      <line num="235" type="stmt" count="2"/>
      <line num="246" type="method" name="writeOutput" visibility="protected" complexity="9" crap="9" count="13"/>
      <line num="248" type="stmt" count="13"/>
      <line num="250" type="stmt" count="7"/>
      <line num="251" type="stmt" count="7"/>
      <line num="254" type="stmt" count="7"/>
      <line num="255" type="stmt" count="7"/>
      <line num="256" type="stmt" count="7"/>
      <line num="262" type="stmt" count="7"/>
      <line num="264" type="stmt" count="7"/>
      <line num="270" type="stmt" count="7"/>
      <line num="276" type="stmt" count="7"/>
      <line num="278" type="stmt" count="7"/>
      <line num="284" type="stmt" count="7"/>
      <line num="290" type="stmt" count="7"/>
      <line num="301" type="method" name="fwrite" visibility="protected" complexity="3" crap="3" count="7"/>
      <line num="303" type="stmt" count="7"/>
      <line num="308" type="stmt" count="7"/>
      <line num="309" type="stmt" count="7"/>
      <line num="318" type="stmt" count="7"/>
      <line num="320" type="stmt" count="7"/>
      <line num="322" type="stmt" count="7"/>
      <line num="328" type="stmt" count="7"/>
      <line num="334" type="method" name="formatter" visibility="protected" complexity="2" crap="2" count="13"/>
      <line num="336" type="stmt" count="13"/>
      <line num="337" type="stmt" count="12"/>
      <line num="340" type="stmt" count="2"/>
      <metrics loc="343" ncloc="213" classes="1" methods="15" coveredmethods="15" conditionals="0" coveredconditionals="0" statements="59" coveredstatements="59" elements="74" coveredelements="74"/>
    </file>
    <file name="/app/src/sql/MydbMysqli.php">
      <class name="sql\MydbMysqli" namespace="global">
        <metrics complexity="87" methods="30" coveredmethods="30" conditionals="0" coveredconditionals="0" statements="136" coveredstatements="136" elements="166" coveredelements="166"/>
      </class>
      <line num="175" type="method" name="__construct" visibility="public" complexity="2" crap="2" count="67"/>
      <line num="177" type="stmt" count="67"/>
      <line num="178" type="stmt" count="65"/>
      <line num="181" type="stmt" count="2"/>
      <line num="188" type="method" name="init" visibility="public" complexity="2" crap="2" count="51"/>
      <line num="190" type="stmt" count="51"/>
      <line num="194" type="stmt" count="1"/>
      <line num="201" type="stmt" count="50"/>
      <line num="202" type="stmt" count="50"/>
      <line num="204" type="stmt" count="50"/>
      <line num="213" type="method" name="setTransportOptions" visibility="public" complexity="8" crap="8" count="51"/>
      <line num="215" type="stmt" count="51"/>
      <line num="216" type="stmt" count="1"/>
      <line num="219" type="stmt" count="50"/>
      <line num="220" type="stmt" count="50"/>
      <line num="228" type="stmt" count="50"/>
      <line num="229" type="stmt" count="50"/>
      <line num="230" type="stmt" count="50"/>
      <line num="233" type="stmt" count="50"/>
      <line num="234" type="stmt" count="50"/>
      <line num="235" type="stmt" count="50"/>
      <line num="238" type="stmt" count="50"/>
      <line num="239" type="stmt" count="50"/>
      <line num="240" type="stmt" count="50"/>
      <line num="241" type="stmt" count="50"/>
      <line num="242" type="stmt" count="50"/>
      <line num="243" type="stmt" count="50"/>
      <line num="246" type="method" name="setTransactionIsolationLevel" visibility="public" complexity="1" crap="1" count="2"/>
      <line num="254" type="stmt" count="2"/>
      <line num="257" type="method" name="isTransactionOpen" visibility="public" complexity="1" crap="1" count="44"/>
      <line num="262" type="stmt" count="44"/>
      <line num="265" type="method" name="isConnected" visibility="public" complexity="2" crap="2" count="56"/>
      <line num="267" type="stmt" count="56"/>
      <line num="270" type="method" name="getMysqli" visibility="public" complexity="1" crap="1" count="1"/>
      <line num="272" type="stmt" count="1"/>
      <line num="278" type="method" name="realQuery" visibility="public" complexity="3" crap="3" count="45"/>
      <line num="280" type="stmt" count="45"/>
      <line num="281" type="stmt" count="44"/>
      <line num="284" type="stmt" count="1"/>
      <line num="290" type="method" name="readServerResponse" visibility="public" complexity="8" crap="8" count="40"/>
      <line num="292" type="stmt" count="40"/>
      <line num="293" type="stmt" count="39"/>
      <line num="295" type="stmt" count="39"/>
      <line num="297" type="stmt" count="39"/>
      <line num="299" type="stmt" count="39"/>
      <line num="301" type="stmt" count="39"/>
      <line num="302" type="stmt" count="1"/>
      <line num="304" type="stmt" count="39"/>
      <line num="305" type="stmt" count="2"/>
      <line num="309" type="stmt" count="39"/>
      <line num="311" type="stmt" count="39"/>
      <line num="312" type="stmt" count="39"/>
      <line num="313" type="stmt" count="2"/>
      <line num="316" type="stmt" count="39"/>
      <line num="317" type="stmt" count="39"/>
      <line num="318" type="stmt" count="2"/>
      <line num="321" type="stmt" count="39"/>
      <line num="324" type="stmt" count="1"/>
      <line num="330" type="method" name="realEscapeString" visibility="public" complexity="3" crap="3" count="5"/>
      <line num="332" type="stmt" count="5"/>
      <line num="333" type="stmt" count="1"/>
      <line num="336" type="stmt" count="4"/>
      <line num="342" type="method" name="beginTransactionReadwrite" visibility="public" complexity="4" crap="4" count="14"/>
      <line num="344" type="stmt" count="14"/>
      <line num="345" type="stmt" count="13"/>
      <line num="346" type="stmt" count="13"/>
      <line num="347" type="stmt" count="13"/>
      <line num="349" type="stmt" count="13"/>
      <line num="352" type="stmt" count="2"/>
      <line num="358" type="method" name="beginTransactionReadonly" visibility="public" complexity="4" crap="4" count="2"/>
      <line num="360" type="stmt" count="2"/>
      <line num="361" type="stmt" count="1"/>
      <line num="362" type="stmt" count="1"/>
      <line num="363" type="stmt" count="1"/>
      <line num="365" type="stmt" count="1"/>
      <line num="368" type="stmt" count="1"/>
      <line num="374" type="method" name="rollback" visibility="public" complexity="4" crap="4" count="13"/>
      <line num="379" type="stmt" count="13"/>
      <line num="380" type="stmt" count="12"/>
      <line num="382" type="stmt" count="12"/>
      <line num="385" type="stmt" count="1"/>
      <line num="391" type="method" name="commitAndRelease" visibility="public" complexity="4" crap="4" count="44"/>
      <line num="393" type="stmt" count="44"/>
      <line num="394" type="stmt" count="43"/>
      <line num="396" type="stmt" count="43"/>
      <line num="399" type="stmt" count="1"/>
      <line num="402" type="method" name="commit" visibility="public" complexity="4" crap="4" count="2"/>
      <line num="404" type="stmt" count="2"/>
      <line num="405" type="stmt" count="1"/>
      <line num="407" type="stmt" count="1"/>
      <line num="410" type="stmt" count="1"/>
      <line num="413" type="method" name="realConnect" visibility="public" complexity="4" crap="4" count="50"/>
      <line num="422" type="stmt" count="50"/>
      <line num="431" type="stmt" count="44"/>
      <line num="433" type="stmt" count="44"/>
      <line num="436" type="stmt" count="6"/>
      <line num="439" type="method" name="mysqliReport" visibility="public" complexity="1" crap="1" count="44"/>
      <line num="441" type="stmt" count="44"/>
      <line num="444" type="method" name="close" visibility="public" complexity="3" crap="3" count="51"/>
      <line num="446" type="stmt" count="51"/>
      <line num="447" type="stmt" count="50"/>
      <line num="451" type="stmt" count="44"/>
      <line num="452" type="stmt" count="44"/>
      <line num="455" type="stmt" count="50"/>
      <line num="457" type="stmt" count="50"/>
      <line num="460" type="stmt" count="1"/>
      <line num="463" type="method" name="getConnectErrno" visibility="public" complexity="2" crap="2" count="6"/>
      <line num="465" type="stmt" count="6"/>
      <line num="466" type="stmt" count="6"/>
      <line num="467" type="stmt" count="6"/>
      <line num="470" type="method" name="getConnectError" visibility="public" complexity="2" crap="2" count="6"/>
      <line num="472" type="stmt" count="6"/>
      <line num="473" type="stmt" count="6"/>
      <line num="474" type="stmt" count="6"/>
      <line num="477" type="method" name="isServerGone" visibility="public" complexity="1" crap="1" count="2"/>
      <line num="479" type="stmt" count="2"/>
      <line num="482" type="method" name="getError" visibility="public" complexity="2" crap="2" count="39"/>
      <line num="484" type="stmt" count="39"/>
      <line num="485" type="stmt" count="39"/>
      <line num="486" type="stmt" count="39"/>
      <line num="489" type="method" name="getErrNo" visibility="public" complexity="2" crap="2" count="39"/>
      <line num="491" type="stmt" count="39"/>
      <line num="492" type="stmt" count="39"/>
      <line num="493" type="stmt" count="39"/>
      <line num="496" type="method" name="getAffectedRows" visibility="public" complexity="4" crap="4" count="6"/>
      <line num="498" type="stmt" count="6"/>
      <line num="499" type="stmt" count="5"/>
      <line num="500" type="stmt" count="1"/>
      <line num="501" type="stmt" count="6"/>
      <line num="502" type="stmt" count="5"/>
      <line num="512" type="stmt" count="1"/>
      <line num="518" type="method" name="getInsertId" visibility="public" complexity="2" crap="2" count="5"/>
      <line num="520" type="stmt" count="5"/>
      <line num="521" type="stmt" count="5"/>
      <line num="522" type="stmt" count="5"/>
      <line num="525" type="method" name="autocommit" visibility="public" complexity="4" crap="4" count="45"/>
      <line num="527" type="stmt" count="45"/>
      <line num="528" type="stmt" count="44"/>
      <line num="533" type="stmt" count="1"/>
      <line num="536" type="stmt" count="44"/>
      <line num="539" type="stmt" count="1"/>
      <line num="546" type="method" name="extractServerResponse" visibility="public" complexity="3" crap="3" count="40"/>
      <line num="548" type="stmt" count="40"/>
      <line num="549" type="stmt" count="1"/>
      <line num="555" type="stmt" count="39"/>
      <line num="557" type="stmt" count="2"/>
      <line num="559" type="stmt" count="2"/>
      <line num="562" type="stmt" count="39"/>
      <line num="563" type="stmt" count="39"/>
      <line num="565" type="stmt" count="39"/>
      <line num="566" type="stmt" count="13"/>
      <line num="569" type="stmt" count="37"/>
      <line num="572" type="method" name="getWarnings" visibility="public" complexity="2" crap="2" count="2"/>
      <line num="574" type="stmt" count="2"/>
      <line num="575" type="stmt" count="1"/>
      <line num="576" type="stmt" count="1"/>
      <line num="578" type="stmt" count="1"/>
      <line num="579" type="stmt" count="1"/>
      <line num="581" type="stmt" count="1"/>
      <line num="584" type="stmt" count="1"/>
      <line num="592" type="method" name="getFieldCount" visibility="protected" complexity="2" crap="2" count="39"/>
      <line num="594" type="stmt" count="39"/>
      <line num="602" type="method" name="getWarningCount" visibility="protected" complexity="2" crap="2" count="39"/>
      <line num="604" type="stmt" count="39"/>
      <line num="605" type="stmt" count="39"/>
      <line num="606" type="stmt" count="39"/>
      <metrics loc="609" ncloc="408" classes="1" methods="30" coveredmethods="30" conditionals="0" coveredconditionals="0" statements="136" coveredstatements="136" elements="166" coveredelements="166"/>
    </file>
    <file name="/app/src/sql/MydbMysqli/MydbMysqliEscapeStringInterface.php">
      <metrics loc="27" ncloc="11" classes="0" methods="0" coveredmethods="0" conditionals="0" coveredconditionals="0" statements="0" coveredstatements="0" elements="0" coveredelements="0"/>
    </file>
    <file name="/app/src/sql/MydbMysqli/MydbMysqliResult.php">
      <class name="sql\MydbMysqli\MydbMysqliResult" namespace="global">
        <metrics complexity="13" methods="7" coveredmethods="7" conditionals="0" coveredconditionals="0" statements="16" coveredstatements="16" elements="23" coveredelements="23"/>
      </class>
      <line num="47" type="method" name="__construct" visibility="public" complexity="2" crap="2" count="42"/>
      <line num="49" type="stmt" count="42"/>
      <line num="50" type="stmt" count="37"/>
      <line num="51" type="stmt" count="37"/>
      <line num="54" type="stmt" count="42"/>
      <line num="55" type="stmt" count="42"/>
      <line num="58" type="method" name="getFieldCount" visibility="public" complexity="1" crap="1" count="37"/>
      <line num="60" type="stmt" count="37"/>
      <line num="66" type="method" name="getWarnings" visibility="public" complexity="1" crap="1" count="42"/>
      <line num="68" type="stmt" count="42"/>
      <line num="71" type="method" name="setErrorMessage" visibility="public" complexity="1" crap="1" count="3"/>
      <line num="73" type="stmt" count="3"/>
      <line num="76" type="method" name="setErrorNumber" visibility="public" complexity="1" crap="1" count="3"/>
      <line num="78" type="stmt" count="3"/>
      <line num="81" type="method" name="getError" visibility="public" complexity="6" crap="6" count="42"/>
      <line num="83" type="stmt" count="42"/>
      <line num="84" type="stmt" count="35"/>
      <line num="87" type="stmt" count="17"/>
      <line num="88" type="stmt" count="3"/>
      <line num="89" type="stmt" count="3"/>
      <line num="97" type="stmt" count="14"/>
      <line num="100" type="method" name="getResult" visibility="public" complexity="1" crap="1" count="37"/>
      <line num="102" type="stmt" count="37"/>
      <metrics loc="105" ncloc="77" classes="1" methods="7" coveredmethods="7" conditionals="0" coveredconditionals="0" statements="16" coveredstatements="16" elements="23" coveredelements="23"/>
    </file>
    <file name="/app/src/sql/MydbMysqli/MydbMysqliResultInterface.php">
      <metrics loc="48" ncloc="25" classes="0" methods="0" coveredmethods="0" conditionals="0" coveredconditionals="0" statements="0" coveredstatements="0" elements="0" coveredelements="0"/>
    </file>
    <file name="/app/src/sql/MydbMysqliInterface.php">
      <metrics loc="98" ncloc="75" classes="0" methods="0" coveredmethods="0" conditionals="0" coveredconditionals="0" statements="0" coveredstatements="0" elements="0" coveredelements="0"/>
    </file>
    <file name="/app/src/sql/MydbOptions.php">
      <class name="sql\MydbOptions" namespace="global">
        <metrics complexity="36" methods="28" coveredmethods="28" conditionals="0" coveredconditionals="0" statements="37" coveredstatements="37" elements="65" coveredelements="65"/>
      </class>
      <line num="189" type="method" name="getNonInteractiveTimeout" visibility="public" complexity="1" crap="1" count="45"/>
      <line num="191" type="stmt" count="45"/>
      <line num="194" type="method" name="setNonInteractiveTimeout" visibility="public" complexity="1" crap="1" count="1"/>
      <line num="196" type="stmt" count="1"/>
      <line num="199" type="method" name="getServerSideSelectTimeout" visibility="public" complexity="1" crap="1" count="51"/>
      <line num="201" type="stmt" count="51"/>
      <line num="204" type="method" name="setServerSideSelectTimeout" visibility="public" complexity="1" crap="1" count="1"/>
      <line num="206" type="stmt" count="1"/>
      <line num="209" type="method" name="getConnectTimeout" visibility="public" complexity="1" crap="1" count="50"/>
      <line num="211" type="stmt" count="50"/>
      <line num="214" type="method" name="setConnectTimeout" visibility="public" complexity="1" crap="1" count="8"/>
      <line num="216" type="stmt" count="8"/>
      <line num="219" type="method" name="getErrorReporting" visibility="public" complexity="1" crap="1" count="52"/>
      <line num="221" type="stmt" count="52"/>
      <line num="224" type="method" name="setErrorReporting" visibility="public" complexity="1" crap="1" count="1"/>
      <line num="226" type="stmt" count="1"/>
      <line num="229" type="method" name="getReadTimeout" visibility="public" complexity="1" crap="1" count="51"/>
      <line num="231" type="stmt" count="51"/>
      <line num="234" type="method" name="setReadTimeout" visibility="public" complexity="1" crap="1" count="1"/>
      <line num="236" type="stmt" count="1"/>
      <line num="239" type="method" name="getNetworkBufferSize" visibility="public" complexity="1" crap="1" count="51"/>
      <line num="241" type="stmt" count="51"/>
      <line num="248" type="method" name="setNetworkBufferSize" visibility="public" complexity="3" crap="3" count="3"/>
      <line num="250" type="stmt" count="3"/>
      <line num="251" type="stmt" count="2"/>
      <line num="253" type="stmt" count="1"/>
      <line num="256" type="method" name="getNetworkReadBuffer" visibility="public" complexity="1" crap="1" count="51"/>
      <line num="258" type="stmt" count="51"/>
      <line num="264" type="method" name="setNetworkReadBuffer" visibility="public" complexity="3" crap="3" count="3"/>
      <line num="266" type="stmt" count="3"/>
      <line num="267" type="stmt" count="2"/>
      <line num="269" type="stmt" count="1"/>
      <line num="272" type="method" name="getClientErrorLevel" visibility="public" complexity="1" crap="1" count="46"/>
      <line num="274" type="stmt" count="46"/>
      <line num="280" type="method" name="setClientErrorLevel" visibility="public" complexity="3" crap="3" count="3"/>
      <line num="282" type="stmt" count="3"/>
      <line num="283" type="stmt" count="2"/>
      <line num="285" type="stmt" count="1"/>
      <line num="288" type="method" name="getTimeZone" visibility="public" complexity="1" crap="1" count="45"/>
      <line num="290" type="stmt" count="45"/>
      <line num="293" type="method" name="setTimeZone" visibility="public" complexity="1" crap="1" count="1"/>
      <line num="295" type="stmt" count="1"/>
      <line num="298" type="method" name="isAutocommit" visibility="public" complexity="1" crap="1" count="47"/>
      <line num="300" type="stmt" count="47"/>
      <line num="303" type="method" name="setAutocommit" visibility="public" complexity="1" crap="1" count="1"/>
      <line num="305" type="stmt" count="1"/>
      <line num="308" type="method" name="getCharset" visibility="public" complexity="1" crap="1" count="45"/>
      <line num="310" type="stmt" count="45"/>
      <line num="313" type="method" name="setCharset" visibility="public" complexity="1" crap="1" count="1"/>
      <line num="315" type="stmt" count="1"/>
      <line num="318" type="method" name="isPersistent" visibility="public" complexity="1" crap="1" count="53"/>
      <line num="320" type="stmt" count="53"/>
      <line num="323" type="method" name="setPersistent" visibility="public" complexity="1" crap="1" count="1"/>
      <line num="325" type="stmt" count="1"/>
      <line num="328" type="method" name="isReadonly" visibility="public" complexity="1" crap="1" count="46"/>
      <line num="330" type="stmt" count="46"/>
      <line num="333" type="method" name="setReadonly" visibility="public" complexity="1" crap="1" count="2"/>
      <line num="335" type="stmt" count="2"/>
      <line num="338" type="method" name="getTransactionIsolationLevel" visibility="public" complexity="3" crap="3" count="45"/>
      <line num="340" type="stmt" count="45"/>
      <line num="341" type="stmt" count="45"/>
      <line num="345" type="stmt" count="1"/>
      <line num="348" type="stmt" count="44"/>
      <line num="351" type="method" name="setTransactionIsolationLevel" visibility="public" complexity="1" crap="1" count="2"/>
      <line num="353" type="stmt" count="2"/>
      <metrics loc="356" ncloc="206" classes="1" methods="28" coveredmethods="28" conditionals="0" coveredconditionals="0" statements="37" coveredstatements="37" elements="65" coveredelements="65"/>
    </file>
    <file name="/app/src/sql/MydbOptionsInterface.php">
      <metrics loc="90" ncloc="71" classes="0" methods="0" coveredmethods="0" conditionals="0" coveredconditionals="0" statements="0" coveredstatements="0" elements="0" coveredelements="0"/>
    </file>
    <file name="/app/src/sql/MydbQueryBuilder.php">
      <class name="sql\MydbQueryBuilder" namespace="global">
        <metrics complexity="69" methods="10" coveredmethods="10" conditionals="0" coveredconditionals="0" statements="114" coveredstatements="114" elements="124" coveredelements="124"/>
      </class>
      <line num="51" type="method" name="__construct" visibility="public" complexity="1" crap="1" count="176"/>
      <line num="53" type="stmt" count="176"/>
      <line num="59" type="method" name="showColumnsLike" visibility="public" complexity="3" crap="3" count="4"/>
      <line num="61" type="stmt" count="4"/>
      <line num="62" type="stmt" count="1"/>
      <line num="65" type="stmt" count="4"/>
      <line num="71" type="method" name="showKeys" visibility="public" complexity="2" crap="2" count="6"/>
      <line num="73" type="stmt" count="6"/>
      <line num="74" type="stmt" count="1"/>
      <line num="77" type="stmt" count="6"/>
      <line num="85" type="method" name="insertOne" visibility="public" complexity="4" crap="4" count="21"/>
      <line num="87" type="stmt" count="21"/>
      <line num="88" type="stmt" count="10"/>
      <line num="91" type="stmt" count="20"/>
      <line num="93" type="stmt" count="20"/>
      <line num="94" type="stmt" count="20"/>
      <line num="95" type="stmt" count="20"/>
      <line num="98" type="stmt" count="20"/>
      <line num="108" type="method" name="buildUpdateWhereMany" visibility="public" complexity="10" crap="10" count="10"/>
      <line num="110" type="stmt" count="10"/>
      <line num="111" type="stmt" count="1"/>
      <line num="114" type="stmt" count="9"/>
      <line num="119" type="stmt" count="9"/>
      <line num="123" type="stmt" count="9"/>
      <line num="124" type="stmt" count="2"/>
      <line num="129" type="stmt" count="7"/>
      <line num="131" type="stmt" count="7"/>
      <line num="132" type="stmt" count="7"/>
      <line num="133" type="stmt" count="4"/>
      <line num="136" type="stmt" count="3"/>
      <line num="137" type="stmt" count="3"/>
      <line num="142" type="stmt" count="3"/>
      <line num="143" type="stmt" count="3"/>
      <line num="149" type="stmt" count="3"/>
      <line num="152" type="stmt" count="3"/>
      <line num="154" type="stmt" count="3"/>
      <line num="155" type="stmt" count="3"/>
      <line num="158" type="stmt" count="3"/>
      <line num="165" type="method" name="buildUpdateWhere" visibility="public" complexity="6" crap="6" count="6"/>
      <line num="171" type="stmt" count="6"/>
      <line num="172" type="stmt" count="4"/>
      <line num="175" type="stmt" count="2"/>
      <line num="176" type="stmt" count="2"/>
      <line num="178" type="stmt" count="1"/>
      <line num="183" type="stmt" count="1"/>
      <line num="184" type="stmt" count="1"/>
      <line num="187" type="stmt" count="1"/>
      <line num="189" type="stmt" count="1"/>
      <line num="190" type="stmt" count="1"/>
      <line num="191" type="stmt" count="1"/>
      <line num="194" type="stmt" count="1"/>
      <line num="200" type="method" name="buildDeleteWhere" visibility="public" complexity="4" crap="4" count="2"/>
      <line num="202" type="stmt" count="2"/>
      <line num="203" type="stmt" count="1"/>
      <line num="206" type="stmt" count="1"/>
      <line num="209" type="stmt" count="1"/>
      <line num="217" type="method" name="buildWhere" visibility="public" complexity="15" crap="15" count="55"/>
      <line num="219" type="stmt" count="55"/>
      <line num="220" type="stmt" count="2"/>
      <line num="223" type="stmt" count="53"/>
      <line num="228" type="stmt" count="53"/>
      <line num="232" type="stmt" count="53"/>
      <line num="233" type="stmt" count="53"/>
      <line num="234" type="stmt" count="53"/>
      <line num="240" type="stmt" count="53"/>
      <line num="241" type="stmt" count="3"/>
      <line num="242" type="stmt" count="50"/>
      <line num="243" type="stmt" count="9"/>
      <line num="244" type="stmt" count="9"/>
      <line num="249" type="stmt" count="9"/>
      <line num="250" type="stmt" count="9"/>
      <line num="251" type="stmt" count="2"/>
      <line num="253" type="stmt" count="9"/>
      <line num="254" type="stmt" count="9"/>
      <line num="258" type="stmt" count="9"/>
      <line num="260" type="stmt" count="42"/>
      <line num="262" type="stmt" count="42"/>
      <line num="263" type="stmt" count="18"/>
      <line num="266" type="stmt" count="42"/>
      <line num="267" type="stmt" count="42"/>
      <line num="268" type="stmt" count="42"/>
      <line num="271" type="stmt" count="53"/>
      <line num="272" type="stmt" count="2"/>
      <line num="275" type="stmt" count="2"/>
      <line num="277" type="stmt" count="2"/>
      <line num="281" type="stmt" count="53"/>
      <line num="284" type="stmt" count="53"/>
      <line num="285" type="stmt" count="53"/>
      <line num="287" type="stmt" count="53"/>
      <line num="295" type="method" name="buildInsertMany" visibility="public" complexity="7" crap="7" count="2"/>
      <line num="297" type="stmt" count="2"/>
      <line num="298" type="stmt" count="1"/>
      <line num="305" type="stmt" count="1"/>
      <line num="306" type="stmt" count="1"/>
      <line num="312" type="stmt" count="1"/>
      <line num="317" type="stmt" count="1"/>
      <line num="321" type="stmt" count="1"/>
      <line num="324" type="stmt" count="1"/>
      <line num="326" type="stmt" count="1"/>
      <line num="327" type="stmt" count="1"/>
      <line num="329" type="stmt" count="1"/>
      <line num="330" type="stmt" count="1"/>
      <line num="333" type="stmt" count="1"/>
      <line num="343" type="method" name="escape" visibility="public" complexity="17" crap="17" count="85"/>
      <line num="345" type="stmt" count="85"/>
      <line num="346" type="stmt" count="16"/>
      <line num="349" type="stmt" count="73"/>
      <line num="350" type="stmt" count="38"/>
      <line num="356" type="stmt" count="60"/>
      <line num="357" type="stmt" count="4"/>
      <line num="358" type="stmt" count="2"/>
      <line num="362" type="stmt" count="60"/>
      <line num="366" type="stmt" count="10"/>
      <line num="367" type="stmt" count="9"/>
      <line num="374" type="stmt" count="2"/>
      <line num="375" type="stmt" count="2"/>
      <line num="379" type="stmt" count="58"/>
      <line num="380" type="stmt" count="3"/>
      <line num="383" type="stmt" count="58"/>
      <line num="384" type="stmt" count="57"/>
      <line num="387" type="stmt" count="9"/>
      <line num="388" type="stmt" count="9"/>
      <line num="389" type="stmt" count="1"/>
      <line num="392" type="stmt" count="8"/>
      <metrics loc="395" ncloc="283" classes="1" methods="10" coveredmethods="10" conditionals="0" coveredconditionals="0" statements="114" coveredstatements="114" elements="124" coveredelements="124"/>
    </file>
    <file name="/app/src/sql/MydbQueryBuilderInterface.php">
      <metrics loc="74" ncloc="35" classes="0" methods="0" coveredmethods="0" conditionals="0" coveredconditionals="0" statements="0" coveredstatements="0" elements="0" coveredelements="0"/>
    </file>
    <file name="/app/src/sql/MydbRegistry.php">
      <class name="sql\MydbRegistry" namespace="global">
        <metrics complexity="21" methods="15" coveredmethods="15" conditionals="0" coveredconditionals="0" statements="28" coveredstatements="28" elements="43" coveredelements="43"/>
      </class>
      <line num="51" type="method" name="serialize" visibility="public" complexity="1" crap="1" count="1"/>
      <line num="53" type="stmt" count="1"/>
      <line num="60" type="method" name="unserialize" visibility="public" complexity="1" crap="1" count="1"/>
      <line num="62" type="stmt" count="1"/>
      <line num="68" type="method" name="current" visibility="public" complexity="2" crap="2" count="92"/>
      <line num="70" type="stmt" count="92"/>
      <line num="71" type="stmt" count="92"/>
      <line num="72" type="stmt" count="1"/>
      <line num="75" type="stmt" count="91"/>
      <line num="81" type="method" name="key" visibility="public" complexity="2" crap="2" count="92"/>
      <line num="83" type="stmt" count="92"/>
      <line num="84" type="stmt" count="92"/>
      <line num="85" type="stmt" count="1"/>
      <line num="88" type="stmt" count="91"/>
      <line num="94" type="method" name="next" visibility="public" complexity="1" crap="1" count="91"/>
      <line num="96" type="stmt" count="91"/>
      <line num="102" type="method" name="rewind" visibility="public" complexity="1" crap="1" count="91"/>
      <line num="104" type="stmt" count="91"/>
      <line num="112" type="method" name="valid" visibility="public" complexity="1" crap="1" count="91"/>
      <line num="114" type="stmt" count="91"/>
      <line num="117" type="method" name="count" visibility="public" complexity="1" crap="1" count="131"/>
      <line num="119" type="stmt" count="131"/>
      <line num="129" type="method" name="offsetExists" visibility="public" complexity="1" crap="1" count="93"/>
      <line num="131" type="stmt" count="93"/>
      <line num="141" type="method" name="offsetGet" visibility="public" complexity="2" crap="2" count="92"/>
      <line num="143" type="stmt" count="92"/>
      <line num="144" type="stmt" count="91"/>
      <line num="147" type="stmt" count="1"/>
      <line num="158" type="method" name="offsetSet" visibility="public" complexity="3" crap="3" count="92"/>
      <line num="160" type="stmt" count="92"/>
      <line num="161" type="stmt" count="91"/>
      <line num="163" type="stmt" count="91"/>
      <line num="166" type="stmt" count="1"/>
      <line num="175" type="method" name="offsetUnset" visibility="public" complexity="2" crap="2" count="92"/>
      <line num="177" type="stmt" count="92"/>
      <line num="178" type="stmt" count="1"/>
      <line num="181" type="stmt" count="91"/>
      <line num="187" type="method" name="__clone" visibility="public" complexity="1" crap="1" count="1"/>
      <line num="189" type="stmt" count="1"/>
      <line num="195" type="method" name="__serialize" visibility="public" complexity="1" crap="1" count="1"/>
      <line num="197" type="stmt" count="1"/>
      <line num="203" type="method" name="__unserialize" visibility="public" complexity="1" crap="1" count="1"/>
      <line num="205" type="stmt" count="1"/>
      <metrics loc="208" ncloc="124" classes="1" methods="15" coveredmethods="15" conditionals="0" coveredconditionals="0" statements="28" coveredstatements="28" elements="43" coveredelements="43"/>
    </file>
    <file name="/app/src/sql/MydbRepository.php">
      <class name="sql\MydbRepository" namespace="global">
        <metrics complexity="2" methods="2" coveredmethods="2" conditionals="0" coveredconditionals="0" statements="2" coveredstatements="2" elements="4" coveredelements="4"/>
      </class>
      <line num="25" type="method" name="__construct" visibility="public" complexity="1" crap="1" count="1"/>
      <line num="27" type="stmt" count="1"/>
      <line num="30" type="method" name="getDatabase" visibility="public" complexity="1" crap="1" count="1"/>
      <line num="32" type="stmt" count="1"/>
      <metrics loc="35" ncloc="24" classes="1" methods="2" coveredmethods="2" conditionals="0" coveredconditionals="0" statements="2" coveredstatements="2" elements="4" coveredelements="4"/>
    </file>
    <file name="/app/src/sql/MydbRepositoryInterface.php">
      <metrics loc="22" ncloc="11" classes="0" methods="0" coveredmethods="0" conditionals="0" coveredconditionals="0" statements="0" coveredstatements="0" elements="0" coveredelements="0"/>
    </file>
    <metrics files="61" loc="5023" ncloc="3007" classes="20" methods="168" coveredmethods="168" conditionals="0" coveredconditionals="0" statements="659" coveredstatements="659" elements="827" coveredelements="827"/>
  </project>
</coverage>
